#
# A fatal error has been detected by the Java Runtime Environment:
#
#  EXCEPTION_ACCESS_VIOLATION (0xc0000005) at pc=0x00007ff8ca99c321, pid=1976, tid=14180
#
# JRE version: Java(TM) SE Runtime Environment 18.9 (11.0.22+9) (build 11.0.22+9-LTS-219)
# Java VM: Java HotSpot(TM) 64-Bit Server VM 18.9 (11.0.22+9-LTS-219, mixed mode, tiered, compressed oops, g1 gc, windows-amd64)
# Problematic frame:
# V  [jvm.dll+0x36c321]
#
# No core dump will be written. Minidumps are not enabled by default on client versions of Windows
#
# If you would like to submit a bug report, please visit:
#   https://bugreport.java.com/bugreport/crash.jsp
#

---------------  S U M M A R Y ------------

Command Line: -Dmaven.multiModuleProjectDirectory=C:\Users\rsaintpaul\IdeaProjects\vertigo-bot-factory -Djansi.passthrough=true -Dmaven.home=C:\Users\rsaintpaul\AppData\Local\JetBrains\IntelliJ IDEA 2024.1\plugins\maven\lib\maven3 -Dclassworlds.conf=C:\Users\rsaintpaul\AppData\Local\JetBrains\IntelliJ IDEA 2024.1\plugins\maven\lib\maven3\bin\m2.conf -Dmaven.ext.class.path=C:\Users\rsaintpaul\AppData\Local\JetBrains\IntelliJ IDEA 2024.1\plugins\maven\lib\maven-event-listener.jar -javaagent:C:\Users\rsaintpaul\AppData\Local\JetBrains\IntelliJ IDEA 2024.1\lib\idea_rt.jar=55946:C:\Users\rsaintpaul\AppData\Local\JetBrains\IntelliJ IDEA 2024.1\bin -Dfile.encoding=UTF-8 org.codehaus.classworlds.Launcher -Didea.version=2024.1 install

Host: Intel(R) Core(TM) i5-10310U CPU @ 1.70GHz, 8 cores, 15G,  Windows 11 , 64 bit Build 22621 (10.0.22621.3527)
Time: Tue Jun  4 15:33:00 2024 Paris, Madrid (heure duild 22621 (10.0.22621.3527) elapsed time: 28.382925 seconds (0d 0h 0m 28s)

---------------  T H R E A D  ---------------

Current thread (0x000002634a6a0000):  JavaThread "C2 CompilerThread1" daemon [_thread_in_native, id=14180, stack(0x0000006594700000,0x0000006594800000)]


Current CompileTask:
C2:  28383 11766       4       jdk.nio.zipfs.ZipFileSystem::initCEN (440 bytes)

Stack: [0x0000006594700000,0x0000006594800000],  sp=0x00000065947fbcd0,  free space=1007k
Native frames: (J=compiled Java code, j=interpreted, Vv=VM code, C=native code)
V  [jvm.dll+0x36c321]
V  [jvm.dll+0x553d29]
V  [jvm.dll+0x1a2189]
V  [jvm.dll+0x2114ad]
V  [jvm.dll+0x210328]
V  [jvm.dll+0x18c3b1]
V  [jvm.dll+0x2205b9]
V  [jvm.dll+0x21e8dc]
V  [jvm.dll+0x767401]
V  [jvm.dll+0x75fc84]
V  [jvm.dll+0x65f405]
C  [ucrtbase.dll+0x29333]
C  [KERNEL32.DLL+0x1257d]
C  [ntdll.dll+0x5aa48]


siginfo: EXCEPTION_ACCESS_VIOLATION (0xc0000005), writing address 0x0000000000000000


Register to memory mapping:

RIP=0x00007ff8ca99c321 jvm.dll
RAX=0x00000065947fe7b0 is pointing into the stack for thread: 0x000002634a6a0000
RBX=0x0 is NULL
RCX=0x0000026344e2b100 points into unknown readable memory: 0x0000026344e2b0a0 | a0 b0 e2 44 63 02 00 00
RDX=0x0000000000000003 is an unknown value
RSP=0x00000065947fbcd0 is pointing into the stack for thread: 0x000002634a6a0000
RBP=0x000002634281d270 points into unknown readable memory: 0x0000000000000000 | 00 00 00 00 00 00 00 00
RSI=0x0000000000001650 is an unknown value
RDI=0x000002634957d8b0 points into unknown readable memory: 0x0000000000000000 | 00 00 00 00 00 00 00 00
R8 =0x0000000000000001 is an unknown value
R9 =0x00000065947fbd48 is pointing into the stack for thread: 0x000002634a6a0000
R10=0x00007ff8cb0cc870 jvm.dll
R11=0x00000065947fbd08 is pointing into the stack for thread: 0x000002634a6a0000
R12=0x0000026347e67190 points into unknown readable memory: 0x0000026349578800 | 00 88 57 49 63 02 00 00
R13=0x000002634944acd0 points into unknown readable memory: 0x0000000000000006 | 06 00 00 00 00 00 00 00
R14=0x0000000000000010 is an unknown value
R15=0x0000000000000008 is an unknown value


Registers:
RAX=0x00000065947fe7b0, RBX=0x0000000000000000, RCX=0x0000026344e2b100, RDX=0x0000000000000003
RSP=0x00000065947fbcd0, RBP=0x000002634281d270, RSI=0x0000000000001650, RDI=0x000002634957d8b0
R8 =0x0000000000000001, R9 =0x00000065947fbd48, R10=0x00007ff8cb0cc870, R11=0x00000065947fbd08
R12=0x0000026347e67190, R13=0x000002634944acd0, R14=0x0000000000000010, R15=0x0000000000000008
RIP=0x00007ff8ca99c321, EFLAGS=0x0000000000010202

Top of Stack: (sp=0x00000065947fbcd0)
0x00000065947fbcd0:   0000000000000000 0000026342bfe9d0
0x00000065947fbce0:   00000000000000a0 0000000000000001
0x00000065947fbcf0:   000002634281d278 0000026342bfe9d0
0x00000065947fbd00:   00000000000002ca 00007ff8cab83d29
0x00000065947fbd10:   00000065947fbf20 0000000000000081
0x00000065947fbd20:   000002634957d8b0 00000065947fbd48
0x00000065947fbd30:   0000026342bfe9d0 000002634281d278
0x00000065947fbd40:   000002634281d280 00007ff8caf29d40
0x00000065947fbd50:   000002634944acd0 0000006500000080
0x00000065947fbd60:   000002634abe54a0 000002634944acd0
0x00000065947fbd70:   0000026347e67190 00000000002ebaa8
0x00000065947fbd80:   0000026347e6a580 0000026347e6f178
0x00000065947fbd90:   000000000019de80 00000263422fb6a0
0x00000065947fbda0:   00000000000003d8 00000263422fba88
0x00000065947fbdb0:   00000263422fb6b0 00000065947fc348
0x00000065947fbdc0:   0000000000000000 00000065947fbee0 

Instructions: (pc=0x00007ff8ca99c321)
0x00007ff8ca99c301:   00 41 bf 08 00 00 00 49 8b 04 2f 48 8b 88 f0 04
0x00007ff8ca99c311:   00 00 48 8b 81 80 00 00 00 48 8b 88 98 08 00 00
0x00007ff8ca99c321:   48 89 0b 41 80 3c 2e 00 75 05 e8 88 8e 46 00 49
0x00007ff8ca99c331:   8b 04 2f 48 8b 6c 24 48 48 8b 88 f0 04 00 00 48 


Stack slot to memory mapping:
stack at sp + 0 slots: 0x0 is NULL
stack at sp + 1 slots: 0x0000026342bfe9d0 points into unknown readable memory: 0x00007ff800000000 | 00 00 00 00 f8 7f 00 00
stack at sp + 2 slots: 0x00000000000000a0 is an unknown value
stack at sp + 3 slots: 0x0000000000000001 is an unknown value
stack at sp + 4 slots: 0x000002634281d278 points into unknown readable memory: 0x000002634a6a0000 | 00 00 6a 4a 63 02 00 00
stack at sp + 5 slots: 0x0000026342bfe9d0 points into unknown readable memory: 0x00007ff800000000 | 00 00 00 00 f8 7f 00 00
stack at sp + 6 slots: 0x00000000000002ca is an unknown value
stack at sp + 7 slots: 0x00007ff8cab83d29 jvm.dll


---------------  P R O C E S S  ---------------

Threads class SMR info:
_java_thread_list=0x0000026345e890a0, length=13, elements={
0x000002631eccf000, 0x000002634185c000, 0x0000026341865000, 0x000002634186d800,
0x0000026342159800, 0x000002634215a000, 0x000002634215e000, 0x0000026342161800,
0x0000026342162800, 0x00000263420f0800, 0x00000263425a4800, 0x000002634a6a0000,
0x0000026344e2f800
}

Java Threads: ( => current thread )
  0x000002631eccf000 JavaThread "main" [_thread_in_native, id=12496, stack(0x0000006593400000,0x0000006593500000)]
  0x000002634185c000 JavaThread "Reference Handler" daemon [_thread_blocked, id=15932, stack(0x0000006593b00000,0x0000006593c00000)]
  0x0000026341865000 JavaThread "Finalizer" daemon [_thread_blocked, id=13556, stack(0x0000006593c00000,0x0000006593d00000)]
  0x000002634186d800 JavaThread "Signal Dispatcher" daemon [_thread_blocked, id=12368, stack(0x0000006593d00000,0x0000006593e00000)]
  0x0000026342159800 JavaThread "Attach Listener" daemon [_thread_blocked, id=10344, stack(0x0000006593e00000,0x0000006593f00000)]
  0x000002634215a000 JavaThread "Service Thread" daemon [_thread_blocked, id=10700, stack(0x0000006593f00000,0x0000006594000000)]
  0x000002634215e000 JavaThread "C2 CompilerThread0" daemon [_thread_in_native, id=16120, stack(0x0000006594000000,0x0000006594100000)]
  0x0000026342161800 JavaThread "C1 CompilerThread0" daemon [_thread_blocked, id=10744, stack(0x0000006594100000,0x0000006594200000)]
  0x0000026342162800 JavaThread "Sweeper thread" daemon [_thread_blocked, id=7064, stack(0x0000006594200000,0x0000006594300000)]
  0x00000263420f0800 JavaThread "Common-Cleaner" daemon [_thread_blocked, id=16220, stack(0x0000006594300000,0x0000006594400000)]
  0x00000263425a4800 JavaThread "Monitor Ctrl-Break" daemon [_thread_in_native, id=7112, stack(0x0000006594500000,0x0000006594600000)]
=>0x000002634a6a0000 JavaThread "C2 CompilerThread1" daemon [_thread_in_native, id=14180, stack(0x0000006594700000,0x0000006594800000)]
  0x0000026344e2f800 JavaThread "C2 CompilerThread2" daemon [_thread_in_native, id=10568, stack(0x0000006594f00000,0x0000006595000000)]

Other Threads:
  0x000002634185a000 VMThread "VM Thread" [stack: 0x0000006593a00000,0x0000006593b00000] [id=11436]
  0x00000263425ab000 WatcherThread [stack: 0x0000006594600000,0x0000006594700000] [id=10860]
  0x000002631ece5000 GCTaskThread "GC Thread#0" [stack: 0x0000006593500000,0x0000006593600000] [id=3740]
  0x0000026343340800 GCTaskThread "GC Thread#1" [stack: 0x0000006594800000,0x0000006594900000] [id=10164]
  0x0000026342d5c000 GCTaskThread "GC Thread#2" [stack: 0x0000006594900000,0x0000006594a00000] [id=14128]
  0x0000026343349800 GCTaskThread "GC Thread#3" [stack: 0x0000006594a00000,0x0000006594b00000] [id=5740]
  0x000002634334a000 GCTaskThread "GC Thread#4" [stack: 0x0000006594b00000,0x0000006594c00000] [id=4080]
  0x00000263428c8000 GCTaskThread "GC Thread#5" [stack: 0x0000006594c00000,0x0000006594d00000] [id=5072]
  0x00000263443f3800 GCTaskThread "GC Thread#6" [stack: 0x0000006594400000,0x0000006594500000] [id=11416]
  0x000002634ad03000 GCTaskThread "GC Thread#7" [stack: 0x0000006595400000,0x0000006595500000] [id=16104]
  0x000002631ed42800 ConcurrentGCThread "G1 Main Marker" [stack: 0x0000006593600000,0x0000006593700000] [id=11304]
  0x000002631ed43800 ConcurrentGCThread "G1 Conc#0" [stack: 0x0000006593700000,0x0000006593800000] [id=4804]
  0x0000026343638800 ConcurrentGCThread "G1 Conc#1" [stack: 0x0000006594d00000,0x0000006594e00000] [id=3596]
  0x0000026341734800 ConcurrentGCThread "G1 Refine#0" [stack: 0x0000006593800000,0x0000006593900000] [id=7868]
  0x0000026344e94000 ConcurrentGCThread "G1 Refine#1" [stack: 0x0000006594e00000,0x0000006594f00000] [id=3116]
  0x00000263478fe000 ConcurrentGCThread "G1 Refine#2" [stack: 0x0000006595000000,0x0000006595100000] [id=3916]
  0x0000026346baf800 ConcurrentGCThread "G1 Refine#3" [stack: 0x0000006595100000,0x0000006595200000] [id=3192]
  0x0000026348dca800 ConcurrentGCThread "G1 Refine#4" [stack: 0x0000006595200000,0x0000006595300000] [id=5820]
  0x00000263486b7000 ConcurrentGCThread "G1 Refine#5" [stack: 0x0000006595300000,0x0000006595400000] [id=15528]
  0x0000026346913000 ConcurrentGCThread "G1 Refine#6" [stack: 0x0000006595500000,0x0000006595600000] [id=8368]
  0x0000026341735800 ConcurrentGCThread "G1 Young RemSet Sampling" [stack: 0x0000006593900000,0x0000006593a00000] [id=9680]

Threads with active compile tasks:
C2 CompilerThread0    28490 11828       4       com.sun.tools.javac.comp.Check::checkMethod (612 bytes)
C2 CompilerThread1    28491 11766       4       jdk.nio.zipfs.ZipFileSystem::initCEN (440 bytes)
C2 CompilerThread2    28491 11829       4       com.sun.tools.javac.comp.Resolve$AbstractMethodCheck::argumentsAcceptable (288 bytes)

VM state:not at safepoint (normal execution)

VM Mutex/Monitor currently owned by a thread: None

Heap address: 0x0000000703c00000, size: 4036 MB, Compressed Oops mode: Zero based, Oop shift amount: 3
Narrow klass base: 0x0000000800000000, Narrow klass shift: 0
Compressed class space size: 1073741824 Address: 0x0000000800000000

Heap:
 garbage-first heap   total 374784K, used 209756K [0x0000000703c00000, 0x0000000800000000)
  region size 1024K, 104 young (106496K), 2 survivors (2048K)
 Metaspace       used 45560K, capacity 46735K, committed 47100K, reserved 1091584K
  class space    used 4680K, capacity 5131K, committed 5248K, reserved 1048576K
Heap Regions: E=young(eden), S=young(survivor), O=old, HS=humongous(starts), HC=humongous(continues), CS=collection set, F=free, A=archive, TAMS=top-at-mark-start (previous, next)
|   0|0x0000000703c00000, 0x0000000703d00000, 0x0000000703d00000|100%| O|  |TAMS 0x0000000703d00000, 0x0000000703c00000| Untracked 
|   1|0x0000000703d00000, 0x0000000703e00000, 0x0000000703e00000|100%| O|  |TAMS 0x0000000703e00000, 0x0000000703d00000| Untracked 
|   2|0x0000000703e00000, 0x0000000703f00000, 0x0000000703f00000|100%| O|  |TAMS 0x0000000703f00000, 0x0000000703e00000| Untracked 
|   3|0x0000000703f00000, 0x0000000704000000, 0x0000000704000000|100%| O|  |TAMS 0x0000000704000000, 0x0000000703f00000| Untracked 
|   4|0x0000000704000000, 0x0000000704100000, 0x0000000704100000|100%| O|  |TAMS 0x0000000704100000, 0x0000000704000000| Untracked 
|   5|0x0000000704100000, 0x0000000704200000, 0x0000000704200000|100%| O|  |TAMS 0x0000000704200000, 0x0000000704100000| Untracked 
|   6|0x0000000704200000, 0x0000000704300000, 0x0000000704300000|100%| O|  |TAMS 0x0000000704300000, 0x0000000704200000| Untracked 
|   7|0x0000000704300000, 0x0000000704400000, 0x0000000704400000|100%| O|  |TAMS 0x0000000704400000, 0x0000000704300000| Untracked 
|   8|0x0000000704400000, 0x0000000704500000, 0x0000000704500000|100%| O|  |TAMS 0x0000000704500000, 0x0000000704400000| Untracked 
|   9|0x0000000704500000, 0x0000000704600000, 0x0000000704600000|100%| O|  |TAMS 0x0000000704600000, 0x0000000704500000| Untracked 
|  10|0x0000000704600000, 0x0000000704700000, 0x0000000704700000|100%| O|  |TAMS 0x0000000704700000, 0x0000000704600000| Untracked 
|  11|0x0000000704700000, 0x0000000704800000, 0x0000000704800000|100%| O|  |TAMS 0x0000000704800000, 0x0000000704700000| Untracked 
|  12|0x0000000704800000, 0x0000000704900000, 0x0000000704900000|100%| O|  |TAMS 0x0000000704900000, 0x0000000704800000| Untracked 
|  13|0x0000000704900000, 0x0000000704a00000, 0x0000000704a00000|100%| O|  |TAMS 0x0000000704a00000, 0x0000000704900000| Untracked 
|  14|0x0000000704a00000, 0x0000000704b00000, 0x0000000704b00000|100%| O|  |TAMS 0x0000000704b00000, 0x0000000704a00000| Untracked 
|  15|0x0000000704b00000, 0x0000000704c00000, 0x0000000704c00000|100%| O|  |TAMS 0x0000000704c00000, 0x0000000704b00000| Untracked 
|  16|0x0000000704c00000, 0x0000000704d00000, 0x0000000704d00000|100%| O|  |TAMS 0x0000000704d00000, 0x0000000704c00000| Untracked 
|  17|0x0000000704d00000, 0x0000000704e00000, 0x0000000704e00000|100%| O|  |TAMS 0x0000000704e00000, 0x0000000704d00000| Untracked 
|  18|0x0000000704e00000, 0x0000000704f00000, 0x0000000704f00000|100%| O|  |TAMS 0x0000000704f00000, 0x0000000704e00000| Untracked 
|  19|0x0000000704f00000, 0x0000000705000000, 0x0000000705000000|100%| O|  |TAMS 0x0000000705000000, 0x0000000704f00000| Untracked 
|  20|0x0000000705000000, 0x0000000705100000, 0x0000000705100000|100%| O|  |TAMS 0x0000000705100000, 0x0000000705000000| Untracked 
|  21|0x0000000705100000, 0x0000000705200000, 0x0000000705200000|100%| O|  |TAMS 0x0000000705200000, 0x0000000705100000| Untracked 
|  22|0x0000000705200000, 0x0000000705300000, 0x0000000705300000|100%| O|  |TAMS 0x0000000705300000, 0x0000000705200000| Untracked 
|  23|0x0000000705300000, 0x0000000705400000, 0x0000000705400000|100%| O|  |TAMS 0x0000000705400000, 0x0000000705300000| Untracked 
|  24|0x0000000705400000, 0x0000000705500000, 0x0000000705500000|100%| O|  |TAMS 0x0000000705500000, 0x0000000705400000| Untracked 
|  25|0x0000000705500000, 0x0000000705600000, 0x0000000705600000|100%| O|  |TAMS 0x0000000705600000, 0x0000000705500000| Untracked 
|  26|0x0000000705600000, 0x0000000705700000, 0x0000000705700000|100%| O|  |TAMS 0x0000000705700000, 0x0000000705600000| Untracked 
|  27|0x0000000705700000, 0x0000000705800000, 0x0000000705800000|100%| O|  |TAMS 0x0000000705800000, 0x0000000705700000| Untracked 
|  28|0x0000000705800000, 0x0000000705900000, 0x0000000705900000|100%| O|  |TAMS 0x0000000705900000, 0x0000000705800000| Untracked 
|  29|0x0000000705900000, 0x0000000705a00000, 0x0000000705a00000|100%| O|  |TAMS 0x0000000705a00000, 0x0000000705900000| Untracked 
|  30|0x0000000705a00000, 0x0000000705b00000, 0x0000000705b00000|100%| O|  |TAMS 0x0000000705b00000, 0x0000000705a00000| Untracked 
|  31|0x0000000705b00000, 0x0000000705c00000, 0x0000000705c00000|100%| O|  |TAMS 0x0000000705c00000, 0x0000000705b00000| Untracked 
|  32|0x0000000705c00000, 0x0000000705d00000, 0x0000000705d00000|100%| O|  |TAMS 0x0000000705d00000, 0x0000000705c00000| Untracked 
|  33|0x0000000705d00000, 0x0000000705e00000, 0x0000000705e00000|100%| O|  |TAMS 0x0000000705e00000, 0x0000000705d00000| Untracked 
|  34|0x0000000705e00000, 0x0000000705f00000, 0x0000000705f00000|100%| O|  |TAMS 0x0000000705f00000, 0x0000000705e00000| Untracked 
|  35|0x0000000705f00000, 0x0000000706000000, 0x0000000706000000|100%| O|  |TAMS 0x0000000706000000, 0x0000000705f00000| Untracked 
|  36|0x0000000706000000, 0x0000000706100000, 0x0000000706100000|100%| O|  |TAMS 0x0000000706100000, 0x0000000706000000| Untracked 
|  37|0x0000000706100000, 0x0000000706200000, 0x0000000706200000|100%| O|  |TAMS 0x0000000706200000, 0x0000000706100000| Untracked 
|  38|0x0000000706200000, 0x0000000706300000, 0x0000000706300000|100%| O|  |TAMS 0x0000000706300000, 0x0000000706200000| Untracked 
|  39|0x0000000706300000, 0x0000000706300000, 0x0000000706400000|  0%| F|  |TAMS 0x0000000706300000, 0x0000000706300000| Untracked 
|  40|0x0000000706400000, 0x0000000706500000, 0x0000000706500000|100%| O|  |TAMS 0x0000000706400000, 0x0000000706400000| Untracked 
|  41|0x0000000706500000, 0x0000000706600000, 0x0000000706600000|100%| O|  |TAMS 0x0000000706500000, 0x0000000706500000| Untracked 
|  42|0x0000000706600000, 0x0000000706700000, 0x0000000706700000|100%| O|  |TAMS 0x0000000706700000, 0x0000000706600000| Untracked 
|  43|0x0000000706700000, 0x0000000706800000, 0x0000000706800000|100%| O|  |TAMS 0x0000000706800000, 0x0000000706700000| Untracked 
|  44|0x0000000706800000, 0x0000000706900000, 0x0000000706900000|100%| O|  |TAMS 0x0000000706900000, 0x0000000706800000| Untracked 
|  45|0x0000000706900000, 0x0000000706a00000, 0x0000000706a00000|100%| O|  |TAMS 0x0000000706a00000, 0x0000000706900000| Untracked 
|  46|0x0000000706a00000, 0x0000000706b00000, 0x0000000706b00000|100%| O|  |TAMS 0x0000000706b00000, 0x0000000706a00000| Untracked 
|  47|0x0000000706b00000, 0x0000000706b00000, 0x0000000706c00000|  0%| F|  |TAMS 0x0000000706b00000, 0x0000000706b00000| Untracked 
|  48|0x0000000706c00000, 0x0000000706d00000, 0x0000000706d00000|100%| O|  |TAMS 0x0000000706d00000, 0x0000000706c00000| Untracked 
|  49|0x0000000706d00000, 0x0000000706e00000, 0x0000000706e00000|100%| O|  |TAMS 0x0000000706e00000, 0x0000000706d00000| Untracked 
|  50|0x0000000706e00000, 0x0000000706f00000, 0x0000000706f00000|100%| O|  |TAMS 0x0000000706f00000, 0x0000000706e00000| Untracked 
|  51|0x0000000706f00000, 0x0000000706f00000, 0x0000000707000000|  0%| F|  |TAMS 0x0000000706f00000, 0x0000000706f00000| Untracked 
|  52|0x0000000707000000, 0x0000000707100000, 0x0000000707100000|100%| O|  |TAMS 0x0000000707100000, 0x0000000707000000| Untracked 
|  53|0x0000000707100000, 0x0000000707200000, 0x0000000707200000|100%| O|  |TAMS 0x0000000707200000, 0x0000000707100000| Untracked 
|  54|0x0000000707200000, 0x0000000707300000, 0x0000000707300000|100%| O|  |TAMS 0x0000000707300000, 0x0000000707200000| Untracked 
|  55|0x0000000707300000, 0x0000000707400000, 0x0000000707400000|100%| O|  |TAMS 0x0000000707400000, 0x0000000707300000| Untracked 
|  56|0x0000000707400000, 0x0000000707400000, 0x0000000707500000|  0%| F|  |TAMS 0x0000000707400000, 0x0000000707400000| Untracked 
|  57|0x0000000707500000, 0x0000000707600000, 0x0000000707600000|100%| O|  |TAMS 0x0000000707600000, 0x0000000707500000| Untracked 
|  58|0x0000000707600000, 0x0000000707700000, 0x0000000707700000|100%| O|  |TAMS 0x0000000707700000, 0x0000000707600000| Untracked 
|  59|0x0000000707700000, 0x0000000707800000, 0x0000000707800000|100%| O|  |TAMS 0x0000000707800000, 0x0000000707700000| Untracked 
|  60|0x0000000707800000, 0x0000000707900000, 0x0000000707900000|100%| O|  |TAMS 0x0000000707900000, 0x0000000707800000| Untracked 
|  61|0x0000000707900000, 0x0000000707a00000, 0x0000000707a00000|100%| O|  |TAMS 0x0000000707a00000, 0x0000000707900000| Untracked 
|  62|0x0000000707a00000, 0x0000000707b00000, 0x0000000707b00000|100%| O|  |TAMS 0x0000000707b00000, 0x0000000707a00000| Untracked 
|  63|0x0000000707b00000, 0x0000000707c00000, 0x0000000707c00000|100%| O|  |TAMS 0x0000000707c00000, 0x0000000707b00000| Untracked 
|  64|0x0000000707c00000, 0x0000000707d00000, 0x0000000707d00000|100%| O|  |TAMS 0x0000000707d00000, 0x0000000707c00000| Untracked 
|  65|0x0000000707d00000, 0x0000000707e00000, 0x0000000707e00000|100%| O|  |TAMS 0x0000000707e00000, 0x0000000707d00000| Untracked 
|  66|0x0000000707e00000, 0x0000000707f00000, 0x0000000707f00000|100%| O|  |TAMS 0x0000000707f00000, 0x0000000707e00000| Untracked 
|  67|0x0000000707f00000, 0x0000000708000000, 0x0000000708000000|100%| O|  |TAMS 0x0000000708000000, 0x0000000707f00000| Untracked 
|  68|0x0000000708000000, 0x0000000708100000, 0x0000000708100000|100%| O|  |TAMS 0x0000000708100000, 0x0000000708000000| Untracked 
|  69|0x0000000708100000, 0x0000000708200000, 0x0000000708200000|100%| O|  |TAMS 0x0000000708200000, 0x0000000708100000| Untracked 
|  70|0x0000000708200000, 0x0000000708300000, 0x0000000708300000|100%| O|  |TAMS 0x0000000708300000, 0x0000000708200000| Untracked 
|  71|0x0000000708300000, 0x0000000708400000, 0x0000000708400000|100%| O|  |TAMS 0x0000000708400000, 0x0000000708300000| Untracked 
|  72|0x0000000708400000, 0x0000000708500000, 0x0000000708500000|100%| O|  |TAMS 0x0000000708500000, 0x0000000708400000| Untracked 
|  73|0x0000000708500000, 0x0000000708500000, 0x0000000708600000|  0%| F|  |TAMS 0x0000000708500000, 0x0000000708500000| Untracked 
|  74|0x0000000708600000, 0x0000000708600000, 0x0000000708700000|  0%| F|  |TAMS 0x0000000708600000, 0x0000000708600000| Untracked 
|  75|0x0000000708700000, 0x0000000708800000, 0x0000000708800000|100%| O|  |TAMS 0x0000000708800000, 0x0000000708700000| Untracked 
|  76|0x0000000708800000, 0x0000000708900000, 0x0000000708900000|100%| O|  |TAMS 0x0000000708900000, 0x0000000708800000| Untracked 
|  77|0x0000000708900000, 0x0000000708a00000, 0x0000000708a00000|100%| O|  |TAMS 0x0000000708a00000, 0x0000000708900000| Untracked 
|  78|0x0000000708a00000, 0x0000000708b00000, 0x0000000708b00000|100%| O|  |TAMS 0x0000000708b00000, 0x0000000708a00000| Untracked 
|  79|0x0000000708b00000, 0x0000000708c00000, 0x0000000708c00000|100%| O|  |TAMS 0x0000000708c00000, 0x0000000708b00000| Untracked 
|  80|0x0000000708c00000, 0x0000000708d00000, 0x0000000708d00000|100%| O|  |TAMS 0x0000000708cb9c00, 0x0000000708c00000| Untracked 
|  81|0x0000000708d00000, 0x0000000708e00000, 0x0000000708e00000|100%|HS|  |TAMS 0x0000000708e00000, 0x0000000708d00000| Complete 
|  82|0x0000000708e00000, 0x0000000708f00000, 0x0000000708f00000|100%|HC|  |TAMS 0x0000000708f00000, 0x0000000708e00000| Complete 
|  83|0x0000000708f00000, 0x0000000709000000, 0x0000000709000000|100%|HC|  |TAMS 0x0000000709000000, 0x0000000708f00000| Complete 
|  84|0x0000000709000000, 0x0000000709100000, 0x0000000709100000|100%| O|  |TAMS 0x0000000709000000, 0x0000000709000000| Untracked 
|  85|0x0000000709100000, 0x0000000709200000, 0x0000000709200000|100%| O|  |TAMS 0x0000000709100000, 0x0000000709100000| Untracked 
|  86|0x0000000709200000, 0x0000000709300000, 0x0000000709300000|100%| O|  |TAMS 0x0000000709200000, 0x0000000709200000| Untracked 
|  87|0x0000000709300000, 0x0000000709400000, 0x0000000709400000|100%| O|  |TAMS 0x0000000709300000, 0x0000000709300000| Untracked 
|  88|0x0000000709400000, 0x0000000709500000, 0x0000000709500000|100%| O|  |TAMS 0x0000000709400000, 0x0000000709400000| Untracked 
|  89|0x0000000709500000, 0x0000000709600000, 0x0000000709600000|100%| O|  |TAMS 0x0000000709500000, 0x0000000709500000| Untracked 
|  90|0x0000000709600000, 0x0000000709700000, 0x0000000709700000|100%| O|  |TAMS 0x0000000709600000, 0x0000000709600000| Untracked 
|  91|0x0000000709700000, 0x0000000709800000, 0x0000000709800000|100%| O|  |TAMS 0x0000000709700000, 0x0000000709700000| Untracked 
|  92|0x0000000709800000, 0x0000000709900000, 0x0000000709900000|100%| O|  |TAMS 0x0000000709800000, 0x0000000709800000| Untracked 
|  93|0x0000000709900000, 0x0000000709a00000, 0x0000000709a00000|100%| O|  |TAMS 0x0000000709900000, 0x0000000709900000| Untracked 
|  94|0x0000000709a00000, 0x0000000709b00000, 0x0000000709b00000|100%| O|  |TAMS 0x0000000709a00000, 0x0000000709a00000| Untracked 
|  95|0x0000000709b00000, 0x0000000709c00000, 0x0000000709c00000|100%| O|  |TAMS 0x0000000709b00000, 0x0000000709b00000| Untracked 
|  96|0x0000000709c00000, 0x0000000709d00000, 0x0000000709d00000|100%| O|  |TAMS 0x0000000709c00000, 0x0000000709c00000| Untracked 
|  97|0x0000000709d00000, 0x0000000709e00000, 0x0000000709e00000|100%| O|  |TAMS 0x0000000709d00000, 0x0000000709d00000| Untracked 
|  98|0x0000000709e00000, 0x0000000709f00000, 0x0000000709f00000|100%| O|  |TAMS 0x0000000709e00000, 0x0000000709e00000| Untracked 
|  99|0x0000000709f00000, 0x000000070a000000, 0x000000070a000000|100%| O|  |TAMS 0x0000000709f00000, 0x0000000709f00000| Untracked 
| 100|0x000000070a000000, 0x000000070a02ba00, 0x000000070a100000| 17%| O|  |TAMS 0x000000070a000000, 0x000000070a000000| Untracked 
| 101|0x000000070a100000, 0x000000070a100000, 0x000000070a200000|  0%| F|  |TAMS 0x000000070a100000, 0x000000070a100000| Untracked 
| 102|0x000000070a200000, 0x000000070a200000, 0x000000070a300000|  0%| F|  |TAMS 0x000000070a200000, 0x000000070a200000| Untracked 
| 103|0x000000070a300000, 0x000000070a300000, 0x000000070a400000|  0%| F|  |TAMS 0x000000070a300000, 0x000000070a300000| Untracked 
| 104|0x000000070a400000, 0x000000070a400000, 0x000000070a500000|  0%| F|  |TAMS 0x000000070a400000, 0x000000070a400000| Untracked 
| 105|0x000000070a500000, 0x000000070a500000, 0x000000070a600000|  0%| F|  |TAMS 0x000000070a500000, 0x000000070a500000| Untracked 
| 106|0x000000070a600000, 0x000000070a600000, 0x000000070a700000|  0%| F|  |TAMS 0x000000070a600000, 0x000000070a600000| Untracked 
| 107|0x000000070a700000, 0x000000070a700000, 0x000000070a800000|  0%| F|  |TAMS 0x000000070a700000, 0x000000070a700000| Untracked 
| 108|0x000000070a800000, 0x000000070a800000, 0x000000070a900000|  0%| F|  |TAMS 0x000000070a800000, 0x000000070a800000| Untracked 
| 109|0x000000070a900000, 0x000000070a900000, 0x000000070aa00000|  0%| F|  |TAMS 0x000000070a900000, 0x000000070a900000| Untracked 
| 110|0x000000070aa00000, 0x000000070aa00000, 0x000000070ab00000|  0%| F|  |TAMS 0x000000070aa00000, 0x000000070aa00000| Untracked 
| 111|0x000000070ab00000, 0x000000070ab00000, 0x000000070ac00000|  0%| F|  |TAMS 0x000000070ab00000, 0x000000070ab00000| Untracked 
| 112|0x000000070ac00000, 0x000000070ac00000, 0x000000070ad00000|  0%| F|  |TAMS 0x000000070ac00000, 0x000000070ac00000| Untracked 
| 113|0x000000070ad00000, 0x000000070ad00000, 0x000000070ae00000|  0%| F|  |TAMS 0x000000070ad00000, 0x000000070ad00000| Untracked 
| 114|0x000000070ae00000, 0x000000070ae00000, 0x000000070af00000|  0%| F|  |TAMS 0x000000070ae00000, 0x000000070ae00000| Untracked 
| 115|0x000000070af00000, 0x000000070af00000, 0x000000070b000000|  0%| F|  |TAMS 0x000000070af00000, 0x000000070af00000| Untracked 
| 116|0x000000070b000000, 0x000000070b000000, 0x000000070b100000|  0%| F|  |TAMS 0x000000070b000000, 0x000000070b000000| Untracked 
| 117|0x000000070b100000, 0x000000070b100000, 0x000000070b200000|  0%| F|  |TAMS 0x000000070b100000, 0x000000070b100000| Untracked 
| 118|0x000000070b200000, 0x000000070b200000, 0x000000070b300000|  0%| F|  |TAMS 0x000000070b200000, 0x000000070b200000| Untracked 
| 119|0x000000070b300000, 0x000000070b300000, 0x000000070b400000|  0%| F|  |TAMS 0x000000070b300000, 0x000000070b300000| Untracked 
| 120|0x000000070b400000, 0x000000070b400000, 0x000000070b500000|  0%| F|  |TAMS 0x000000070b400000, 0x000000070b400000| Untracked 
| 121|0x000000070b500000, 0x000000070b500000, 0x000000070b600000|  0%| F|  |TAMS 0x000000070b500000, 0x000000070b500000| Untracked 
| 122|0x000000070b600000, 0x000000070b600000, 0x000000070b700000|  0%| F|  |TAMS 0x000000070b600000, 0x000000070b600000| Untracked 
| 123|0x000000070b700000, 0x000000070b700000, 0x000000070b800000|  0%| F|  |TAMS 0x000000070b700000, 0x000000070b700000| Untracked 
| 124|0x000000070b800000, 0x000000070b800000, 0x000000070b900000|  0%| F|  |TAMS 0x000000070b800000, 0x000000070b800000| Untracked 
| 125|0x000000070b900000, 0x000000070b900000, 0x000000070ba00000|  0%| F|  |TAMS 0x000000070b900000, 0x000000070b900000| Untracked 
| 126|0x000000070ba00000, 0x000000070ba00000, 0x000000070bb00000|  0%| F|  |TAMS 0x000000070ba00000, 0x000000070ba00000| Untracked 
| 127|0x000000070bb00000, 0x000000070bb00000, 0x000000070bc00000|  0%| F|  |TAMS 0x000000070bb00000, 0x000000070bb00000| Untracked 
| 128|0x000000070bc00000, 0x000000070bc00000, 0x000000070bd00000|  0%| F|  |TAMS 0x000000070bc00000, 0x000000070bc00000| Untracked 
| 129|0x000000070bd00000, 0x000000070bd00000, 0x000000070be00000|  0%| F|  |TAMS 0x000000070bd00000, 0x000000070bd00000| Untracked 
| 130|0x000000070be00000, 0x000000070be00000, 0x000000070bf00000|  0%| F|  |TAMS 0x000000070be00000, 0x000000070be00000| Untracked 
| 131|0x000000070bf00000, 0x000000070bf00000, 0x000000070c000000|  0%| F|  |TAMS 0x000000070bf00000, 0x000000070bf00000| Untracked 
| 132|0x000000070c000000, 0x000000070c000000, 0x000000070c100000|  0%| F|  |TAMS 0x000000070c000000, 0x000000070c000000| Untracked 
| 133|0x000000070c100000, 0x000000070c100000, 0x000000070c200000|  0%| F|  |TAMS 0x000000070c100000, 0x000000070c100000| Untracked 
| 134|0x000000070c200000, 0x000000070c200000, 0x000000070c300000|  0%| F|  |TAMS 0x000000070c200000, 0x000000070c200000| Untracked 
| 135|0x000000070c300000, 0x000000070c300000, 0x000000070c400000|  0%| F|  |TAMS 0x000000070c300000, 0x000000070c300000| Untracked 
| 136|0x000000070c400000, 0x000000070c400000, 0x000000070c500000|  0%| F|  |TAMS 0x000000070c400000, 0x000000070c400000| Untracked 
| 137|0x000000070c500000, 0x000000070c500000, 0x000000070c600000|  0%| F|  |TAMS 0x000000070c500000, 0x000000070c500000| Untracked 
| 138|0x000000070c600000, 0x000000070c600000, 0x000000070c700000|  0%| F|  |TAMS 0x000000070c600000, 0x000000070c600000| Untracked 
| 139|0x000000070c700000, 0x000000070c700000, 0x000000070c800000|  0%| F|  |TAMS 0x000000070c700000, 0x000000070c700000| Untracked 
| 140|0x000000070c800000, 0x000000070c800000, 0x000000070c900000|  0%| F|  |TAMS 0x000000070c800000, 0x000000070c800000| Untracked 
| 141|0x000000070c900000, 0x000000070c900000, 0x000000070ca00000|  0%| F|  |TAMS 0x000000070c900000, 0x000000070c900000| Untracked 
| 142|0x000000070ca00000, 0x000000070ca00000, 0x000000070cb00000|  0%| F|  |TAMS 0x000000070ca00000, 0x000000070ca00000| Untracked 
| 143|0x000000070cb00000, 0x000000070cb00000, 0x000000070cc00000|  0%| F|  |TAMS 0x000000070cb00000, 0x000000070cb00000| Untracked 
| 144|0x000000070cc00000, 0x000000070cc00000, 0x000000070cd00000|  0%| F|  |TAMS 0x000000070cc00000, 0x000000070cc00000| Untracked 
| 145|0x000000070cd00000, 0x000000070cd00000, 0x000000070ce00000|  0%| F|  |TAMS 0x000000070cd00000, 0x000000070cd00000| Untracked 
| 146|0x000000070ce00000, 0x000000070ce00000, 0x000000070cf00000|  0%| F|  |TAMS 0x000000070ce00000, 0x000000070ce00000| Untracked 
| 147|0x000000070cf00000, 0x000000070cf00000, 0x000000070d000000|  0%| F|  |TAMS 0x000000070cf00000, 0x000000070cf00000| Untracked 
| 148|0x000000070d000000, 0x000000070d000000, 0x000000070d100000|  0%| F|  |TAMS 0x000000070d000000, 0x000000070d000000| Untracked 
| 149|0x000000070d100000, 0x000000070d100000, 0x000000070d200000|  0%| F|  |TAMS 0x000000070d100000, 0x000000070d100000| Untracked 
| 150|0x000000070d200000, 0x000000070d200000, 0x000000070d300000|  0%| F|  |TAMS 0x000000070d200000, 0x000000070d200000| Untracked 
| 151|0x000000070d300000, 0x000000070d300000, 0x000000070d400000|  0%| F|  |TAMS 0x000000070d300000, 0x000000070d300000| Untracked 
| 152|0x000000070d400000, 0x000000070d400000, 0x000000070d500000|  0%| F|  |TAMS 0x000000070d400000, 0x000000070d400000| Untracked 
| 153|0x000000070d500000, 0x000000070d500000, 0x000000070d600000|  0%| F|  |TAMS 0x000000070d500000, 0x000000070d500000| Untracked 
| 154|0x000000070d600000, 0x000000070d600000, 0x000000070d700000|  0%| F|  |TAMS 0x000000070d600000, 0x000000070d600000| Untracked 
| 155|0x000000070d700000, 0x000000070d700000, 0x000000070d800000|  0%| F|  |TAMS 0x000000070d700000, 0x000000070d700000| Untracked 
| 156|0x000000070d800000, 0x000000070d800000, 0x000000070d900000|  0%| F|  |TAMS 0x000000070d800000, 0x000000070d800000| Untracked 
| 157|0x000000070d900000, 0x000000070d900000, 0x000000070da00000|  0%| F|  |TAMS 0x000000070d900000, 0x000000070d900000| Untracked 
| 158|0x000000070da00000, 0x000000070da00000, 0x000000070db00000|  0%| F|  |TAMS 0x000000070da00000, 0x000000070da00000| Untracked 
| 159|0x000000070db00000, 0x000000070db00000, 0x000000070dc00000|  0%| F|  |TAMS 0x000000070db00000, 0x000000070db00000| Untracked 
| 160|0x000000070dc00000, 0x000000070dc00000, 0x000000070dd00000|  0%| F|  |TAMS 0x000000070dc00000, 0x000000070dc00000| Untracked 
| 161|0x000000070dd00000, 0x000000070dd00000, 0x000000070de00000|  0%| F|  |TAMS 0x000000070dd00000, 0x000000070dd00000| Untracked 
| 162|0x000000070de00000, 0x000000070de00000, 0x000000070df00000|  0%| F|  |TAMS 0x000000070de00000, 0x000000070de00000| Untracked 
| 163|0x000000070df00000, 0x000000070df00000, 0x000000070e000000|  0%| F|  |TAMS 0x000000070df00000, 0x000000070df00000| Untracked 
| 164|0x000000070e000000, 0x000000070e000000, 0x000000070e100000|  0%| F|  |TAMS 0x000000070e000000, 0x000000070e000000| Untracked 
| 165|0x000000070e100000, 0x000000070e100000, 0x000000070e200000|  0%| F|  |TAMS 0x000000070e100000, 0x000000070e100000| Untracked 
| 166|0x000000070e200000, 0x000000070e200000, 0x000000070e300000|  0%| F|  |TAMS 0x000000070e200000, 0x000000070e200000| Untracked 
| 167|0x000000070e300000, 0x000000070e300000, 0x000000070e400000|  0%| F|  |TAMS 0x000000070e300000, 0x000000070e300000| Untracked 
| 168|0x000000070e400000, 0x000000070e400000, 0x000000070e500000|  0%| F|  |TAMS 0x000000070e400000, 0x000000070e400000| Untracked 
| 169|0x000000070e500000, 0x000000070e500000, 0x000000070e600000|  0%| F|  |TAMS 0x000000070e500000, 0x000000070e500000| Untracked 
| 170|0x000000070e600000, 0x000000070e600000, 0x000000070e700000|  0%| F|  |TAMS 0x000000070e600000, 0x000000070e600000| Untracked 
| 171|0x000000070e700000, 0x000000070e700000, 0x000000070e800000|  0%| F|  |TAMS 0x000000070e700000, 0x000000070e700000| Untracked 
| 172|0x000000070e800000, 0x000000070e800000, 0x000000070e900000|  0%| F|  |TAMS 0x000000070e800000, 0x000000070e800000| Untracked 
| 173|0x000000070e900000, 0x000000070e900000, 0x000000070ea00000|  0%| F|  |TAMS 0x000000070e900000, 0x000000070e900000| Untracked 
| 174|0x000000070ea00000, 0x000000070ea00000, 0x000000070eb00000|  0%| F|  |TAMS 0x000000070ea00000, 0x000000070ea00000| Untracked 
| 175|0x000000070eb00000, 0x000000070eb00000, 0x000000070ec00000|  0%| F|  |TAMS 0x000000070eb00000, 0x000000070eb00000| Untracked 
| 176|0x000000070ec00000, 0x000000070ec00000, 0x000000070ed00000|  0%| F|  |TAMS 0x000000070ec00000, 0x000000070ec00000| Untracked 
| 177|0x000000070ed00000, 0x000000070ed00000, 0x000000070ee00000|  0%| F|  |TAMS 0x000000070ed00000, 0x000000070ed00000| Untracked 
| 178|0x000000070ee00000, 0x000000070ee00000, 0x000000070ef00000|  0%| F|  |TAMS 0x000000070ee00000, 0x000000070ee00000| Untracked 
| 179|0x000000070ef00000, 0x000000070ef00000, 0x000000070f000000|  0%| F|  |TAMS 0x000000070ef00000, 0x000000070ef00000| Untracked 
| 180|0x000000070f000000, 0x000000070f000000, 0x000000070f100000|  0%| F|  |TAMS 0x000000070f000000, 0x000000070f000000| Untracked 
| 181|0x000000070f100000, 0x000000070f100000, 0x000000070f200000|  0%| F|  |TAMS 0x000000070f100000, 0x000000070f100000| Untracked 
| 182|0x000000070f200000, 0x000000070f300000, 0x000000070f300000|100%| O|  |TAMS 0x000000070f200000, 0x000000070f200000| Untracked 
| 183|0x000000070f300000, 0x000000070f400000, 0x000000070f400000|100%| O|  |TAMS 0x000000070f300000, 0x000000070f300000| Untracked 
| 184|0x000000070f400000, 0x000000070f500000, 0x000000070f500000|100%| O|  |TAMS 0x000000070f400000, 0x000000070f400000| Untracked 
| 185|0x000000070f500000, 0x000000070f600000, 0x000000070f600000|100%| O|  |TAMS 0x000000070f500000, 0x000000070f500000| Untracked 
| 186|0x000000070f600000, 0x000000070f700000, 0x000000070f700000|100%| O|  |TAMS 0x000000070f600000, 0x000000070f600000| Untracked 
| 187|0x000000070f700000, 0x000000070f800000, 0x000000070f800000|100%| O|  |TAMS 0x000000070f700000, 0x000000070f700000| Untracked 
| 188|0x000000070f800000, 0x000000070f900000, 0x000000070f900000|100%| O|  |TAMS 0x000000070f800000, 0x000000070f800000| Untracked 
| 189|0x000000070f900000, 0x000000070fa00000, 0x000000070fa00000|100%| O|  |TAMS 0x000000070f900000, 0x000000070f900000| Untracked 
| 190|0x000000070fa00000, 0x000000070fa00000, 0x000000070fb00000|  0%| F|  |TAMS 0x000000070fa00000, 0x000000070fa00000| Untracked 
| 191|0x000000070fb00000, 0x000000070fb00000, 0x000000070fc00000|  0%| F|  |TAMS 0x000000070fb00000, 0x000000070fb00000| Untracked 
| 192|0x000000070fc00000, 0x000000070fc00000, 0x000000070fd00000|  0%| F|  |TAMS 0x000000070fc00000, 0x000000070fc00000| Untracked 
| 193|0x000000070fd00000, 0x000000070fd00000, 0x000000070fe00000|  0%| F|  |TAMS 0x000000070fd00000, 0x000000070fd00000| Untracked 
| 194|0x000000070fe00000, 0x000000070fe00000, 0x000000070ff00000|  0%| F|  |TAMS 0x000000070fe00000, 0x000000070fe00000| Untracked 
| 195|0x000000070ff00000, 0x000000070ff00000, 0x0000000710000000|  0%| F|  |TAMS 0x000000070ff00000, 0x000000070ff00000| Untracked 
| 196|0x0000000710000000, 0x0000000710000000, 0x0000000710100000|  0%| F|  |TAMS 0x0000000710000000, 0x0000000710000000| Untracked 
| 197|0x0000000710100000, 0x0000000710100000, 0x0000000710200000|  0%| F|  |TAMS 0x0000000710100000, 0x0000000710100000| Untracked 
| 198|0x0000000710200000, 0x0000000710200000, 0x0000000710300000|  0%| F|  |TAMS 0x0000000710200000, 0x0000000710200000| Untracked 
| 199|0x0000000710300000, 0x0000000710300000, 0x0000000710400000|  0%| F|  |TAMS 0x0000000710300000, 0x0000000710300000| Untracked 
| 200|0x0000000710400000, 0x0000000710400000, 0x0000000710500000|  0%| F|  |TAMS 0x0000000710400000, 0x0000000710400000| Untracked 
| 201|0x0000000710500000, 0x0000000710500000, 0x0000000710600000|  0%| F|  |TAMS 0x0000000710500000, 0x0000000710500000| Untracked 
| 202|0x0000000710600000, 0x0000000710600000, 0x0000000710700000|  0%| F|  |TAMS 0x0000000710600000, 0x0000000710600000| Untracked 
| 203|0x0000000710700000, 0x0000000710700000, 0x0000000710800000|  0%| F|  |TAMS 0x0000000710700000, 0x0000000710700000| Untracked 
| 204|0x0000000710800000, 0x0000000710800000, 0x0000000710900000|  0%| F|  |TAMS 0x0000000710800000, 0x0000000710800000| Untracked 
| 205|0x0000000710900000, 0x0000000710900000, 0x0000000710a00000|  0%| F|  |TAMS 0x0000000710900000, 0x0000000710900000| Untracked 
| 206|0x0000000710a00000, 0x0000000710a00000, 0x0000000710b00000|  0%| F|  |TAMS 0x0000000710a00000, 0x0000000710a00000| Untracked 
| 207|0x0000000710b00000, 0x0000000710b00000, 0x0000000710c00000|  0%| F|  |TAMS 0x0000000710b00000, 0x0000000710b00000| Untracked 
| 208|0x0000000710c00000, 0x0000000710c00000, 0x0000000710d00000|  0%| F|  |TAMS 0x0000000710c00000, 0x0000000710c00000| Untracked 
| 209|0x0000000710d00000, 0x0000000710d00000, 0x0000000710e00000|  0%| F|  |TAMS 0x0000000710d00000, 0x0000000710d00000| Untracked 
| 210|0x0000000710e00000, 0x0000000710e00000, 0x0000000710f00000|  0%| F|  |TAMS 0x0000000710e00000, 0x0000000710e00000| Untracked 
| 211|0x0000000710f00000, 0x0000000710f00000, 0x0000000711000000|  0%| F|  |TAMS 0x0000000710f00000, 0x0000000710f00000| Untracked 
| 212|0x0000000711000000, 0x0000000711000000, 0x0000000711100000|  0%| F|  |TAMS 0x0000000711000000, 0x0000000711000000| Untracked 
| 213|0x0000000711100000, 0x0000000711100000, 0x0000000711200000|  0%| F|  |TAMS 0x0000000711100000, 0x0000000711100000| Untracked 
| 214|0x0000000711200000, 0x0000000711200000, 0x0000000711300000|  0%| F|  |TAMS 0x0000000711200000, 0x0000000711200000| Untracked 
| 215|0x0000000711300000, 0x0000000711300000, 0x0000000711400000|  0%| F|  |TAMS 0x0000000711300000, 0x0000000711300000| Untracked 
| 216|0x0000000711400000, 0x0000000711400000, 0x0000000711500000|  0%| F|  |TAMS 0x0000000711400000, 0x0000000711400000| Untracked 
| 217|0x0000000711500000, 0x0000000711500000, 0x0000000711600000|  0%| F|  |TAMS 0x0000000711500000, 0x0000000711500000| Untracked 
| 218|0x0000000711600000, 0x0000000711600000, 0x0000000711700000|  0%| F|  |TAMS 0x0000000711600000, 0x0000000711600000| Untracked 
| 219|0x0000000711700000, 0x0000000711700000, 0x0000000711800000|  0%| F|  |TAMS 0x0000000711700000, 0x0000000711700000| Untracked 
| 220|0x0000000711800000, 0x0000000711800000, 0x0000000711900000|  0%| F|  |TAMS 0x0000000711800000, 0x0000000711800000| Untracked 
| 221|0x0000000711900000, 0x0000000711900000, 0x0000000711a00000|  0%| F|  |TAMS 0x0000000711900000, 0x0000000711900000| Untracked 
| 222|0x0000000711a00000, 0x0000000711a00000, 0x0000000711b00000|  0%| F|  |TAMS 0x0000000711a00000, 0x0000000711a00000| Untracked 
| 223|0x0000000711b00000, 0x0000000711b00000, 0x0000000711c00000|  0%| F|  |TAMS 0x0000000711b00000, 0x0000000711b00000| Untracked 
| 224|0x0000000711c00000, 0x0000000711c00000, 0x0000000711d00000|  0%| F|  |TAMS 0x0000000711c00000, 0x0000000711c00000| Untracked 
| 225|0x0000000711d00000, 0x0000000711d00000, 0x0000000711e00000|  0%| F|  |TAMS 0x0000000711d00000, 0x0000000711d00000| Untracked 
| 226|0x0000000711e00000, 0x0000000711e00000, 0x0000000711f00000|  0%| F|  |TAMS 0x0000000711e00000, 0x0000000711e00000| Untracked 
| 227|0x0000000711f00000, 0x0000000711f00000, 0x0000000712000000|  0%| F|  |TAMS 0x0000000711f00000, 0x0000000711f00000| Untracked 
| 228|0x0000000712000000, 0x0000000712000000, 0x0000000712100000|  0%| F|  |TAMS 0x0000000712000000, 0x0000000712000000| Untracked 
| 229|0x0000000712100000, 0x0000000712100000, 0x0000000712200000|  0%| F|  |TAMS 0x0000000712100000, 0x0000000712100000| Untracked 
| 230|0x0000000712200000, 0x0000000712200000, 0x0000000712300000|  0%| F|  |TAMS 0x0000000712200000, 0x0000000712200000| Untracked 
| 231|0x0000000712300000, 0x0000000712300000, 0x0000000712400000|  0%| F|  |TAMS 0x0000000712300000, 0x0000000712300000| Untracked 
| 232|0x0000000712400000, 0x0000000712400000, 0x0000000712500000|  0%| F|  |TAMS 0x0000000712400000, 0x0000000712400000| Untracked 
| 233|0x0000000712500000, 0x0000000712500000, 0x0000000712600000|  0%| F|  |TAMS 0x0000000712500000, 0x0000000712500000| Untracked 
| 234|0x0000000712600000, 0x0000000712600000, 0x0000000712700000|  0%| F|  |TAMS 0x0000000712600000, 0x0000000712600000| Untracked 
| 235|0x0000000712700000, 0x0000000712700000, 0x0000000712800000|  0%| F|  |TAMS 0x0000000712700000, 0x0000000712700000| Untracked 
| 236|0x0000000712800000, 0x0000000712800000, 0x0000000712900000|  0%| F|  |TAMS 0x0000000712800000, 0x0000000712800000| Untracked 
| 237|0x0000000712900000, 0x0000000712900000, 0x0000000712a00000|  0%| F|  |TAMS 0x0000000712900000, 0x0000000712900000| Untracked 
| 238|0x0000000712a00000, 0x0000000712a00000, 0x0000000712b00000|  0%| F|  |TAMS 0x0000000712a00000, 0x0000000712a00000| Untracked 
| 239|0x0000000712b00000, 0x0000000712b00000, 0x0000000712c00000|  0%| F|  |TAMS 0x0000000712b00000, 0x0000000712b00000| Untracked 
| 240|0x0000000712c00000, 0x0000000712c00000, 0x0000000712d00000|  0%| F|  |TAMS 0x0000000712c00000, 0x0000000712c00000| Untracked 
| 241|0x0000000712d00000, 0x0000000712d00000, 0x0000000712e00000|  0%| F|  |TAMS 0x0000000712d00000, 0x0000000712d00000| Untracked 
| 242|0x0000000712e00000, 0x0000000712e00000, 0x0000000712f00000|  0%| F|  |TAMS 0x0000000712e00000, 0x0000000712e00000| Untracked 
| 243|0x0000000712f00000, 0x0000000712f00000, 0x0000000713000000|  0%| F|  |TAMS 0x0000000712f00000, 0x0000000712f00000| Untracked 
| 244|0x0000000713000000, 0x0000000713000000, 0x0000000713100000|  0%| F|  |TAMS 0x0000000713000000, 0x0000000713000000| Untracked 
| 245|0x0000000713100000, 0x0000000713100000, 0x0000000713200000|  0%| F|  |TAMS 0x0000000713100000, 0x0000000713100000| Untracked 
| 246|0x0000000713200000, 0x0000000713200000, 0x0000000713300000|  0%| F|  |TAMS 0x0000000713200000, 0x0000000713200000| Untracked 
| 247|0x0000000713300000, 0x0000000713300000, 0x0000000713400000|  0%| F|  |TAMS 0x0000000713300000, 0x0000000713300000| Untracked 
| 248|0x0000000713400000, 0x0000000713400000, 0x0000000713500000|  0%| F|  |TAMS 0x0000000713400000, 0x0000000713400000| Untracked 
| 249|0x0000000713500000, 0x0000000713500000, 0x0000000713600000|  0%| F|  |TAMS 0x0000000713500000, 0x0000000713500000| Untracked 
| 250|0x0000000713600000, 0x0000000713600000, 0x0000000713700000|  0%| F|  |TAMS 0x0000000713600000, 0x0000000713600000| Untracked 
| 251|0x0000000713700000, 0x0000000713700000, 0x0000000713800000|  0%| F|  |TAMS 0x0000000713700000, 0x0000000713700000| Untracked 
| 252|0x0000000713800000, 0x0000000713800000, 0x0000000713900000|  0%| F|  |TAMS 0x0000000713800000, 0x0000000713800000| Untracked 
| 253|0x0000000713900000, 0x0000000713900000, 0x0000000713a00000|  0%| F|  |TAMS 0x0000000713900000, 0x0000000713900000| Untracked 
| 254|0x0000000713a00000, 0x0000000713a00000, 0x0000000713b00000|  0%| F|  |TAMS 0x0000000713a00000, 0x0000000713a00000| Untracked 
| 255|0x0000000713b00000, 0x0000000713b00000, 0x0000000713c00000|  0%| F|  |TAMS 0x0000000713b00000, 0x0000000713b00000| Untracked 
| 256|0x0000000713c00000, 0x0000000713c00000, 0x0000000713d00000|  0%| F|  |TAMS 0x0000000713c00000, 0x0000000713c00000| Untracked 
| 257|0x0000000713d00000, 0x0000000713d00000, 0x0000000713e00000|  0%| F|  |TAMS 0x0000000713d00000, 0x0000000713d00000| Untracked 
| 258|0x0000000713e00000, 0x0000000713e00000, 0x0000000713f00000|  0%| F|  |TAMS 0x0000000713e00000, 0x0000000713e00000| Untracked 
| 259|0x0000000713f00000, 0x0000000713f00000, 0x0000000714000000|  0%| F|  |TAMS 0x0000000713f00000, 0x0000000713f00000| Untracked 
| 260|0x0000000714000000, 0x0000000714000000, 0x0000000714100000|  0%| F|  |TAMS 0x0000000714000000, 0x0000000714000000| Untracked 
| 261|0x0000000714100000, 0x0000000714100000, 0x0000000714200000|  0%| F|  |TAMS 0x0000000714100000, 0x0000000714100000| Untracked 
| 262|0x0000000714200000, 0x0000000714280800, 0x0000000714300000| 50%| E|  |TAMS 0x0000000714200000, 0x0000000714200000| Complete 
| 263|0x0000000714300000, 0x0000000714400000, 0x0000000714400000|100%| E|CS|TAMS 0x0000000714300000, 0x0000000714300000| Complete 
| 264|0x0000000714400000, 0x0000000714500000, 0x0000000714500000|100%| E|CS|TAMS 0x0000000714400000, 0x0000000714400000| Complete 
| 265|0x0000000714500000, 0x0000000714600000, 0x0000000714600000|100%| E|CS|TAMS 0x0000000714500000, 0x0000000714500000| Complete 
| 266|0x0000000714600000, 0x0000000714700000, 0x0000000714700000|100%| E|CS|TAMS 0x0000000714600000, 0x0000000714600000| Complete 
| 267|0x0000000714700000, 0x0000000714800000, 0x0000000714800000|100%| E|CS|TAMS 0x0000000714700000, 0x0000000714700000| Complete 
| 268|0x0000000714800000, 0x0000000714900000, 0x0000000714900000|100%| E|CS|TAMS 0x0000000714800000, 0x0000000714800000| Complete 
| 269|0x0000000714900000, 0x0000000714a00000, 0x0000000714a00000|100%| E|CS|TAMS 0x0000000714900000, 0x0000000714900000| Complete 
| 270|0x0000000714a00000, 0x0000000714b00000, 0x0000000714b00000|100%| E|CS|TAMS 0x0000000714a00000, 0x0000000714a00000| Complete 
| 271|0x0000000714b00000, 0x0000000714c00000, 0x0000000714c00000|100%| E|CS|TAMS 0x0000000714b00000, 0x0000000714b00000| Complete 
| 272|0x0000000714c00000, 0x0000000714d00000, 0x0000000714d00000|100%| E|CS|TAMS 0x0000000714c00000, 0x0000000714c00000| Complete 
| 273|0x0000000714d00000, 0x0000000714e00000, 0x0000000714e00000|100%| E|CS|TAMS 0x0000000714d00000, 0x0000000714d00000| Complete 
| 274|0x0000000714e00000, 0x0000000714f00000, 0x0000000714f00000|100%| E|CS|TAMS 0x0000000714e00000, 0x0000000714e00000| Complete 
| 275|0x0000000714f00000, 0x0000000715000000, 0x0000000715000000|100%| E|CS|TAMS 0x0000000714f00000, 0x0000000714f00000| Complete 
| 276|0x0000000715000000, 0x0000000715100000, 0x0000000715100000|100%| E|CS|TAMS 0x0000000715000000, 0x0000000715000000| Complete 
| 277|0x0000000715100000, 0x0000000715200000, 0x0000000715200000|100%| E|CS|TAMS 0x0000000715100000, 0x0000000715100000| Complete 
| 278|0x0000000715200000, 0x0000000715300000, 0x0000000715300000|100%| E|CS|TAMS 0x0000000715200000, 0x0000000715200000| Complete 
| 279|0x0000000715300000, 0x0000000715400000, 0x0000000715400000|100%| E|CS|TAMS 0x0000000715300000, 0x0000000715300000| Complete 
| 280|0x0000000715400000, 0x0000000715500000, 0x0000000715500000|100%| E|CS|TAMS 0x0000000715400000, 0x0000000715400000| Complete 
| 281|0x0000000715500000, 0x0000000715600000, 0x0000000715600000|100%| E|CS|TAMS 0x0000000715500000, 0x0000000715500000| Complete 
| 282|0x0000000715600000, 0x0000000715700000, 0x0000000715700000|100%| E|CS|TAMS 0x0000000715600000, 0x0000000715600000| Complete 
| 283|0x0000000715700000, 0x0000000715800000, 0x0000000715800000|100%| E|CS|TAMS 0x0000000715700000, 0x0000000715700000| Complete 
| 284|0x0000000715800000, 0x0000000715900000, 0x0000000715900000|100%| E|CS|TAMS 0x0000000715800000, 0x0000000715800000| Complete 
| 285|0x0000000715900000, 0x0000000715a00000, 0x0000000715a00000|100%| E|CS|TAMS 0x0000000715900000, 0x0000000715900000| Complete 
| 286|0x0000000715a00000, 0x0000000715b00000, 0x0000000715b00000|100%| E|CS|TAMS 0x0000000715a00000, 0x0000000715a00000| Complete 
| 287|0x0000000715b00000, 0x0000000715c00000, 0x0000000715c00000|100%| E|CS|TAMS 0x0000000715b00000, 0x0000000715b00000| Complete 
| 288|0x0000000715c00000, 0x0000000715d00000, 0x0000000715d00000|100%| E|CS|TAMS 0x0000000715c00000, 0x0000000715c00000| Complete 
| 289|0x0000000715d00000, 0x0000000715e00000, 0x0000000715e00000|100%| E|CS|TAMS 0x0000000715d00000, 0x0000000715d00000| Complete 
| 290|0x0000000715e00000, 0x0000000715f00000, 0x0000000715f00000|100%| E|CS|TAMS 0x0000000715e00000, 0x0000000715e00000| Complete 
| 291|0x0000000715f00000, 0x0000000716000000, 0x0000000716000000|100%| E|CS|TAMS 0x0000000715f00000, 0x0000000715f00000| Complete 
| 292|0x0000000716000000, 0x0000000716100000, 0x0000000716100000|100%| E|CS|TAMS 0x0000000716000000, 0x0000000716000000| Complete 
| 293|0x0000000716100000, 0x0000000716200000, 0x0000000716200000|100%| E|CS|TAMS 0x0000000716100000, 0x0000000716100000| Complete 
| 294|0x0000000716200000, 0x0000000716300000, 0x0000000716300000|100%| E|CS|TAMS 0x0000000716200000, 0x0000000716200000| Complete 
| 295|0x0000000716300000, 0x0000000716400000, 0x0000000716400000|100%| E|CS|TAMS 0x0000000716300000, 0x0000000716300000| Complete 
| 296|0x0000000716400000, 0x0000000716500000, 0x0000000716500000|100%| E|CS|TAMS 0x0000000716400000, 0x0000000716400000| Complete 
| 297|0x0000000716500000, 0x0000000716600000, 0x0000000716600000|100%| E|CS|TAMS 0x0000000716500000, 0x0000000716500000| Complete 
| 298|0x0000000716600000, 0x0000000716700000, 0x0000000716700000|100%| E|CS|TAMS 0x0000000716600000, 0x0000000716600000| Complete 
| 299|0x0000000716700000, 0x0000000716800000, 0x0000000716800000|100%| E|CS|TAMS 0x0000000716700000, 0x0000000716700000| Complete 
| 300|0x0000000716800000, 0x0000000716900000, 0x0000000716900000|100%| E|CS|TAMS 0x0000000716800000, 0x0000000716800000| Complete 
| 301|0x0000000716900000, 0x0000000716a00000, 0x0000000716a00000|100%| E|CS|TAMS 0x0000000716900000, 0x0000000716900000| Complete 
| 302|0x0000000716a00000, 0x0000000716b00000, 0x0000000716b00000|100%| E|CS|TAMS 0x0000000716a00000, 0x0000000716a00000| Complete 
| 303|0x0000000716b00000, 0x0000000716c00000, 0x0000000716c00000|100%| E|CS|TAMS 0x0000000716b00000, 0x0000000716b00000| Complete 
| 304|0x0000000716c00000, 0x0000000716d00000, 0x0000000716d00000|100%| E|CS|TAMS 0x0000000716c00000, 0x0000000716c00000| Complete 
| 305|0x0000000716d00000, 0x0000000716e00000, 0x0000000716e00000|100%| E|CS|TAMS 0x0000000716d00000, 0x0000000716d00000| Complete 
| 306|0x0000000716e00000, 0x0000000716f00000, 0x0000000716f00000|100%| E|CS|TAMS 0x0000000716e00000, 0x0000000716e00000| Complete 
| 307|0x0000000716f00000, 0x0000000717000000, 0x0000000717000000|100%| E|CS|TAMS 0x0000000716f00000, 0x0000000716f00000| Complete 
| 308|0x0000000717000000, 0x0000000717100000, 0x0000000717100000|100%| E|CS|TAMS 0x0000000717000000, 0x0000000717000000| Complete 
| 309|0x0000000717100000, 0x0000000717200000, 0x0000000717200000|100%| E|CS|TAMS 0x0000000717100000, 0x0000000717100000| Complete 
| 310|0x0000000717200000, 0x0000000717300000, 0x0000000717300000|100%| E|CS|TAMS 0x0000000717200000, 0x0000000717200000| Complete 
| 311|0x0000000717300000, 0x0000000717400000, 0x0000000717400000|100%| E|CS|TAMS 0x0000000717300000, 0x0000000717300000| Complete 
| 312|0x0000000717400000, 0x0000000717500000, 0x0000000717500000|100%| E|CS|TAMS 0x0000000717400000, 0x0000000717400000| Complete 
| 313|0x0000000717500000, 0x0000000717600000, 0x0000000717600000|100%| E|CS|TAMS 0x0000000717500000, 0x0000000717500000| Complete 
| 314|0x0000000717600000, 0x0000000717700000, 0x0000000717700000|100%| E|CS|TAMS 0x0000000717600000, 0x0000000717600000| Complete 
| 315|0x0000000717700000, 0x0000000717800000, 0x0000000717800000|100%| E|CS|TAMS 0x0000000717700000, 0x0000000717700000| Complete 
| 316|0x0000000717800000, 0x0000000717900000, 0x0000000717900000|100%| E|CS|TAMS 0x0000000717800000, 0x0000000717800000| Complete 
| 317|0x0000000717900000, 0x0000000717a00000, 0x0000000717a00000|100%| E|CS|TAMS 0x0000000717900000, 0x0000000717900000| Complete 
| 318|0x0000000717a00000, 0x0000000717b00000, 0x0000000717b00000|100%| E|CS|TAMS 0x0000000717a00000, 0x0000000717a00000| Complete 
| 319|0x0000000717b00000, 0x0000000717c00000, 0x0000000717c00000|100%| E|CS|TAMS 0x0000000717b00000, 0x0000000717b00000| Complete 
| 320|0x0000000717c00000, 0x0000000717d00000, 0x0000000717d00000|100%| E|CS|TAMS 0x0000000717c00000, 0x0000000717c00000| Complete 
| 321|0x0000000717d00000, 0x0000000717e00000, 0x0000000717e00000|100%| E|CS|TAMS 0x0000000717d00000, 0x0000000717d00000| Complete 
| 322|0x0000000717e00000, 0x0000000717f00000, 0x0000000717f00000|100%| E|CS|TAMS 0x0000000717e00000, 0x0000000717e00000| Complete 
| 323|0x0000000717f00000, 0x0000000718000000, 0x0000000718000000|100%| E|CS|TAMS 0x0000000717f00000, 0x0000000717f00000| Complete 
| 324|0x0000000718000000, 0x0000000718100000, 0x0000000718100000|100%| E|CS|TAMS 0x0000000718000000, 0x0000000718000000| Complete 
| 325|0x0000000718100000, 0x0000000718200000, 0x0000000718200000|100%| E|CS|TAMS 0x0000000718100000, 0x0000000718100000| Complete 
| 326|0x0000000718200000, 0x0000000718300000, 0x0000000718300000|100%| E|CS|TAMS 0x0000000718200000, 0x0000000718200000| Complete 
| 327|0x0000000718300000, 0x0000000718400000, 0x0000000718400000|100%| E|CS|TAMS 0x0000000718300000, 0x0000000718300000| Complete 
| 328|0x0000000718400000, 0x0000000718500000, 0x0000000718500000|100%| E|CS|TAMS 0x0000000718400000, 0x0000000718400000| Complete 
| 329|0x0000000718500000, 0x0000000718600000, 0x0000000718600000|100%| E|CS|TAMS 0x0000000718500000, 0x0000000718500000| Complete 
| 330|0x0000000718600000, 0x0000000718700000, 0x0000000718700000|100%| E|CS|TAMS 0x0000000718600000, 0x0000000718600000| Complete 
| 331|0x0000000718700000, 0x0000000718800000, 0x0000000718800000|100%| E|CS|TAMS 0x0000000718700000, 0x0000000718700000| Complete 
| 332|0x0000000718800000, 0x0000000718900000, 0x0000000718900000|100%| E|CS|TAMS 0x0000000718800000, 0x0000000718800000| Complete 
| 333|0x0000000718900000, 0x0000000718a00000, 0x0000000718a00000|100%| E|CS|TAMS 0x0000000718900000, 0x0000000718900000| Complete 
| 334|0x0000000718a00000, 0x0000000718b00000, 0x0000000718b00000|100%| E|CS|TAMS 0x0000000718a00000, 0x0000000718a00000| Complete 
| 335|0x0000000718b00000, 0x0000000718c00000, 0x0000000718c00000|100%| E|CS|TAMS 0x0000000718b00000, 0x0000000718b00000| Complete 
| 336|0x0000000718c00000, 0x0000000718d00000, 0x0000000718d00000|100%| E|CS|TAMS 0x0000000718c00000, 0x0000000718c00000| Complete 
| 337|0x0000000718d00000, 0x0000000718e00000, 0x0000000718e00000|100%| E|CS|TAMS 0x0000000718d00000, 0x0000000718d00000| Complete 
| 338|0x0000000718e00000, 0x0000000718f00000, 0x0000000718f00000|100%| E|CS|TAMS 0x0000000718e00000, 0x0000000718e00000| Complete 
| 339|0x0000000718f00000, 0x0000000719000000, 0x0000000719000000|100%| E|CS|TAMS 0x0000000718f00000, 0x0000000718f00000| Complete 
| 340|0x0000000719000000, 0x0000000719100000, 0x0000000719100000|100%| E|CS|TAMS 0x0000000719000000, 0x0000000719000000| Complete 
| 341|0x0000000719100000, 0x0000000719200000, 0x0000000719200000|100%| E|CS|TAMS 0x0000000719100000, 0x0000000719100000| Complete 
| 342|0x0000000719200000, 0x0000000719300000, 0x0000000719300000|100%| E|CS|TAMS 0x0000000719200000, 0x0000000719200000| Complete 
| 343|0x0000000719300000, 0x0000000719400000, 0x0000000719400000|100%| E|CS|TAMS 0x0000000719300000, 0x0000000719300000| Complete 
| 344|0x0000000719400000, 0x0000000719500000, 0x0000000719500000|100%| E|CS|TAMS 0x0000000719400000, 0x0000000719400000| Complete 
| 345|0x0000000719500000, 0x0000000719600000, 0x0000000719600000|100%| E|CS|TAMS 0x0000000719500000, 0x0000000719500000| Complete 
| 346|0x0000000719600000, 0x0000000719700000, 0x0000000719700000|100%| E|CS|TAMS 0x0000000719600000, 0x0000000719600000| Complete 
| 347|0x0000000719700000, 0x0000000719800000, 0x0000000719800000|100%| E|CS|TAMS 0x0000000719700000, 0x0000000719700000| Complete 
| 348|0x0000000719800000, 0x0000000719900000, 0x0000000719900000|100%| E|CS|TAMS 0x0000000719800000, 0x0000000719800000| Complete 
| 349|0x0000000719900000, 0x0000000719a00000, 0x0000000719a00000|100%| E|CS|TAMS 0x0000000719900000, 0x0000000719900000| Complete 
| 350|0x0000000719a00000, 0x0000000719b00000, 0x0000000719b00000|100%| E|CS|TAMS 0x0000000719a00000, 0x0000000719a00000| Complete 
| 351|0x0000000719b00000, 0x0000000719c00000, 0x0000000719c00000|100%| E|CS|TAMS 0x0000000719b00000, 0x0000000719b00000| Complete 
| 352|0x0000000719c00000, 0x0000000719d00000, 0x0000000719d00000|100%| E|CS|TAMS 0x0000000719c00000, 0x0000000719c00000| Complete 
| 353|0x0000000719d00000, 0x0000000719e00000, 0x0000000719e00000|100%| E|CS|TAMS 0x0000000719d00000, 0x0000000719d00000| Complete 
| 354|0x0000000719e00000, 0x0000000719f00000, 0x0000000719f00000|100%| E|CS|TAMS 0x0000000719e00000, 0x0000000719e00000| Complete 
| 355|0x0000000719f00000, 0x000000071a000000, 0x000000071a000000|100%| E|CS|TAMS 0x0000000719f00000, 0x0000000719f00000| Complete 
| 356|0x000000071a000000, 0x000000071a100000, 0x000000071a100000|100%| E|CS|TAMS 0x000000071a000000, 0x000000071a000000| Complete 
| 357|0x000000071a100000, 0x000000071a200000, 0x000000071a200000|100%| E|CS|TAMS 0x000000071a100000, 0x000000071a100000| Complete 
| 358|0x000000071a200000, 0x000000071a300000, 0x000000071a300000|100%| E|CS|TAMS 0x000000071a200000, 0x000000071a200000| Complete 
| 359|0x000000071a300000, 0x000000071a400000, 0x000000071a400000|100%| E|CS|TAMS 0x000000071a300000, 0x000000071a300000| Complete 
| 360|0x000000071a400000, 0x000000071a500000, 0x000000071a500000|100%| E|CS|TAMS 0x000000071a400000, 0x000000071a400000| Complete 
| 361|0x000000071a500000, 0x000000071a600000, 0x000000071a600000|100%| E|CS|TAMS 0x000000071a500000, 0x000000071a500000| Complete 
| 362|0x000000071a600000, 0x000000071a6ab9b0, 0x000000071a700000| 67%| S|CS|TAMS 0x000000071a600000, 0x000000071a600000| Complete 
| 363|0x000000071a700000, 0x000000071a800000, 0x000000071a800000|100%| S|CS|TAMS 0x000000071a700000, 0x000000071a700000| Complete 
| 364|0x000000071a800000, 0x000000071a900000, 0x000000071a900000|100%| E|CS|TAMS 0x000000071a800000, 0x000000071a800000| Complete 
| 365|0x000000071a900000, 0x000000071aa00000, 0x000000071aa00000|100%| E|CS|TAMS 0x000000071a900000, 0x000000071a900000| Complete 

Card table byte_map: [0x0000026335ee0000,0x00000263366d0000] _byte_map_base: 0x00000263326c2000

Marking Bits (Prev, Next): (CMBitMap*) 0x000002631ed30cc0, (CMBitMap*) 0x000002631ed30c88
 Prev Bits: [0x000002633add0000, 0x000002633ece0000)
 Next Bits: [0x0000026336ec0000, 0x000002633add0000)

Polling page: 0x000002631cc80000

Metaspace:

Usage:
  Non-class:     40.63 MB capacity,    39.92 MB ( 98%) used,   616.61 KB (  1%) free+waste,   107.06 KB ( <1%) overhead. 
      Class:      5.01 MB capacity,     4.57 MB ( 91%) used,   405.75 KB (  8%) free+waste,    45.12 KB ( <1%) overhead. 
       Both:     45.64 MB capacity,    44.49 MB ( 97%) used,  1022.36 KB (  2%) free+waste,   152.19 KB ( <1%) overhead. 

Virtual space:
  Non-class space:       42.00 MB reserved,      40.87 MB ( 97%) committed 
      Class space:        1.00 GB reserved,       5.12 MB ( <1%) committed 
             Both:        1.04 GB reserved,      46.00 MB (  4%) committed 

Chunk freelists:
   Non-Class:  7.00 KB
       Class:  2.62 KB
        Both:  9.62 KB

CodeHeap 'non-profiled nmethods': size=120000Kb used=8807Kb max_used=8807Kb free=111192Kb
 bounds [0x000002632de90000, 0x000002632e730000, 0x00000263353c0000]
CodeHeap 'profiled nmethods': size=120000Kb used=27808Kb max_used=27808Kb free=92191Kb
 bounds [0x0000026326960000, 0x00000263284a0000, 0x000002632de90000]
CodeHeap 'non-nmethods': size=5760Kb used=1175Kb max_used=1284Kb free=4584Kb
 bounds [0x00000263263c0000, 0x0000026326630000, 0x0000026326960000]
 total_blobs=11372 nmethods=10857 adapters=426
 compilation: enabled
              stopped_count=0, restarted_count=0
 full_count=0

Compilation events (10 events):
Event: 28.343 Thread 0x0000026342161800 nmethod 11832 0x0000026328482e10 code [0x0000026328483040, 0x0000026328483be8]
Event: 28.348 Thread 0x0000026342161800 11833       3       jdk.internal.loader.URLClassPath$JarLoader::close (24 bytes)
Event: 28.348 Thread 0x0000026342161800 nmethod 11833 0x0000026328483f10 code [0x00000263284840c0, 0x0000026328484318]
Event: 28.356 Thread 0x0000026342161800 11834       3       java.lang.reflect.Method::getDefaultValue (109 bytes)
Event: 28.359 Thread 0x0000026342161800 nmethod 11834 0x0000026328484410 code [0x0000026328484780, 0x0000026328485d18]
Event: 28.363 Thread 0x0000026342161800 11835   !   3       org.codehaus.plexus.component.configurator.converters.basic.AbstractBasicConverter::fromConfiguration (101 bytes)
Event: 28.364 Thread 0x0000026342161800 nmethod 11835 0x0000026328486490 code [0x0000026328486760, 0x0000026328487918]
Event: 28.364 Thread 0x0000026342161800 11836   !   3       org.codehaus.plexus.component.configurator.converters.basic.AbstractBasicConverter::fromExpression (166 bytes)
Event: 28.367 Thread 0x0000026342161800 nmethod 11836 0x0000026328487e90 code [0x0000026328488200, 0x000002632848a078]
Event: 28.367 Thread 0x0000026342161800 11837       3       org.codehaus.plexus.util.introspection.ReflectionValueExtractor$Tokenizer::peekChar (30 bytes)

GC Heap History (10 events):
Event: 14.296 GC heap before
{Heap before GC invocations=11 (full 0):
 garbage-first heap   total 312320K, used 201187K [0x0000000703c00000, 0x0000000800000000)
  region size 1024K, 127 young (130048K), 15 survivors (15360K)
 Metaspace       used 41578K, capacity 42780K, committed 43132K, reserved 1087488K
  class space    used 4364K, capacity 4765K, committed 4864K, reserved 1048576K
}
Event: 14.317 GC heap after
{Heap after GC invocations=12 (full 0):
 garbage-first heap   total 374784K, used 88117K [0x0000000703c00000, 0x0000000800000000)
  region size 1024K, 6 young (6144K), 6 survivors (6144K)
 Metaspace       used 41578K, capacity 42780K, committed 43132K, reserved 1087488K
  class space    used 4364K, capacity 4765K, committed 4864K, reserved 1048576K
}
Event: 16.648 GC heap before
{Heap before GC invocations=12 (full 0):
 garbage-first heap   total 374784K, used 232501K [0x0000000703c00000, 0x0000000800000000)
  region size 1024K, 147 young (150528K), 6 survivors (6144K)
 Metaspace       used 42627K, capacity 43886K, committed 44156K, reserved 1089536K
  class space    used 4389K, capacity 4784K, committed 4864K, reserved 1048576K
}
Event: 16.662 GC heap after
{Heap after GC invocations=13 (full 0):
 garbage-first heap   total 374784K, used 90292K [0x0000000703c00000, 0x0000000800000000)
  region size 1024K, 8 young (8192K), 8 survivors (8192K)
 Metaspace       used 42627K, capacity 43886K, committed 44156K, reserved 1089536K
  class space    used 4389K, capacity 4784K, committed 4864K, reserved 1048576K
}
Event: 24.461 GC heap before
{Heap before GC invocations=13 (full 0):
 garbage-first heap   total 374784K, used 323764K [0x0000000703c00000, 0x0000000800000000)
  region size 1024K, 156 young (159744K), 8 survivors (8192K)
 Metaspace       used 44987K, capacity 46252K, committed 46460K, reserved 1091584K
  class space    used 4658K, capacity 5062K, committed 5120K, reserved 1048576K
}
Event: 24.476 GC heap after
{Heap after GC invocations=14 (full 0):
 garbage-first heap   total 374784K, used 176869K [0x0000000703c00000, 0x0000000800000000)
  region size 1024K, 13 young (13312K), 13 survivors (13312K)
 Metaspace       used 44987K, capacity 46252K, committed 46460K, reserved 1091584K
  class space    used 4658K, capacity 5062K, committed 5120K, reserved 1048576K
}
Event: 26.957 GC heap before
{Heap before GC invocations=15 (full 0):
 garbage-first heap   total 374784K, used 313061K [0x0000000703c00000, 0x0000000800000000)
  region size 1024K, 126 young (129024K), 13 survivors (13312K)
 Metaspace       used 45208K, capacity 46387K, committed 46460K, reserved 1091584K
  class space    used 4660K, capacity 5063K, committed 5120K, reserved 1048576K
}
Event: 26.984 GC heap after
{Heap after GC invocations=16 (full 0):
 garbage-first heap   total 374784K, used 109733K [0x0000000703c00000, 0x0000000800000000)
  region size 1024K, 16 young (16384K), 16 survivors (16384K)
 Metaspace       used 45208K, capacity 46387K, committed 46460K, reserved 1091584K
  class space    used 4660K, capacity 5063K, committed 5120K, reserved 1048576K
}
Event: 27.032 GC heap before
{Heap before GC invocations=16 (full 0):
 garbage-first heap   total 374784K, used 111781K [0x0000000703c00000, 0x0000000800000000)
  region size 1024K, 18 young (18432K), 16 survivors (16384K)
 Metaspace       used 45209K, capacity 46387K, committed 46460K, reserved 1091584K
  class space    used 4660K, capacity 5063K, committed 5120K, reserved 1048576K
}
Event: 27.054 GC heap after
{Heap after GC invocations=17 (full 0):
 garbage-first heap   total 374784K, used 106332K [0x0000000703c00000, 0x0000000800000000)
  region size 1024K, 2 young (2048K), 2 survivors (2048K)
 Metaspace       used 45209K, capacity 46387K, committed 46460K, reserved 1091584K
  class space    used 4660K, capacity 5063K, committed 5120K, reserved 1048576K
}

Deoptimization events (10 events):
Event: 28.222 Thread 0x000002631eccf000 Uncommon trap: reason=unstable_if action=reinterpret pc=0x000002632e5ce88c method=com.sun.tools.javac.comp.Resolve$BasicLookupHelper.lookup(Lcom/sun/tools/javac/comp/Env;Lcom/sun/tools/javac/comp/Resolve$MethodResolutionPhase;)Lcom/sun/tools/javac/code/Sy
Event: 28.222 Thread 0x000002631eccf000 Uncommon trap: reason=unstable_if action=reinterpret pc=0x000002632e3bf83c method=com.sun.tools.javac.comp.Resolve.accessInternal(Lcom/sun/tools/javac/code/Symbol;Lcom/sun/tools/javac/util/JCDiagnostic$DiagnosticPosition;Lcom/sun/tools/javac/code/Symbol;L
Event: 28.258 Thread 0x000002631eccf000 Uncommon trap: reason=class_check action=maybe_recompile pc=0x000002632e5b5150 method=com.sun.tools.javac.util.ArrayUtils.ensureCapacity([Ljava/lang/Object;I)[Ljava/lang/Object; @ 26 c2
Event: 28.258 Thread 0x000002631eccf000 Uncommon trap: reason=class_check action=maybe_recompile pc=0x000002632e5b5150 method=com.sun.tools.javac.util.ArrayUtils.ensureCapacity([Ljava/lang/Object;I)[Ljava/lang/Object; @ 26 c2
Event: 28.269 Thread 0x000002631eccf000 Uncommon trap: reason=class_check action=maybe_recompile pc=0x000002632e7096e0 method=com.sun.tools.javac.comp.Resolve$AbstractMethodCheck.argumentsAcceptable(Lcom/sun/tools/javac/comp/Env;Lcom/sun/tools/javac/comp/DeferredAttr$DeferredAttrContext;Lcom/su
Event: 28.269 Thread 0x000002631eccf000 Uncommon trap: reason=class_check action=maybe_recompile pc=0x000002632e7096e0 method=com.sun.tools.javac.comp.Resolve$AbstractMethodCheck.argumentsAcceptable(Lcom/sun/tools/javac/comp/Env;Lcom/sun/tools/javac/comp/DeferredAttr$DeferredAttrContext;Lcom/su
Event: 28.288 Thread 0x000002631eccf000 Uncommon trap: reason=class_check action=maybe_recompile pc=0x000002632e7096e0 method=com.sun.tools.javac.comp.Resolve$AbstractMethodCheck.argumentsAcceptable(Lcom/sun/tools/javac/comp/Env;Lcom/sun/tools/javac/comp/DeferredAttr$DeferredAttrContext;Lcom/su
Event: 28.288 Thread 0x000002631eccf000 Uncommon trap: reason=class_check action=maybe_recompile pc=0x000002632e7096e0 method=com.sun.tools.javac.comp.Resolve$AbstractMethodCheck.argumentsAcceptable(Lcom/sun/tools/javac/comp/Env;Lcom/sun/tools/javac/comp/DeferredAttr$DeferredAttrContext;Lcom/su
Event: 28.307 Thread 0x000002631eccf000 Uncommon trap: reason=bimorphic_or_optimized_type_check action=maybe_recompile pc=0x000002632e53cfb8 method=com.sun.tools.javac.comp.Attr$TypeAnnotationsValidator.validateAnnotatedType(Lcom/sun/tools/javac/tree/JCTree;Lcom/sun/tools/javac/code/Type;)V @ 3
Event: 28.361 Thread 0x000002631eccf000 Uncommon trap: reason=class_check action=maybe_recompile pc=0x000002632e1f4108 method=java.util.HashMap.computeIfAbsent(Ljava/lang/Object;Ljava/util/function/Function;)Ljava/lang/Object; @ 142 c2

Classes redefined (0 events):
No events

Internal exceptions (10 events):
Event: 28.328 Thread 0x000002631eccf000 Exception <a 'sun/nio/fs/WindowsException'{0x000000071479d100}> (0x000000071479d100) thrown at [./open/src/hotspot/share/prims/jni.cpp, line 611]
Event: 28.328 Thread 0x000002631eccf000 Exception <a 'sun/nio/fs/WindowsException'{0x000000071479d500}> (0x000000071479d500) thrown at [./open/src/hotspot/share/prims/jni.cpp, line 611]
Event: 28.328 Thread 0x000002631eccf000 Exception <a 'sun/nio/fs/WindowsException'{0x000000071479f868}> (0x000000071479f868) thrown at [./open/src/hotspot/share/prims/jni.cpp, line 611]
Event: 28.328 Thread 0x000002631eccf000 Exception <a 'sun/nio/fs/WindowsException'{0x000000071479fb98}> (0x000000071479fb98) thrown at [./open/src/hotspot/share/prims/jni.cpp, line 611]
Event: 28.328 Thread 0x000002631eccf000 Exception <a 'sun/nio/fs/WindowsException'{0x00000007147a2e68}> (0x00000007147a2e68) thrown at [./open/src/hotspot/share/prims/jni.cpp, line 611]
Event: 28.328 Thread 0x000002631eccf000 Exception <a 'sun/nio/fs/WindowsException'{0x00000007147a3258}> (0x00000007147a3258) thrown at [./open/src/hotspot/share/prims/jni.cpp, line 611]
Event: 28.328 Thread 0x000002631eccf000 Exception <a 'sun/nio/fs/WindowsException'{0x00000007147a4dc8}> (0x00000007147a4dc8) thrown at [./open/src/hotspot/share/prims/jni.cpp, line 611]
Event: 28.328 Thread 0x000002631eccf000 Exception <a 'sun/nio/fs/WindowsException'{0x00000007147a5288}> (0x00000007147a5288) thrown at [./open/src/hotspot/share/prims/jni.cpp, line 611]
Event: 28.338 Thread 0x000002631eccf000 Exception <a 'sun/nio/fs/WindowsException'{0x0000000714547b48}> (0x0000000714547b48) thrown at [./open/src/hotspot/share/prims/jni.cpp, line 611]
Event: 28.346 Thread 0x000002631eccf000 Exception <a 'sun/nio/fs/WindowsException'{0x00000007145edb18}> (0x00000007145edb18) thrown at [./open/src/hotspot/share/prims/jni.cpp, line 611]

Events (10 events):
Event: 28.307 Thread 0x000002631eccf000 Uncommon trap: trap_request=0xffffffc6 fr.pc=0x000002632e53cfb8 relative=0x0000000000000d58
Event: 28.307 Thread 0x000002631eccf000 DEOPT PACKING pc=0x000002632e53cfb8 sp=0x00000065934fc9a0
Event: 28.307 Thread 0x000002631eccf000 DEOPT UNPACKING pc=0x00000263263e68af sp=0x00000065934fc960 mode 2
Event: 28.360 loading class org/apache/maven/artifact/factory/DefaultArtifactFactory
Event: 28.360 loading class org/apache/maven/artifact/factory/DefaultArtifactFactory done
Event: 28.361 loading class org/apache/maven/artifact/factory/DefaultArtifactFactory
Event: 28.361 loading class org/apache/maven/artifact/factory/DefaultArtifactFactory done
Event: 28.361 Thread 0x000002631eccf000 Uncommon trap: trap_request=0xffffffde fr.pc=0x000002632e1f4108 relative=0x00000000000009e8
Event: 28.361 Thread 0x000002631eccf000 DEOPT PACKING pc=0x000002632e1f4108 sp=0x00000065934fd1c0
Event: 28.361 Thread 0x000002631eccf000 DEOPT UNPACKING pc=0x00000263263e68af sp=0x00000065934fd178 mode 2


Dynamic libraries:
0x00007ff6c3a20000 - 0x00007ff6c3a30000 	C:\Program Files\Java\jdk-11\bin\java.exe
0x00007ff93fcb0000 - 0x00007ff93fec7000 	C:\Windows\SYSTEM32\ntdll.dll
0x00007ff93dfd0000 - 0x00007ff93e094000 	C:\Windows\System32\KERNEL32.DLL
0x00007ff93d4f0000 - 0x00007ff93d897000 	C:\Windows\System32\KERNELBASE.dll
0x00007ff93cfd0000 - 0x00007ff93d0e1000 	C:\Windows\System32\ucrtbase.dll
0x00007ff92f610000 - 0x00007ff92f62b000 	C:\Program Files\Java\jdk-11\bin\VCRUNTIME140.dll
0x00007ff92f630000 - 0x00007ff92f649000 	C:\Program Files\Java\jdk-11\bin\jli.dll
0x00007ff93f590000 - 0x00007ff93f642000 	C:\Windows\System32\ADVAPI32.dll
0x00007ff93dc30000 - 0x00007ff93dcd7000 	C:\Windows\System32\msvcrt.dll
0x00007ff93da90000 - 0x00007ff93db38000 	C:\Windows\System32\sechost.dll
0x00007ff93d9b0000 - 0x00007ff93d9d8000 	C:\Windows\System32\bcrypt.dll
0x00007ff93f910000 - 0x00007ff93fa25000 	C:\Windows\System32\RPCRT4.dll
0x00007ff93fac0000 - 0x00007ff93fc6e000 	C:\Windows\System32\USER32.dll
0x00007ff925240000 - 0x00007ff9254d3000 	C:\Windows\WinSxS\amd64_microsoft.windows.common-controls_6595b64144ccf1df_6.0.22621.3527_none_270e469b73872a76\COMCTL32.dll
0x00007ff93d3a0000 - 0x00007ff93d3c6000 	C:\Windows\System32\win32u.dll
0x00007ff93df30000 - 0x00007ff93df59000 	C:\Windows\System32\GDI32.dll
0x00007ff93d3d0000 - 0x00007ff93d4e9000 	C:\Windows\System32\gdi32full.dll
0x00007ff93d910000 - 0x00007ff93d9aa000 	C:\Windows\System32\msvcp_win.dll
0x00007ff92fa10000 - 0x00007ff92fa1a000 	C:\Windows\SYSTEM32\VERSION.dll
0x00007ff93db40000 - 0x00007ff93db71000 	C:\Windows\System32\IMM32.DLL
0x00007ff932100000 - 0x00007ff93210c000 	C:\Program Files\Java\jdk-11\bin\vcruntime140_1.dll
0x00007ff92f580000 - 0x00007ff92f60e000 	C:\Program Files\Java\jdk-11\bin\msvcp140.dll
0x00007ff8ca630000 - 0x00007ff8cb19e000 	C:\Program Files\Java\jdk-11\bin\server\jvm.dll
0x00007ff93dc20000 - 0x00007ff93dc28000 	C:\Windows\System32\PSAPI.DLL
0x00007ff932280000 - 0x00007ff932289000 	C:\Windows\SYSTEM32\WSOCK32.dll
0x00007ff930730000 - 0x00007ff930764000 	C:\Windows\SYSTEM32\WINMM.dll
0x00007ff93dba0000 - 0x00007ff93dc11000 	C:\Windows\System32\WS2_32.dll
0x00007ff93bfb0000 - 0x00007ff93bfc8000 	C:\Windows\SYSTEM32\kernel.appcore.dll
0x00007ff92ed70000 - 0x00007ff92ed80000 	C:\Program Files\Java\jdk-11\bin\verify.dll
0x00007ff93a6f0000 - 0x00007ff93a922000 	C:\Windows\SYSTEM32\DBGHELP.DLL
0x00007ff93e1b0000 - 0x00007ff93e538000 	C:\Windows\System32\combase.dll
0x00007ff93de50000 - 0x00007ff93df27000 	C:\Windows\System32\OLEAUT32.dll
0x00007ff9146e0000 - 0x00007ff914712000 	C:\Windows\SYSTEM32\dbgcore.DLL
0x00007ff93d0f0000 - 0x00007ff93d169000 	C:\Windows\System32\bcryptPrimitives.dll
0x00007ff92ed40000 - 0x00007ff92ed68000 	C:\Program Files\Java\jdk-11\bin\java.dll
0x00007ff92ed30000 - 0x00007ff92ed3a000 	C:\Program Files\Java\jdk-11\bin\jimage.dll
0x00007ff92ecb0000 - 0x00007ff92ecbe000 	C:\Program Files\Java\jdk-11\bin\instrument.dll
0x00007ff92ec70000 - 0x00007ff92ec87000 	C:\Program Files\Java\jdk-11\bin\zip.dll
0x00007ff93e540000 - 0x00007ff93ed9c000 	C:\Windows\System32\SHELL32.dll
0x00007ff93ad30000 - 0x00007ff93b626000 	C:\Windows\SYSTEM32\windows.storage.dll
0x00007ff93abf0000 - 0x00007ff93ad2e000 	C:\Windows\SYSTEM32\wintypes.dll
0x00007ff93f7b0000 - 0x00007ff93f8a5000 	C:\Windows\System32\SHCORE.dll
0x00007ff93f8b0000 - 0x00007ff93f90e000 	C:\Windows\System32\shlwapi.dll
0x00007ff93cf00000 - 0x00007ff93cf21000 	C:\Windows\SYSTEM32\profapi.dll
0x00007ff92ec50000 - 0x00007ff92ec69000 	C:\Program Files\Java\jdk-11\bin\net.dll
0x00007ff93bfd0000 - 0x00007ff93c106000 	C:\Windows\SYSTEM32\WINHTTP.dll
0x00007ff93c550000 - 0x00007ff93c5b9000 	C:\Windows\system32\mswsock.dll
0x00007ff92ec00000 - 0x00007ff92ec12000 	C:\Program Files\Java\jdk-11\bin\nio.dll
0x00007ff92a950000 - 0x00007ff92a96a000 	C:\Users\rsaintpaul\AppData\Local\JetBrains\IntelliJ IDEA 2024.1\bin\breakgen64.dll
0x0000000069ac0000 - 0x0000000069ae4000 	C:\Users\rsaintpaul\AppData\Local\Temp\jansi-2.4.0-648e3ac4b8ab024f-jansi.dll
0x00007ff93c110000 - 0x00007ff93c144000 	C:\Windows\SYSTEM32\ntmarta.dll
0x00007ff93c850000 - 0x00007ff93c86b000 	C:\Windows\SYSTEM32\CRYPTSP.dll
0x00007ff93bf10000 - 0x00007ff93bf45000 	C:\Windows\system32\rsaenh.dll
0x00007ff93c5f0000 - 0x00007ff93c618000 	C:\Windows\SYSTEM32\USERENV.dll
0x00007ff93c830000 - 0x00007ff93c83c000 	C:\Windows\SYSTEM32\CRYPTBASE.dll
0x00007ff93b750000 - 0x00007ff93b77d000 	C:\Windows\SYSTEM32\IPHLPAPI.DLL
0x00007ff93dfc0000 - 0x00007ff93dfc9000 	C:\Windows\System32\NSI.dll
0x00007ff933100000 - 0x00007ff933119000 	C:\Windows\SYSTEM32\dhcpcsvc6.DLL
0x00007ff9330e0000 - 0x00007ff9330ff000 	C:\Windows\SYSTEM32\dhcpcsvc.DLL
0x00007ff93b780000 - 0x00007ff93b878000 	C:\Windows\SYSTEM32\DNSAPI.dll

dbghelp: loaded successfully - version: 4.0.5 - missing functions: none
symbol engine: initialized successfully - sym options: 0x614 - pdb path: .;C:\Program Files\Java\jdk-11\bin;C:\Windows\SYSTEM32;C:\Windows\WinSxS\amd64_microsoft.windows.common-controls_6595b64144ccf1df_6.0.22621.3527_none_270e469b73872a76;C:\Program Files\Java\jdk-11\bin\server;C:\Users\rsaintpaul\AppData\Local\JetBrains\IntelliJ IDEA 2024.1\bin;C:\Users\rsaintpaul\AppData\Local\Temp

VM Arguments:
jvm_args: -Dmaven.multiModuleProjectDirectory=C:\Users\rsaintpaul\IdeaProjects\vertigo-bot-factory -Djansi.passthrough=true -Dmaven.home=C:\Users\rsaintpaul\AppData\Local\JetBrains\IntelliJ IDEA 2024.1\plugins\maven\lib\maven3 -Dclassworlds.conf=C:\Users\rsaintpaul\AppData\Local\JetBrains\IntelliJ IDEA 2024.1\plugins\maven\lib\maven3\bin\m2.conf -Dmaven.ext.class.path=C:\Users\rsaintpaul\AppData\Local\JetBrains\IntelliJ IDEA 2024.1\plugins\maven\lib\maven-event-listener.jar -javaagent:C:\Users\rsaintpaul\AppData\Local\JetBrains\IntelliJ IDEA 2024.1\lib\idea_rt.jar=55946:C:\Users\rsaintpaul\AppData\Local\JetBrains\IntelliJ IDEA 2024.1\bin -Dfile.encoding=UTF-8 
java_command: org.codehaus.classworlds.Launcher -Didea.version=2024.1 install
java_class_path (initial): C:\Users\rsaintpaul\AppData\Local\JetBrains\IntelliJ IDEA 2024.1\plugins\maven\lib\maven3\boot\plexus-classworlds-2.7.0.jar;C:\Users\rsaintpaul\AppData\Local\JetBrains\IntelliJ IDEA 2024.1\plugins\maven\lib\maven3\boot\plexus-classworlds.license
Launcher Type: SUN_STANDARD

[Global flags]
     intx CICompilerCount                          = 4                                         {product} {ergonomic}
     uint ConcGCThreads                            = 2                                         {product} {ergonomic}
     uint G1ConcRefinementThreads                  = 8                                         {product} {ergonomic}
   size_t G1HeapRegionSize                         = 1048576                                   {product} {ergonomic}
    uintx GCDrainStackTargetSize                   = 64                                        {product} {ergonomic}
   size_t InitialHeapSize                          = 266338304                                 {product} {ergonomic}
   size_t MarkStackSize                            = 4194304                                   {product} {ergonomic}
   size_t MaxHeapSize                              = 4232052736                                {product} {ergonomic}
   size_t MaxNewSize                               = 2538602496                                {product} {ergonomic}
   size_t MinHeapDeltaBytes                        = 1048576                                   {product} {ergonomic}
    uintx NonNMethodCodeHeapSize                   = 5836300                                {pd product} {ergonomic}
    uintx NonProfiledCodeHeapSize                  = 122910970                              {pd product} {ergonomic}
    uintx ProfiledCodeHeapSize                     = 122910970                              {pd product} {ergonomic}
    uintx ReservedCodeCacheSize                    = 251658240                              {pd product} {ergonomic}
     bool SegmentedCodeCache                       = true                                      {product} {ergonomic}
     bool UseCompressedClassPointers               = true                                 {lp64_product} {ergonomic}
     bool UseCompressedOops                        = true                                 {lp64_product} {ergonomic}
     bool UseG1GC                                  = true                                      {product} {ergonomic}
     bool UseLargePagesIndividualAllocation        = false                                  {pd product} {ergonomic}

Logging:
Log output configuration:
 #0: stdout all=warning uptime,level,tags
 #1: stderr all=off uptime,level,tags

Environment Variables:
JAVA_HOME=C:\Program Files\Java\jdk-11\bin
PATH=C:\Program Files\Common Files\Oracle\Java\javapath;C:\Windows\system32;C:\Windows;C:\Windows\System32\Wbem;C:\Windows\System32\WindowsPowerShell\v1.0\;C:\Windows\System32\OpenSSH\;C:\Program Files (x86)\Pulse Secure\VC142.CRT\X64\;C:\Program Files (x86)\Pulse Secure\VC142.CRT\X86\;C:\Program Files (x86)\Common Files\Pulse Secure\TNC Client Plugin\;C:\Program Files\Git\cmd;C:\Users\rsaintpaul\Downloads\apache-maven-3.9.6-bin\apache-maven-3.9.6\bin;C:\Users\rsaintpaul\AppData\Local\Microsoft\WindowsApps;
USERNAME=rsaintpaul
OS=Windows_NT
PROCESSOR_IDENTIFIER=Intel64 Family 6 Model 142 Stepping 12, GenuineIntel



---------------  S Y S T E M  ---------------

OS: Windows 11 , 64 bit Build 22621 (10.0.22621.3527)
Hyper-V role detected

CPU:total 8 (initial active 8) (4 cores per cpu, 2 threads per core) family 6 model 142 stepping 12 microcode 0xf8, cmov, cx8, fxsr, mmx, sse, sse2, sse3, ssse3, sse4.1, sse4.2, popcnt, avx, avx2, aes, clmul, erms, 3dnowpref, lzcnt, ht, tsc, tscinvbit, bmi1, bmi2, adx, fma

Memory: 4k page, system-wide physical 16140M (4203M free)
TotalPageFile size 23052M (AvailPageFile size 9224M)
current process WorkingSet (physical memory assigned to process): 580M, peak: 580M
current process commit charge ("private bytes"): 626M, peak: 654M

vm_info: Java HotSpot(TM) 64-Bit Server VM (11.0.22+9-LTS-219) for windows-amd64 JRE (11.0.22+9-LTS-219), built on Dec 19 2023 22:08:21 by "mach5one" with MS VC++ 17.1 (VS2022)

END.
