#
# A fatal error has been detected by the Java Runtime Environment:
#
#  EXCEPTION_ACCESS_VIOLATION (0xc0000005) at pc=0x00007ff8a5371130, pid=10864, tid=5056
#
# JRE version: Java(TM) SE Runtime Environment 18.9 (11.0.22+9) (build 11.0.22+9-LTS-219)
# Java VM: Java HotSpot(TM) 64-Bit Server VM 18.9 (11.0.22+9-LTS-219, mixed mode, tiered, compressed oops, g1 gc, windows-amd64)
# Problematic frame:
# V  [jvm.dll+0x641130]
#
# No core dump will be written. Minidumps are not enabled by default on client versions of Windows
#
# If you would like to submit a bug report, please visit:
#   https://bugreport.java.com/bugreport/crash.jsp
#

---------------  S U M M A R Y ------------

Command Line: -Dmaven.multiModuleProjectDirectory=C:\Users\rsaintpaul\IdeaProjects\vertigo-bot-factory -Djansi.passthrough=true -Dmaven.home=C:\Users\rsaintpaul\AppData\Local\JetBrains\IntelliJ IDEA 2024.1\plugins\maven\lib\maven3 -Dclassworlds.conf=C:\Users\rsaintpaul\AppData\Local\JetBrains\IntelliJ IDEA 2024.1\plugins\maven\lib\maven3\bin\m2.conf -Dmaven.ext.class.path=C:\Users\rsaintpaul\AppData\Local\JetBrains\IntelliJ IDEA 2024.1\plugins\maven\lib\maven-event-listener.jar -javaagent:C:\Users\rsaintpaul\AppData\Local\JetBrains\IntelliJ IDEA 2024.1\lib\idea_rt.jar=61191:C:\Users\rsaintpaul\AppData\Local\JetBrains\IntelliJ IDEA 2024.1\bin -Dfile.encoding=UTF-8 org.codehaus.classworlds.Launcher -Didea.version=2024.1 install

Host: Intel(R) Core(TM) i5-10310U CPU @ 1.70GHz, 8 cores, 15G,  Windows 11 , 64 bit Build 22621 (10.0.22621.3527)
Time: Thu May 23 14:24:38 2024 Paris, Madrid (heure duild 22621 (10.0.22621.3527) elapsed time: 25.202118 seconds (0d 0h 0m 25s)

---------------  T H R E A D  ---------------

Current thread (0x00000192c25b6000):  JavaThread "C2 CompilerThread0" daemon [_thread_in_native, id=5056, stack(0x0000004242500000,0x0000004242600000)]


Current CompileTask:
C2:  25202 11300       4       java.util.regex.Matcher::replaceAll (59 bytes)

Stack: [0x0000004242500000,0x0000004242600000],  sp=0x00000042425fbc78,  free space=1007k
Native frames: (J=compiled Java code, j=interpreted, Vv=VM code, C=native code)
V  [jvm.dll+0x641130]


siginfo: EXCEPTION_ACCESS_VIOLATION (0xc0000005), reading address 0x000000000000002c


Register to memory mapping:

RIP=0x00007ff8a5371130 jvm.dll
RAX=0x0 is NULL
RBX=0x000000000000000e is an unknown value
RCX=0x0 is NULL
RDX=0x000000000000000e is an unknown value
RSP=0x00000042425fbc78 is pointing into the stack for thread: 0x00000192c25b6000
RBP=0x00000042425fbd80 is pointing into the stack for thread: 0x00000192c25b6000
RSI=0x00000192c89ebba8 points into unknown readable memory: 0x00007ff8a559fab0 | b0 fa 59 a5 f8 7f 00 00
RDI=0x0 is NULL
R8 =0x000000000000000a is an unknown value
R9 =0x00000192c390d8d8 points into unknown readable memory: 0x00000192c43a9930 | 30 99 3a c4 92 01 00 00
R10=0x00000192c8e188a8 points into unknown readable memory: 0x00000192c43a9930 | 30 99 3a c4 92 01 00 00
R11=0x00000192c89ebba8 points into unknown readable memory: 0x00007ff8a559fab0 | b0 fa 59 a5 f8 7f 00 00
R12=0x000000000000002a is an unknown value
R13=0x0000000000015d60 is an unknown value
R14=0x000000000000002a is an unknown value
R15=0x00000192c390d638 points into unknown readable memory: 0x00007ff8a555b138 | 38 b1 55 a5 f8 7f 00 00


Registers:
RAX=0x0000000000000000, RBX=0x000000000000000e, RCX=0x0000000000000000, RDX=0x000000000000000e
RSP=0x00000042425fbc78, RBP=0x00000042425fbd80, RSI=0x00000192c89ebba8, RDI=0x0000000000000000
R8 =0x000000000000000a, R9 =0x00000192c390d8d8, R10=0x00000192c8e188a8, R11=0x00000192c89ebba8
R12=0x000000000000002a, R13=0x0000000000015d60, R14=0x000000000000002a, R15=0x00000192c390d638
RIP=0x00007ff8a5371130, EFLAGS=0x0000000000010246

Top of Stack: (sp=0x00000042425fbc78)
0x00000042425fbc78:   00007ff8a53e5807 00000042425fc520
0x00000042425fbc88:   0000004200000006 0000000000000001
0x00000042425fbc98:   00000042425fbd80 00000192c390d638
0x00000042425fbca8:   000000420000000d 00000192000008a9
0x00000042425fbcb8:   00000192c6322300 00000192c6f58b00
0x00000042425fbcc8:   00000042425fbf70 0000000000000000
0x00000042425fbcd8:   00000042425fbefc 00000192c89ebba8
0x00000042425fbce8:   000000100000000e 00000192c67a8d90
0x00000042425fbcf8:   000000510000002a 0000019200000010
0x00000042425fbd08:   000000000000000e 00000192c6f58b90
0x00000042425fbd18:   0000019200000000 00000192c9b795a8
0x00000042425fbd28:   000000420000011a 00000192c6f58e20
0x00000042425fbd38:   0000000000000000 00000192c63260e0
0x00000042425fbd48:   0000066800000000 00000042425fc250
0x00000042425fbd58:   0000000000000013 00000192c6320980
0x00000042425fbd68:   00000192c6323cc0 0000066800000051 

Instructions: (pc=0x00007ff8a5371130)
0x00007ff8a5371110:   38 c3 41 83 e0 3f 41 80 f8 30 75 04 48 89 51 48
0x00007ff8a5371120:   c3 cc cc cc cc cc cc cc cc cc cc cc cc cc cc cc
0x00007ff8a5371130:   8b 41 2c 24 03 3c 02 0f 84 73 3a f4 ff 0f b6 41
0x00007ff8a5371140:   30 d0 e8 24 01 c3 cc cc cc cc cc cc cc cc cc cc 


Stack slot to memory mapping:
stack at sp + 0 slots: 0x00007ff8a53e5807 jvm.dll
stack at sp + 1 slots: 0x00000042425fc520 is pointing into the stack for thread: 0x00000192c25b6000
stack at sp + 2 slots: 0x0000004200000006 is an unknown value
stack at sp + 3 slots: 0x0000000000000001 is an unknown value
stack at sp + 4 slots: 0x00000042425fbd80 is pointing into the stack for thread: 0x00000192c25b6000
stack at sp + 5 slots: 0x00000192c390d638 points into unknown readable memory: 0x00007ff8a555b138 | 38 b1 55 a5 f8 7f 00 00
stack at sp + 6 slots: 0x000000420000000d is an unknown value
stack at sp + 7 slots: 0x00000192000008a9 is an unknown value


---------------  P R O C E S S  ---------------

Threads class SMR info:
_java_thread_list=0x00000192c94b29f0, length=11, elements={
0x000001929f11f000, 0x00000192c1cab000, 0x00000192c1cb4000, 0x00000192c25a7800,
0x00000192c25a8800, 0x00000192c25aa000, 0x00000192c25b6000, 0x00000192c25bc800,
0x00000192c25bd800, 0x00000192c2540800, 0x00000192c27e7800
}

Java Threads: ( => current thread )
  0x000001929f11f000 JavaThread "main" [_thread_in_native, id=12024, stack(0x0000004241900000,0x0000004241a00000)]
  0x00000192c1cab000 JavaThread "Reference Handler" daemon [_thread_blocked, id=3180, stack(0x0000004242000000,0x0000004242100000)]
  0x00000192c1cb4000 JavaThread "Finalizer" daemon [_thread_blocked, id=2552, stack(0x0000004242100000,0x0000004242200000)]
  0x00000192c25a7800 JavaThread "Signal Dispatcher" daemon [_thread_blocked, id=4936, stack(0x0000004242200000,0x0000004242300000)]
  0x00000192c25a8800 JavaThread "Attach Listener" daemon [_thread_blocked, id=2196, stack(0x0000004242300000,0x0000004242400000)]
  0x00000192c25aa000 JavaThread "Service Thread" daemon [_thread_blocked, id=7720, stack(0x0000004242400000,0x0000004242500000)]
=>0x00000192c25b6000 JavaThread "C2 CompilerThread0" daemon [_thread_in_native, id=5056, stack(0x0000004242500000,0x0000004242600000)]
  0x00000192c25bc800 JavaThread "C1 CompilerThread0" daemon [_thread_blocked, id=7500, stack(0x0000004242600000,0x0000004242700000)]
  0x00000192c25bd800 JavaThread "Sweeper thread" daemon [_thread_blocked, id=2636, stack(0x0000004242700000,0x0000004242800000)]
  0x00000192c2540800 JavaThread "Common-Cleaner" daemon [_thread_blocked, id=11424, stack(0x0000004242800000,0x0000004242900000)]
  0x00000192c27e7800 JavaThread "Monitor Ctrl-Break" daemon [_thread_in_native, id=5564, stack(0x0000004242900000,0x0000004242a00000)]

Other Threads:
  0x00000192c1ca9000 VMThread "VM Thread" [stack: 0x0000004241f00000,0x0000004242000000] [id=13480]
  0x00000192c27ec800 WatcherThread [stack: 0x0000004242a00000,0x0000004242b00000] [id=9160]
  0x000001929f134000 GCTaskThread "GC Thread#0" [stack: 0x0000004241a00000,0x0000004241b00000] [id=1064]
  0x00000192c35d9000 GCTaskThread "GC Thread#1" [stack: 0x0000004242d00000,0x0000004242e00000] [id=9508]
  0x00000192c2fa1000 GCTaskThread "GC Thread#2" [stack: 0x0000004242e00000,0x0000004242f00000] [id=10900]
  0x00000192c396e000 GCTaskThread "GC Thread#3" [stack: 0x0000004242f00000,0x0000004243000000] [id=17572]
  0x00000192c3971000 GCTaskThread "GC Thread#4" [stack: 0x0000004243000000,0x0000004243100000] [id=6600]
  0x00000192c3972800 GCTaskThread "GC Thread#5" [stack: 0x0000004243100000,0x0000004243200000] [id=11820]
  0x00000192c8d87000 GCTaskThread "GC Thread#6" [stack: 0x0000004243700000,0x0000004243800000] [id=9744]
  0x000001929f191800 ConcurrentGCThread "G1 Main Marker" [stack: 0x0000004241b00000,0x0000004241c00000] [id=1952]
  0x000001929f194000 ConcurrentGCThread "G1 Conc#0" [stack: 0x0000004241c00000,0x0000004241d00000] [id=9832]
  0x00000192c396d800 ConcurrentGCThread "G1 Conc#1" [stack: 0x0000004243200000,0x0000004243300000] [id=8804]
  0x00000192c1b88800 ConcurrentGCThread "G1 Refine#0" [stack: 0x0000004241d00000,0x0000004241e00000] [id=10328]
  0x00000192c396f000 ConcurrentGCThread "G1 Refine#1" [stack: 0x0000004243400000,0x0000004243500000] [id=2104]
  0x00000192c3970800 ConcurrentGCThread "G1 Refine#2" [stack: 0x0000004243500000,0x0000004243600000] [id=4976]
  0x00000192c3974800 ConcurrentGCThread "G1 Refine#3" [stack: 0x0000004243600000,0x0000004243700000] [id=18156]
  0x00000192c8d84800 ConcurrentGCThread "G1 Refine#4" [stack: 0x0000004243800000,0x0000004243900000] [id=3720]
  0x00000192c8d83000 ConcurrentGCThread "G1 Refine#5" [stack: 0x0000004243900000,0x0000004243a00000] [id=7452]
  0x00000192c1b8a000 ConcurrentGCThread "G1 Young RemSet Sampling" [stack: 0x0000004241e00000,0x0000004241f00000] [id=2480]

Threads with active compile tasks:
C2 CompilerThread0    25303 11300       4       java.util.regex.Matcher::replaceAll (59 bytes)

VM state:not at safepoint (normal execution)

VM Mutex/Monitor currently owned by a thread: None

Heap address: 0x0000000703c00000, size: 4036 MB, Compressed Oops mode: Zero based, Oop shift amount: 3
Narrow klass base: 0x0000000800000000, Narrow klass shift: 0
Compressed class space size: 1073741824 Address: 0x0000000800000000

Heap:
 garbage-first heap   total 312320K, used 235252K [0x0000000703c00000, 0x0000000800000000)
  region size 1024K, 164 young (167936K), 11 survivors (11264K)
 Metaspace       used 51205K, capacity 52589K, committed 52732K, reserved 1095680K
  class space    used 5457K, capacity 5954K, committed 6016K, reserved 1048576K
Heap Regions: E=young(eden), S=young(survivor), O=old, HS=humongous(starts), HC=humongous(continues), CS=collection set, F=free, A=archive, TAMS=top-at-mark-start (previous, next)
|   0|0x0000000703c00000, 0x0000000703d00000, 0x0000000703d00000|100%| O|  |TAMS 0x0000000703d00000, 0x0000000703c00000| Untracked 
|   1|0x0000000703d00000, 0x0000000703e00000, 0x0000000703e00000|100%| O|  |TAMS 0x0000000703e00000, 0x0000000703d00000| Untracked 
|   2|0x0000000703e00000, 0x0000000703f00000, 0x0000000703f00000|100%| O|  |TAMS 0x0000000703f00000, 0x0000000703e00000| Untracked 
|   3|0x0000000703f00000, 0x0000000704000000, 0x0000000704000000|100%| O|  |TAMS 0x0000000704000000, 0x0000000703f00000| Untracked 
|   4|0x0000000704000000, 0x0000000704100000, 0x0000000704100000|100%| O|  |TAMS 0x0000000704100000, 0x0000000704000000| Untracked 
|   5|0x0000000704100000, 0x0000000704200000, 0x0000000704200000|100%| O|  |TAMS 0x0000000704200000, 0x0000000704100000| Untracked 
|   6|0x0000000704200000, 0x0000000704300000, 0x0000000704300000|100%| O|  |TAMS 0x0000000704300000, 0x0000000704200000| Untracked 
|   7|0x0000000704300000, 0x0000000704400000, 0x0000000704400000|100%| O|  |TAMS 0x0000000704400000, 0x0000000704300000| Untracked 
|   8|0x0000000704400000, 0x0000000704500000, 0x0000000704500000|100%| O|  |TAMS 0x0000000704500000, 0x0000000704400000| Untracked 
|   9|0x0000000704500000, 0x0000000704600000, 0x0000000704600000|100%| O|  |TAMS 0x0000000704600000, 0x0000000704500000| Untracked 
|  10|0x0000000704600000, 0x0000000704700000, 0x0000000704700000|100%| O|  |TAMS 0x0000000704700000, 0x0000000704600000| Untracked 
|  11|0x0000000704700000, 0x0000000704800000, 0x0000000704800000|100%| O|  |TAMS 0x0000000704700000, 0x0000000704700000| Untracked 
|  12|0x0000000704800000, 0x0000000704900000, 0x0000000704900000|100%| O|  |TAMS 0x0000000704800000, 0x0000000704800000| Untracked 
|  13|0x0000000704900000, 0x0000000704a00000, 0x0000000704a00000|100%| O|  |TAMS 0x0000000704900000, 0x0000000704900000| Untracked 
|  14|0x0000000704a00000, 0x0000000704b00000, 0x0000000704b00000|100%| O|  |TAMS 0x0000000704a00000, 0x0000000704a00000| Untracked 
|  15|0x0000000704b00000, 0x0000000704c00000, 0x0000000704c00000|100%| O|  |TAMS 0x0000000704b00000, 0x0000000704b00000| Untracked 
|  16|0x0000000704c00000, 0x0000000704d00000, 0x0000000704d00000|100%| O|  |TAMS 0x0000000704c00000, 0x0000000704c00000| Untracked 
|  17|0x0000000704d00000, 0x0000000704e00000, 0x0000000704e00000|100%| O|  |TAMS 0x0000000704d00000, 0x0000000704d00000| Untracked 
|  18|0x0000000704e00000, 0x0000000704f00000, 0x0000000704f00000|100%| O|  |TAMS 0x0000000704e00000, 0x0000000704e00000| Untracked 
|  19|0x0000000704f00000, 0x0000000705000000, 0x0000000705000000|100%| O|  |TAMS 0x0000000704f00000, 0x0000000704f00000| Untracked 
|  20|0x0000000705000000, 0x0000000705100000, 0x0000000705100000|100%| O|  |TAMS 0x0000000705000000, 0x0000000705000000| Untracked 
|  21|0x0000000705100000, 0x0000000705200000, 0x0000000705200000|100%| O|  |TAMS 0x0000000705100000, 0x0000000705100000| Untracked 
|  22|0x0000000705200000, 0x0000000705300000, 0x0000000705300000|100%| O|  |TAMS 0x0000000705200000, 0x0000000705200000| Untracked 
|  23|0x0000000705300000, 0x0000000705400000, 0x0000000705400000|100%| O|  |TAMS 0x0000000705300000, 0x0000000705300000| Untracked 
|  24|0x0000000705400000, 0x0000000705500000, 0x0000000705500000|100%| O|  |TAMS 0x0000000705400000, 0x0000000705400000| Untracked 
|  25|0x0000000705500000, 0x0000000705600000, 0x0000000705600000|100%| O|  |TAMS 0x0000000705500000, 0x0000000705500000| Untracked 
|  26|0x0000000705600000, 0x0000000705700000, 0x0000000705700000|100%|HS|  |TAMS 0x0000000705600000, 0x0000000705600000| Complete 
|  27|0x0000000705700000, 0x0000000705800000, 0x0000000705800000|100%|HC|  |TAMS 0x0000000705700000, 0x0000000705700000| Complete 
|  28|0x0000000705800000, 0x0000000705900000, 0x0000000705900000|100%| O|  |TAMS 0x0000000705800000, 0x0000000705800000| Untracked 
|  29|0x0000000705900000, 0x0000000705a00000, 0x0000000705a00000|100%| O|  |TAMS 0x0000000705900000, 0x0000000705900000| Untracked 
|  30|0x0000000705a00000, 0x0000000705b00000, 0x0000000705b00000|100%| O|  |TAMS 0x0000000705a00000, 0x0000000705a00000| Untracked 
|  31|0x0000000705b00000, 0x0000000705c00000, 0x0000000705c00000|100%| O|  |TAMS 0x0000000705b00000, 0x0000000705b00000| Untracked 
|  32|0x0000000705c00000, 0x0000000705d00000, 0x0000000705d00000|100%| O|  |TAMS 0x0000000705c00000, 0x0000000705c00000| Untracked 
|  33|0x0000000705d00000, 0x0000000705e00000, 0x0000000705e00000|100%| O|  |TAMS 0x0000000705d00000, 0x0000000705d00000| Untracked 
|  34|0x0000000705e00000, 0x0000000705f00000, 0x0000000705f00000|100%| O|  |TAMS 0x0000000705e00000, 0x0000000705e00000| Untracked 
|  35|0x0000000705f00000, 0x0000000706000000, 0x0000000706000000|100%| O|  |TAMS 0x0000000705f00000, 0x0000000705f00000| Untracked 
|  36|0x0000000706000000, 0x0000000706100000, 0x0000000706100000|100%| O|  |TAMS 0x0000000706000000, 0x0000000706000000| Untracked 
|  37|0x0000000706100000, 0x0000000706200000, 0x0000000706200000|100%| O|  |TAMS 0x0000000706100000, 0x0000000706100000| Untracked 
|  38|0x0000000706200000, 0x0000000706300000, 0x0000000706300000|100%| O|  |TAMS 0x0000000706200000, 0x0000000706200000| Untracked 
|  39|0x0000000706300000, 0x0000000706400000, 0x0000000706400000|100%| O|  |TAMS 0x0000000706300000, 0x0000000706300000| Untracked 
|  40|0x0000000706400000, 0x0000000706500000, 0x0000000706500000|100%| O|  |TAMS 0x0000000706400000, 0x0000000706400000| Untracked 
|  41|0x0000000706500000, 0x0000000706600000, 0x0000000706600000|100%| O|  |TAMS 0x0000000706500000, 0x0000000706500000| Untracked 
|  42|0x0000000706600000, 0x0000000706700000, 0x0000000706700000|100%| O|  |TAMS 0x0000000706600000, 0x0000000706600000| Untracked 
|  43|0x0000000706700000, 0x0000000706800000, 0x0000000706800000|100%| O|  |TAMS 0x0000000706700000, 0x0000000706700000| Untracked 
|  44|0x0000000706800000, 0x0000000706900000, 0x0000000706900000|100%| O|  |TAMS 0x0000000706800000, 0x0000000706800000| Untracked 
|  45|0x0000000706900000, 0x0000000706a00000, 0x0000000706a00000|100%| O|  |TAMS 0x0000000706900000, 0x0000000706900000| Untracked 
|  46|0x0000000706a00000, 0x0000000706b00000, 0x0000000706b00000|100%| O|  |TAMS 0x0000000706a00000, 0x0000000706a00000| Untracked 
|  47|0x0000000706b00000, 0x0000000706c00000, 0x0000000706c00000|100%| O|  |TAMS 0x0000000706b00000, 0x0000000706b00000| Untracked 
|  48|0x0000000706c00000, 0x0000000706d00000, 0x0000000706d00000|100%| O|  |TAMS 0x0000000706c00000, 0x0000000706c00000| Untracked 
|  49|0x0000000706d00000, 0x0000000706e00000, 0x0000000706e00000|100%| O|  |TAMS 0x0000000706d00000, 0x0000000706d00000| Untracked 
|  50|0x0000000706e00000, 0x0000000706f00000, 0x0000000706f00000|100%| O|  |TAMS 0x0000000706e00000, 0x0000000706e00000| Untracked 
|  51|0x0000000706f00000, 0x0000000707000000, 0x0000000707000000|100%| O|  |TAMS 0x0000000706f00000, 0x0000000706f00000| Untracked 
|  52|0x0000000707000000, 0x0000000707100000, 0x0000000707100000|100%| O|  |TAMS 0x0000000707000000, 0x0000000707000000| Untracked 
|  53|0x0000000707100000, 0x0000000707200000, 0x0000000707200000|100%| O|  |TAMS 0x0000000707100000, 0x0000000707100000| Untracked 
|  54|0x0000000707200000, 0x0000000707300000, 0x0000000707300000|100%| O|  |TAMS 0x0000000707200000, 0x0000000707200000| Untracked 
|  55|0x0000000707300000, 0x0000000707400000, 0x0000000707400000|100%| O|  |TAMS 0x0000000707300000, 0x0000000707300000| Untracked 
|  56|0x0000000707400000, 0x0000000707500000, 0x0000000707500000|100%| O|  |TAMS 0x0000000707400000, 0x0000000707400000| Untracked 
|  57|0x0000000707500000, 0x0000000707600000, 0x0000000707600000|100%| O|  |TAMS 0x0000000707500000, 0x0000000707500000| Untracked 
|  58|0x0000000707600000, 0x0000000707700000, 0x0000000707700000|100%| O|  |TAMS 0x0000000707600000, 0x0000000707600000| Untracked 
|  59|0x0000000707700000, 0x0000000707800000, 0x0000000707800000|100%| O|  |TAMS 0x0000000707700000, 0x0000000707700000| Untracked 
|  60|0x0000000707800000, 0x0000000707900000, 0x0000000707900000|100%| O|  |TAMS 0x0000000707800000, 0x0000000707800000| Untracked 
|  61|0x0000000707900000, 0x0000000707a00000, 0x0000000707a00000|100%| O|  |TAMS 0x0000000707900000, 0x0000000707900000| Untracked 
|  62|0x0000000707a00000, 0x0000000707b00000, 0x0000000707b00000|100%| O|  |TAMS 0x0000000707a00000, 0x0000000707a00000| Untracked 
|  63|0x0000000707b00000, 0x0000000707c00000, 0x0000000707c00000|100%| O|  |TAMS 0x0000000707b00000, 0x0000000707b00000| Untracked 
|  64|0x0000000707c00000, 0x0000000707d00000, 0x0000000707d00000|100%|HS|  |TAMS 0x0000000707c00000, 0x0000000707c00000| Complete 
|  65|0x0000000707d00000, 0x0000000707e00000, 0x0000000707e00000|100%|HC|  |TAMS 0x0000000707d00000, 0x0000000707d00000| Complete 
|  66|0x0000000707e00000, 0x0000000707f00000, 0x0000000707f00000|100%|HC|  |TAMS 0x0000000707e00000, 0x0000000707e00000| Complete 
|  67|0x0000000707f00000, 0x0000000707f00000, 0x0000000708000000|  0%| F|  |TAMS 0x0000000707f00000, 0x0000000707f00000| Untracked 
|  68|0x0000000708000000, 0x0000000708000000, 0x0000000708100000|  0%| F|  |TAMS 0x0000000708000000, 0x0000000708000000| Untracked 
|  69|0x0000000708100000, 0x0000000708100000, 0x0000000708200000|  0%| F|  |TAMS 0x0000000708100000, 0x0000000708100000| Untracked 
|  70|0x0000000708200000, 0x0000000708200000, 0x0000000708300000|  0%| F|  |TAMS 0x0000000708200000, 0x0000000708200000| Untracked 
|  71|0x0000000708300000, 0x0000000708300000, 0x0000000708400000|  0%| F|  |TAMS 0x0000000708300000, 0x0000000708300000| Untracked 
|  72|0x0000000708400000, 0x0000000708400000, 0x0000000708500000|  0%| F|  |TAMS 0x0000000708400000, 0x0000000708400000| Untracked 
|  73|0x0000000708500000, 0x0000000708500000, 0x0000000708600000|  0%| F|  |TAMS 0x0000000708500000, 0x0000000708500000| Untracked 
|  74|0x0000000708600000, 0x0000000708600000, 0x0000000708700000|  0%| F|  |TAMS 0x0000000708600000, 0x0000000708600000| Untracked 
|  75|0x0000000708700000, 0x0000000708700000, 0x0000000708800000|  0%| F|  |TAMS 0x0000000708700000, 0x0000000708700000| Untracked 
|  76|0x0000000708800000, 0x0000000708800000, 0x0000000708900000|  0%| F|  |TAMS 0x0000000708800000, 0x0000000708800000| Untracked 
|  77|0x0000000708900000, 0x0000000708900000, 0x0000000708a00000|  0%| F|  |TAMS 0x0000000708900000, 0x0000000708900000| Untracked 
|  78|0x0000000708a00000, 0x0000000708a00000, 0x0000000708b00000|  0%| F|  |TAMS 0x0000000708a00000, 0x0000000708a00000| Untracked 
|  79|0x0000000708b00000, 0x0000000708b00000, 0x0000000708c00000|  0%| F|  |TAMS 0x0000000708b00000, 0x0000000708b00000| Untracked 
|  80|0x0000000708c00000, 0x0000000708c00000, 0x0000000708d00000|  0%| F|  |TAMS 0x0000000708c00000, 0x0000000708c00000| Untracked 
|  81|0x0000000708d00000, 0x0000000708d00000, 0x0000000708e00000|  0%| F|  |TAMS 0x0000000708d00000, 0x0000000708d00000| Untracked 
|  82|0x0000000708e00000, 0x0000000708e00000, 0x0000000708f00000|  0%| F|  |TAMS 0x0000000708e00000, 0x0000000708e00000| Untracked 
|  83|0x0000000708f00000, 0x0000000708f00000, 0x0000000709000000|  0%| F|  |TAMS 0x0000000708f00000, 0x0000000708f00000| Untracked 
|  84|0x0000000709000000, 0x0000000709000000, 0x0000000709100000|  0%| F|  |TAMS 0x0000000709000000, 0x0000000709000000| Untracked 
|  85|0x0000000709100000, 0x0000000709100000, 0x0000000709200000|  0%| F|  |TAMS 0x0000000709100000, 0x0000000709100000| Untracked 
|  86|0x0000000709200000, 0x0000000709200000, 0x0000000709300000|  0%| F|  |TAMS 0x0000000709200000, 0x0000000709200000| Untracked 
|  87|0x0000000709300000, 0x0000000709300000, 0x0000000709400000|  0%| F|  |TAMS 0x0000000709300000, 0x0000000709300000| Untracked 
|  88|0x0000000709400000, 0x0000000709400000, 0x0000000709500000|  0%| F|  |TAMS 0x0000000709400000, 0x0000000709400000| Untracked 
|  89|0x0000000709500000, 0x0000000709500000, 0x0000000709600000|  0%| F|  |TAMS 0x0000000709500000, 0x0000000709500000| Untracked 
|  90|0x0000000709600000, 0x0000000709600000, 0x0000000709700000|  0%| F|  |TAMS 0x0000000709600000, 0x0000000709600000| Untracked 
|  91|0x0000000709700000, 0x0000000709700000, 0x0000000709800000|  0%| F|  |TAMS 0x0000000709700000, 0x0000000709700000| Untracked 
|  92|0x0000000709800000, 0x0000000709800000, 0x0000000709900000|  0%| F|  |TAMS 0x0000000709800000, 0x0000000709800000| Untracked 
|  93|0x0000000709900000, 0x0000000709900000, 0x0000000709a00000|  0%| F|  |TAMS 0x0000000709900000, 0x0000000709900000| Untracked 
|  94|0x0000000709a00000, 0x0000000709a00000, 0x0000000709b00000|  0%| F|  |TAMS 0x0000000709a00000, 0x0000000709a00000| Untracked 
|  95|0x0000000709b00000, 0x0000000709b00000, 0x0000000709c00000|  0%| F|  |TAMS 0x0000000709b00000, 0x0000000709b00000| Untracked 
|  96|0x0000000709c00000, 0x0000000709c00000, 0x0000000709d00000|  0%| F|  |TAMS 0x0000000709c00000, 0x0000000709c00000| Untracked 
|  97|0x0000000709d00000, 0x0000000709d00000, 0x0000000709e00000|  0%| F|  |TAMS 0x0000000709d00000, 0x0000000709d00000| Untracked 
|  98|0x0000000709e00000, 0x0000000709e00000, 0x0000000709f00000|  0%| F|  |TAMS 0x0000000709e00000, 0x0000000709e00000| Untracked 
|  99|0x0000000709f00000, 0x0000000709f00000, 0x000000070a000000|  0%| F|  |TAMS 0x0000000709f00000, 0x0000000709f00000| Untracked 
| 100|0x000000070a000000, 0x000000070a000000, 0x000000070a100000|  0%| F|  |TAMS 0x000000070a000000, 0x000000070a000000| Untracked 
| 101|0x000000070a100000, 0x000000070a100000, 0x000000070a200000|  0%| F|  |TAMS 0x000000070a100000, 0x000000070a100000| Untracked 
| 102|0x000000070a200000, 0x000000070a200000, 0x000000070a300000|  0%| F|  |TAMS 0x000000070a200000, 0x000000070a200000| Untracked 
| 103|0x000000070a300000, 0x000000070a300000, 0x000000070a400000|  0%| F|  |TAMS 0x000000070a300000, 0x000000070a300000| Untracked 
| 104|0x000000070a400000, 0x000000070a400000, 0x000000070a500000|  0%| F|  |TAMS 0x000000070a400000, 0x000000070a400000| Untracked 
| 105|0x000000070a500000, 0x000000070a500000, 0x000000070a600000|  0%| F|  |TAMS 0x000000070a500000, 0x000000070a500000| Untracked 
| 106|0x000000070a600000, 0x000000070a600000, 0x000000070a700000|  0%| F|  |TAMS 0x000000070a600000, 0x000000070a600000| Untracked 
| 107|0x000000070a700000, 0x000000070a700000, 0x000000070a800000|  0%| F|  |TAMS 0x000000070a700000, 0x000000070a700000| Untracked 
| 108|0x000000070a800000, 0x000000070a800000, 0x000000070a900000|  0%| F|  |TAMS 0x000000070a800000, 0x000000070a800000| Untracked 
| 109|0x000000070a900000, 0x000000070a900000, 0x000000070aa00000|  0%| F|  |TAMS 0x000000070a900000, 0x000000070a900000| Untracked 
| 110|0x000000070aa00000, 0x000000070aa00000, 0x000000070ab00000|  0%| F|  |TAMS 0x000000070aa00000, 0x000000070aa00000| Untracked 
| 111|0x000000070ab00000, 0x000000070ab00000, 0x000000070ac00000|  0%| F|  |TAMS 0x000000070ab00000, 0x000000070ab00000| Untracked 
| 112|0x000000070ac00000, 0x000000070ac00000, 0x000000070ad00000|  0%| F|  |TAMS 0x000000070ac00000, 0x000000070ac00000| Untracked 
| 113|0x000000070ad00000, 0x000000070ad00000, 0x000000070ae00000|  0%| F|  |TAMS 0x000000070ad00000, 0x000000070ad00000| Untracked 
| 114|0x000000070ae00000, 0x000000070ae00000, 0x000000070af00000|  0%| F|  |TAMS 0x000000070ae00000, 0x000000070ae00000| Untracked 
| 115|0x000000070af00000, 0x000000070af00000, 0x000000070b000000|  0%| F|  |TAMS 0x000000070af00000, 0x000000070af00000| Untracked 
| 116|0x000000070b000000, 0x000000070b000000, 0x000000070b100000|  0%| F|  |TAMS 0x000000070b000000, 0x000000070b000000| Untracked 
| 117|0x000000070b100000, 0x000000070b100000, 0x000000070b200000|  0%| F|  |TAMS 0x000000070b100000, 0x000000070b100000| Untracked 
| 118|0x000000070b200000, 0x000000070b200000, 0x000000070b300000|  0%| F|  |TAMS 0x000000070b200000, 0x000000070b200000| Untracked 
| 119|0x000000070b300000, 0x000000070b300000, 0x000000070b400000|  0%| F|  |TAMS 0x000000070b300000, 0x000000070b300000| Untracked 
| 120|0x000000070b400000, 0x000000070b400000, 0x000000070b500000|  0%| F|  |TAMS 0x000000070b400000, 0x000000070b400000| Untracked 
| 121|0x000000070b500000, 0x000000070b500000, 0x000000070b600000|  0%| F|  |TAMS 0x000000070b500000, 0x000000070b500000| Untracked 
| 122|0x000000070b600000, 0x000000070b600000, 0x000000070b700000|  0%| F|  |TAMS 0x000000070b600000, 0x000000070b600000| Untracked 
| 123|0x000000070b700000, 0x000000070b700000, 0x000000070b800000|  0%| F|  |TAMS 0x000000070b700000, 0x000000070b700000| Untracked 
| 124|0x000000070b800000, 0x000000070b800000, 0x000000070b900000|  0%| F|  |TAMS 0x000000070b800000, 0x000000070b800000| Untracked 
| 125|0x000000070b900000, 0x000000070b900000, 0x000000070ba00000|  0%| F|  |TAMS 0x000000070b900000, 0x000000070b900000| Untracked 
| 126|0x000000070ba00000, 0x000000070ba00000, 0x000000070bb00000|  0%| F|  |TAMS 0x000000070ba00000, 0x000000070ba00000| Untracked 
| 127|0x000000070bb00000, 0x000000070bb00000, 0x000000070bc00000|  0%| F|  |TAMS 0x000000070bb00000, 0x000000070bb00000| Untracked 
| 128|0x000000070bc00000, 0x000000070bc00000, 0x000000070bd00000|  0%| F|  |TAMS 0x000000070bc00000, 0x000000070bc00000| Untracked 
| 129|0x000000070bd00000, 0x000000070bd00000, 0x000000070be00000|  0%| F|  |TAMS 0x000000070bd00000, 0x000000070bd00000| Untracked 
| 130|0x000000070be00000, 0x000000070be00000, 0x000000070bf00000|  0%| F|  |TAMS 0x000000070be00000, 0x000000070be00000| Untracked 
| 131|0x000000070bf00000, 0x000000070bf00000, 0x000000070c000000|  0%| F|  |TAMS 0x000000070bf00000, 0x000000070bf00000| Untracked 
| 132|0x000000070c000000, 0x000000070c000000, 0x000000070c100000|  0%| F|  |TAMS 0x000000070c000000, 0x000000070c000000| Untracked 
| 133|0x000000070c100000, 0x000000070c100000, 0x000000070c200000|  0%| F|  |TAMS 0x000000070c100000, 0x000000070c100000| Untracked 
| 134|0x000000070c200000, 0x000000070c200000, 0x000000070c300000|  0%| F|  |TAMS 0x000000070c200000, 0x000000070c200000| Untracked 
| 135|0x000000070c300000, 0x000000070c300000, 0x000000070c400000|  0%| F|  |TAMS 0x000000070c300000, 0x000000070c300000| Untracked 
| 136|0x000000070c400000, 0x000000070c400000, 0x000000070c500000|  0%| F|  |TAMS 0x000000070c400000, 0x000000070c400000| Untracked 
| 137|0x000000070c500000, 0x000000070c5bd260, 0x000000070c600000| 73%| S|CS|TAMS 0x000000070c500000, 0x000000070c500000| Complete 
| 138|0x000000070c600000, 0x000000070c600000, 0x000000070c700000|  0%| F|  |TAMS 0x000000070c600000, 0x000000070c600000| Untracked 
| 139|0x000000070c700000, 0x000000070c700000, 0x000000070c800000|  0%| F|  |TAMS 0x000000070c700000, 0x000000070c700000| Untracked 
| 140|0x000000070c800000, 0x000000070c800000, 0x000000070c900000|  0%| F|  |TAMS 0x000000070c800000, 0x000000070c800000| Untracked 
| 141|0x000000070c900000, 0x000000070c900000, 0x000000070ca00000|  0%| F|  |TAMS 0x000000070c900000, 0x000000070c900000| Untracked 
| 142|0x000000070ca00000, 0x000000070cb00000, 0x000000070cb00000|100%| E|  |TAMS 0x000000070ca00000, 0x000000070ca00000| Complete 
| 143|0x000000070cb00000, 0x000000070cc00000, 0x000000070cc00000|100%| E|CS|TAMS 0x000000070cb00000, 0x000000070cb00000| Complete 
| 144|0x000000070cc00000, 0x000000070cd00000, 0x000000070cd00000|100%| E|CS|TAMS 0x000000070cc00000, 0x000000070cc00000| Complete 
| 145|0x000000070cd00000, 0x000000070ce00000, 0x000000070ce00000|100%| E|CS|TAMS 0x000000070cd00000, 0x000000070cd00000| Complete 
| 146|0x000000070ce00000, 0x000000070cf00000, 0x000000070cf00000|100%| S|CS|TAMS 0x000000070ce00000, 0x000000070ce00000| Complete 
| 147|0x000000070cf00000, 0x000000070d000000, 0x000000070d000000|100%| S|CS|TAMS 0x000000070cf00000, 0x000000070cf00000| Complete 
| 148|0x000000070d000000, 0x000000070d100000, 0x000000070d100000|100%| S|CS|TAMS 0x000000070d000000, 0x000000070d000000| Complete 
| 149|0x000000070d100000, 0x000000070d200000, 0x000000070d200000|100%| S|CS|TAMS 0x000000070d100000, 0x000000070d100000| Complete 
| 150|0x000000070d200000, 0x000000070d300000, 0x000000070d300000|100%| S|CS|TAMS 0x000000070d200000, 0x000000070d200000| Complete 
| 151|0x000000070d300000, 0x000000070d400000, 0x000000070d400000|100%| S|CS|TAMS 0x000000070d300000, 0x000000070d300000| Complete 
| 152|0x000000070d400000, 0x000000070d500000, 0x000000070d500000|100%| S|CS|TAMS 0x000000070d400000, 0x000000070d400000| Complete 
| 153|0x000000070d500000, 0x000000070d600000, 0x000000070d600000|100%| S|CS|TAMS 0x000000070d500000, 0x000000070d500000| Complete 
| 154|0x000000070d600000, 0x000000070d700000, 0x000000070d700000|100%| S|CS|TAMS 0x000000070d600000, 0x000000070d600000| Complete 
| 155|0x000000070d700000, 0x000000070d800000, 0x000000070d800000|100%| S|CS|TAMS 0x000000070d700000, 0x000000070d700000| Complete 
| 156|0x000000070d800000, 0x000000070d900000, 0x000000070d900000|100%| E|CS|TAMS 0x000000070d800000, 0x000000070d800000| Complete 
| 157|0x000000070d900000, 0x000000070da00000, 0x000000070da00000|100%| E|CS|TAMS 0x000000070d900000, 0x000000070d900000| Complete 
| 158|0x000000070da00000, 0x000000070db00000, 0x000000070db00000|100%| E|CS|TAMS 0x000000070da00000, 0x000000070da00000| Complete 
| 159|0x000000070db00000, 0x000000070dc00000, 0x000000070dc00000|100%| E|CS|TAMS 0x000000070db00000, 0x000000070db00000| Complete 
| 160|0x000000070dc00000, 0x000000070dd00000, 0x000000070dd00000|100%| E|CS|TAMS 0x000000070dc00000, 0x000000070dc00000| Complete 
| 161|0x000000070dd00000, 0x000000070de00000, 0x000000070de00000|100%| E|CS|TAMS 0x000000070dd00000, 0x000000070dd00000| Complete 
| 162|0x000000070de00000, 0x000000070df00000, 0x000000070df00000|100%| E|CS|TAMS 0x000000070de00000, 0x000000070de00000| Complete 
| 163|0x000000070df00000, 0x000000070e000000, 0x000000070e000000|100%| E|CS|TAMS 0x000000070df00000, 0x000000070df00000| Complete 
| 164|0x000000070e000000, 0x000000070e100000, 0x000000070e100000|100%| E|CS|TAMS 0x000000070e000000, 0x000000070e000000| Complete 
| 165|0x000000070e100000, 0x000000070e200000, 0x000000070e200000|100%| E|CS|TAMS 0x000000070e100000, 0x000000070e100000| Complete 
| 166|0x000000070e200000, 0x000000070e300000, 0x000000070e300000|100%| E|CS|TAMS 0x000000070e200000, 0x000000070e200000| Complete 
| 167|0x000000070e300000, 0x000000070e400000, 0x000000070e400000|100%| E|CS|TAMS 0x000000070e300000, 0x000000070e300000| Complete 
| 168|0x000000070e400000, 0x000000070e500000, 0x000000070e500000|100%| E|CS|TAMS 0x000000070e400000, 0x000000070e400000| Complete 
| 169|0x000000070e500000, 0x000000070e600000, 0x000000070e600000|100%| E|CS|TAMS 0x000000070e500000, 0x000000070e500000| Complete 
| 170|0x000000070e600000, 0x000000070e700000, 0x000000070e700000|100%| E|CS|TAMS 0x000000070e600000, 0x000000070e600000| Complete 
| 171|0x000000070e700000, 0x000000070e800000, 0x000000070e800000|100%| E|CS|TAMS 0x000000070e700000, 0x000000070e700000| Complete 
| 172|0x000000070e800000, 0x000000070e900000, 0x000000070e900000|100%| E|CS|TAMS 0x000000070e800000, 0x000000070e800000| Complete 
| 173|0x000000070e900000, 0x000000070ea00000, 0x000000070ea00000|100%| E|CS|TAMS 0x000000070e900000, 0x000000070e900000| Complete 
| 174|0x000000070ea00000, 0x000000070eb00000, 0x000000070eb00000|100%| E|CS|TAMS 0x000000070ea00000, 0x000000070ea00000| Complete 
| 175|0x000000070eb00000, 0x000000070ec00000, 0x000000070ec00000|100%| E|CS|TAMS 0x000000070eb00000, 0x000000070eb00000| Complete 
| 176|0x000000070ec00000, 0x000000070ed00000, 0x000000070ed00000|100%| E|CS|TAMS 0x000000070ec00000, 0x000000070ec00000| Complete 
| 177|0x000000070ed00000, 0x000000070ee00000, 0x000000070ee00000|100%| E|CS|TAMS 0x000000070ed00000, 0x000000070ed00000| Complete 
| 178|0x000000070ee00000, 0x000000070ef00000, 0x000000070ef00000|100%| E|CS|TAMS 0x000000070ee00000, 0x000000070ee00000| Complete 
| 179|0x000000070ef00000, 0x000000070f000000, 0x000000070f000000|100%| E|CS|TAMS 0x000000070ef00000, 0x000000070ef00000| Complete 
| 180|0x000000070f000000, 0x000000070f100000, 0x000000070f100000|100%| E|CS|TAMS 0x000000070f000000, 0x000000070f000000| Complete 
| 181|0x000000070f100000, 0x000000070f200000, 0x000000070f200000|100%| E|CS|TAMS 0x000000070f100000, 0x000000070f100000| Complete 
| 182|0x000000070f200000, 0x000000070f300000, 0x000000070f300000|100%| E|CS|TAMS 0x000000070f200000, 0x000000070f200000| Complete 
| 183|0x000000070f300000, 0x000000070f400000, 0x000000070f400000|100%| E|CS|TAMS 0x000000070f300000, 0x000000070f300000| Complete 
| 184|0x000000070f400000, 0x000000070f500000, 0x000000070f500000|100%| E|CS|TAMS 0x000000070f400000, 0x000000070f400000| Complete 
| 185|0x000000070f500000, 0x000000070f600000, 0x000000070f600000|100%| E|CS|TAMS 0x000000070f500000, 0x000000070f500000| Complete 
| 186|0x000000070f600000, 0x000000070f700000, 0x000000070f700000|100%| E|CS|TAMS 0x000000070f600000, 0x000000070f600000| Complete 
| 187|0x000000070f700000, 0x000000070f800000, 0x000000070f800000|100%| E|CS|TAMS 0x000000070f700000, 0x000000070f700000| Complete 
| 188|0x000000070f800000, 0x000000070f900000, 0x000000070f900000|100%| E|CS|TAMS 0x000000070f800000, 0x000000070f800000| Complete 
| 189|0x000000070f900000, 0x000000070fa00000, 0x000000070fa00000|100%| E|CS|TAMS 0x000000070f900000, 0x000000070f900000| Complete 
| 190|0x000000070fa00000, 0x000000070fb00000, 0x000000070fb00000|100%| E|CS|TAMS 0x000000070fa00000, 0x000000070fa00000| Complete 
| 191|0x000000070fb00000, 0x000000070fc00000, 0x000000070fc00000|100%| E|CS|TAMS 0x000000070fb00000, 0x000000070fb00000| Complete 
| 192|0x000000070fc00000, 0x000000070fd00000, 0x000000070fd00000|100%| E|CS|TAMS 0x000000070fc00000, 0x000000070fc00000| Complete 
| 193|0x000000070fd00000, 0x000000070fe00000, 0x000000070fe00000|100%| E|CS|TAMS 0x000000070fd00000, 0x000000070fd00000| Complete 
| 194|0x000000070fe00000, 0x000000070ff00000, 0x000000070ff00000|100%| E|CS|TAMS 0x000000070fe00000, 0x000000070fe00000| Complete 
| 195|0x000000070ff00000, 0x0000000710000000, 0x0000000710000000|100%| E|CS|TAMS 0x000000070ff00000, 0x000000070ff00000| Complete 
| 196|0x0000000710000000, 0x0000000710100000, 0x0000000710100000|100%| E|CS|TAMS 0x0000000710000000, 0x0000000710000000| Complete 
| 197|0x0000000710100000, 0x0000000710200000, 0x0000000710200000|100%| E|CS|TAMS 0x0000000710100000, 0x0000000710100000| Complete 
| 198|0x0000000710200000, 0x0000000710300000, 0x0000000710300000|100%| E|CS|TAMS 0x0000000710200000, 0x0000000710200000| Complete 
| 199|0x0000000710300000, 0x0000000710400000, 0x0000000710400000|100%| E|CS|TAMS 0x0000000710300000, 0x0000000710300000| Complete 
| 200|0x0000000710400000, 0x0000000710500000, 0x0000000710500000|100%| E|CS|TAMS 0x0000000710400000, 0x0000000710400000| Complete 
| 201|0x0000000710500000, 0x0000000710600000, 0x0000000710600000|100%| E|CS|TAMS 0x0000000710500000, 0x0000000710500000| Complete 
| 202|0x0000000710600000, 0x0000000710700000, 0x0000000710700000|100%| E|CS|TAMS 0x0000000710600000, 0x0000000710600000| Complete 
| 203|0x0000000710700000, 0x0000000710800000, 0x0000000710800000|100%| E|CS|TAMS 0x0000000710700000, 0x0000000710700000| Complete 
| 204|0x0000000710800000, 0x0000000710900000, 0x0000000710900000|100%| E|CS|TAMS 0x0000000710800000, 0x0000000710800000| Complete 
| 205|0x0000000710900000, 0x0000000710a00000, 0x0000000710a00000|100%| E|CS|TAMS 0x0000000710900000, 0x0000000710900000| Complete 
| 206|0x0000000710a00000, 0x0000000710b00000, 0x0000000710b00000|100%| E|CS|TAMS 0x0000000710a00000, 0x0000000710a00000| Complete 
| 207|0x0000000710b00000, 0x0000000710c00000, 0x0000000710c00000|100%| E|CS|TAMS 0x0000000710b00000, 0x0000000710b00000| Complete 
| 208|0x0000000710c00000, 0x0000000710d00000, 0x0000000710d00000|100%| E|CS|TAMS 0x0000000710c00000, 0x0000000710c00000| Complete 
| 209|0x0000000710d00000, 0x0000000710e00000, 0x0000000710e00000|100%| E|CS|TAMS 0x0000000710d00000, 0x0000000710d00000| Complete 
| 210|0x0000000710e00000, 0x0000000710f00000, 0x0000000710f00000|100%| E|CS|TAMS 0x0000000710e00000, 0x0000000710e00000| Complete 
| 211|0x0000000710f00000, 0x0000000711000000, 0x0000000711000000|100%| E|CS|TAMS 0x0000000710f00000, 0x0000000710f00000| Complete 
| 212|0x0000000711000000, 0x0000000711100000, 0x0000000711100000|100%| E|CS|TAMS 0x0000000711000000, 0x0000000711000000| Complete 
| 213|0x0000000711100000, 0x0000000711200000, 0x0000000711200000|100%| E|CS|TAMS 0x0000000711100000, 0x0000000711100000| Complete 
| 214|0x0000000711200000, 0x0000000711300000, 0x0000000711300000|100%| E|CS|TAMS 0x0000000711200000, 0x0000000711200000| Complete 
| 215|0x0000000711300000, 0x0000000711400000, 0x0000000711400000|100%| E|CS|TAMS 0x0000000711300000, 0x0000000711300000| Complete 
| 216|0x0000000711400000, 0x0000000711500000, 0x0000000711500000|100%| E|CS|TAMS 0x0000000711400000, 0x0000000711400000| Complete 
| 217|0x0000000711500000, 0x0000000711600000, 0x0000000711600000|100%| E|CS|TAMS 0x0000000711500000, 0x0000000711500000| Complete 
| 218|0x0000000711600000, 0x0000000711700000, 0x0000000711700000|100%| E|CS|TAMS 0x0000000711600000, 0x0000000711600000| Complete 
| 219|0x0000000711700000, 0x0000000711800000, 0x0000000711800000|100%| E|CS|TAMS 0x0000000711700000, 0x0000000711700000| Complete 
| 220|0x0000000711800000, 0x0000000711900000, 0x0000000711900000|100%| E|CS|TAMS 0x0000000711800000, 0x0000000711800000| Complete 
| 221|0x0000000711900000, 0x0000000711a00000, 0x0000000711a00000|100%| E|CS|TAMS 0x0000000711900000, 0x0000000711900000| Complete 
| 222|0x0000000711a00000, 0x0000000711b00000, 0x0000000711b00000|100%| E|CS|TAMS 0x0000000711a00000, 0x0000000711a00000| Complete 
| 223|0x0000000711b00000, 0x0000000711c00000, 0x0000000711c00000|100%| E|CS|TAMS 0x0000000711b00000, 0x0000000711b00000| Complete 
| 224|0x0000000711c00000, 0x0000000711d00000, 0x0000000711d00000|100%| E|CS|TAMS 0x0000000711c00000, 0x0000000711c00000| Complete 
| 225|0x0000000711d00000, 0x0000000711e00000, 0x0000000711e00000|100%| E|CS|TAMS 0x0000000711d00000, 0x0000000711d00000| Complete 
| 226|0x0000000711e00000, 0x0000000711f00000, 0x0000000711f00000|100%| E|CS|TAMS 0x0000000711e00000, 0x0000000711e00000| Complete 
| 227|0x0000000711f00000, 0x0000000712000000, 0x0000000712000000|100%| E|CS|TAMS 0x0000000711f00000, 0x0000000711f00000| Complete 
| 228|0x0000000712000000, 0x0000000712100000, 0x0000000712100000|100%| E|CS|TAMS 0x0000000712000000, 0x0000000712000000| Complete 
| 229|0x0000000712100000, 0x0000000712200000, 0x0000000712200000|100%| E|CS|TAMS 0x0000000712100000, 0x0000000712100000| Complete 
| 230|0x0000000712200000, 0x0000000712300000, 0x0000000712300000|100%| E|CS|TAMS 0x0000000712200000, 0x0000000712200000| Complete 
| 231|0x0000000712300000, 0x0000000712400000, 0x0000000712400000|100%| E|CS|TAMS 0x0000000712300000, 0x0000000712300000| Complete 
| 232|0x0000000712400000, 0x0000000712500000, 0x0000000712500000|100%| E|CS|TAMS 0x0000000712400000, 0x0000000712400000| Complete 
| 233|0x0000000712500000, 0x0000000712600000, 0x0000000712600000|100%| E|CS|TAMS 0x0000000712500000, 0x0000000712500000| Complete 
| 234|0x0000000712600000, 0x0000000712700000, 0x0000000712700000|100%| E|CS|TAMS 0x0000000712600000, 0x0000000712600000| Complete 
| 235|0x0000000712700000, 0x0000000712800000, 0x0000000712800000|100%| E|CS|TAMS 0x0000000712700000, 0x0000000712700000| Complete 
| 236|0x0000000712800000, 0x0000000712900000, 0x0000000712900000|100%| E|CS|TAMS 0x0000000712800000, 0x0000000712800000| Complete 
| 237|0x0000000712900000, 0x0000000712a00000, 0x0000000712a00000|100%| E|CS|TAMS 0x0000000712900000, 0x0000000712900000| Complete 
| 238|0x0000000712a00000, 0x0000000712b00000, 0x0000000712b00000|100%| E|CS|TAMS 0x0000000712a00000, 0x0000000712a00000| Complete 
| 239|0x0000000712b00000, 0x0000000712c00000, 0x0000000712c00000|100%| E|CS|TAMS 0x0000000712b00000, 0x0000000712b00000| Complete 
| 240|0x0000000712c00000, 0x0000000712d00000, 0x0000000712d00000|100%| E|CS|TAMS 0x0000000712c00000, 0x0000000712c00000| Complete 
| 241|0x0000000712d00000, 0x0000000712e00000, 0x0000000712e00000|100%| E|CS|TAMS 0x0000000712d00000, 0x0000000712d00000| Complete 
| 242|0x0000000712e00000, 0x0000000712f00000, 0x0000000712f00000|100%| E|CS|TAMS 0x0000000712e00000, 0x0000000712e00000| Complete 
| 243|0x0000000712f00000, 0x0000000713000000, 0x0000000713000000|100%| E|CS|TAMS 0x0000000712f00000, 0x0000000712f00000| Complete 
| 244|0x0000000713000000, 0x0000000713100000, 0x0000000713100000|100%| E|CS|TAMS 0x0000000713000000, 0x0000000713000000| Complete 
| 245|0x0000000713100000, 0x0000000713200000, 0x0000000713200000|100%| E|CS|TAMS 0x0000000713100000, 0x0000000713100000| Complete 
| 246|0x0000000713200000, 0x0000000713300000, 0x0000000713300000|100%| E|CS|TAMS 0x0000000713200000, 0x0000000713200000| Complete 
| 247|0x0000000713300000, 0x0000000713400000, 0x0000000713400000|100%| E|CS|TAMS 0x0000000713300000, 0x0000000713300000| Complete 
| 248|0x0000000713400000, 0x0000000713500000, 0x0000000713500000|100%| E|CS|TAMS 0x0000000713400000, 0x0000000713400000| Complete 
| 249|0x0000000713500000, 0x0000000713600000, 0x0000000713600000|100%| E|CS|TAMS 0x0000000713500000, 0x0000000713500000| Complete 
| 250|0x0000000713600000, 0x0000000713700000, 0x0000000713700000|100%| E|CS|TAMS 0x0000000713600000, 0x0000000713600000| Complete 
| 251|0x0000000713700000, 0x0000000713800000, 0x0000000713800000|100%| E|CS|TAMS 0x0000000713700000, 0x0000000713700000| Complete 
| 252|0x0000000713800000, 0x0000000713900000, 0x0000000713900000|100%| E|CS|TAMS 0x0000000713800000, 0x0000000713800000| Complete 
| 253|0x0000000713900000, 0x0000000713a00000, 0x0000000713a00000|100%| E|CS|TAMS 0x0000000713900000, 0x0000000713900000| Complete 
| 254|0x0000000713a00000, 0x0000000713b00000, 0x0000000713b00000|100%| E|CS|TAMS 0x0000000713a00000, 0x0000000713a00000| Complete 
| 255|0x0000000713b00000, 0x0000000713c00000, 0x0000000713c00000|100%| E|CS|TAMS 0x0000000713b00000, 0x0000000713b00000| Complete 
| 256|0x0000000713c00000, 0x0000000713d00000, 0x0000000713d00000|100%| E|CS|TAMS 0x0000000713c00000, 0x0000000713c00000| Complete 
| 257|0x0000000713d00000, 0x0000000713e00000, 0x0000000713e00000|100%| E|CS|TAMS 0x0000000713d00000, 0x0000000713d00000| Complete 
| 258|0x0000000713e00000, 0x0000000713f00000, 0x0000000713f00000|100%| E|CS|TAMS 0x0000000713e00000, 0x0000000713e00000| Complete 
| 259|0x0000000713f00000, 0x0000000714000000, 0x0000000714000000|100%| E|CS|TAMS 0x0000000713f00000, 0x0000000713f00000| Complete 
| 260|0x0000000714000000, 0x0000000714100000, 0x0000000714100000|100%| E|CS|TAMS 0x0000000714000000, 0x0000000714000000| Complete 
| 261|0x0000000714100000, 0x0000000714200000, 0x0000000714200000|100%| E|CS|TAMS 0x0000000714100000, 0x0000000714100000| Complete 
| 262|0x0000000714200000, 0x0000000714300000, 0x0000000714300000|100%| E|CS|TAMS 0x0000000714200000, 0x0000000714200000| Complete 
| 263|0x0000000714300000, 0x0000000714400000, 0x0000000714400000|100%| E|CS|TAMS 0x0000000714300000, 0x0000000714300000| Complete 
| 264|0x0000000714400000, 0x0000000714500000, 0x0000000714500000|100%| E|CS|TAMS 0x0000000714400000, 0x0000000714400000| Complete 
| 265|0x0000000714500000, 0x0000000714600000, 0x0000000714600000|100%| E|CS|TAMS 0x0000000714500000, 0x0000000714500000| Complete 
| 266|0x0000000714600000, 0x0000000714700000, 0x0000000714700000|100%| E|CS|TAMS 0x0000000714600000, 0x0000000714600000| Complete 
| 267|0x0000000714700000, 0x0000000714800000, 0x0000000714800000|100%| E|CS|TAMS 0x0000000714700000, 0x0000000714700000| Complete 
| 268|0x0000000714800000, 0x0000000714900000, 0x0000000714900000|100%| E|CS|TAMS 0x0000000714800000, 0x0000000714800000| Complete 
| 269|0x0000000714900000, 0x0000000714a00000, 0x0000000714a00000|100%| E|CS|TAMS 0x0000000714900000, 0x0000000714900000| Complete 
| 270|0x0000000714a00000, 0x0000000714b00000, 0x0000000714b00000|100%| E|CS|TAMS 0x0000000714a00000, 0x0000000714a00000| Complete 
| 271|0x0000000714b00000, 0x0000000714c00000, 0x0000000714c00000|100%| E|CS|TAMS 0x0000000714b00000, 0x0000000714b00000| Complete 
| 272|0x0000000714c00000, 0x0000000714d00000, 0x0000000714d00000|100%| E|CS|TAMS 0x0000000714c00000, 0x0000000714c00000| Complete 
| 273|0x0000000714d00000, 0x0000000714e00000, 0x0000000714e00000|100%| E|CS|TAMS 0x0000000714d00000, 0x0000000714d00000| Complete 
| 274|0x0000000714e00000, 0x0000000714f00000, 0x0000000714f00000|100%| E|CS|TAMS 0x0000000714e00000, 0x0000000714e00000| Complete 
| 275|0x0000000714f00000, 0x0000000715000000, 0x0000000715000000|100%| E|CS|TAMS 0x0000000714f00000, 0x0000000714f00000| Complete 
| 276|0x0000000715000000, 0x0000000715100000, 0x0000000715100000|100%| E|CS|TAMS 0x0000000715000000, 0x0000000715000000| Complete 
| 277|0x0000000715100000, 0x0000000715200000, 0x0000000715200000|100%| E|CS|TAMS 0x0000000715100000, 0x0000000715100000| Complete 
| 278|0x0000000715200000, 0x0000000715300000, 0x0000000715300000|100%| E|CS|TAMS 0x0000000715200000, 0x0000000715200000| Complete 
| 279|0x0000000715300000, 0x0000000715400000, 0x0000000715400000|100%| E|CS|TAMS 0x0000000715300000, 0x0000000715300000| Complete 
| 280|0x0000000715400000, 0x0000000715500000, 0x0000000715500000|100%| E|CS|TAMS 0x0000000715400000, 0x0000000715400000| Complete 
| 281|0x0000000715500000, 0x0000000715600000, 0x0000000715600000|100%| E|CS|TAMS 0x0000000715500000, 0x0000000715500000| Complete 
| 282|0x0000000715600000, 0x0000000715700000, 0x0000000715700000|100%| E|CS|TAMS 0x0000000715600000, 0x0000000715600000| Complete 
| 283|0x0000000715700000, 0x0000000715800000, 0x0000000715800000|100%| E|CS|TAMS 0x0000000715700000, 0x0000000715700000| Complete 
| 284|0x0000000715800000, 0x0000000715900000, 0x0000000715900000|100%| E|CS|TAMS 0x0000000715800000, 0x0000000715800000| Complete 
| 285|0x0000000715900000, 0x0000000715a00000, 0x0000000715a00000|100%| E|CS|TAMS 0x0000000715900000, 0x0000000715900000| Complete 
| 286|0x0000000715a00000, 0x0000000715b00000, 0x0000000715b00000|100%| E|CS|TAMS 0x0000000715a00000, 0x0000000715a00000| Complete 
| 287|0x0000000715b00000, 0x0000000715c00000, 0x0000000715c00000|100%| E|CS|TAMS 0x0000000715b00000, 0x0000000715b00000| Complete 
| 288|0x0000000715c00000, 0x0000000715d00000, 0x0000000715d00000|100%| E|CS|TAMS 0x0000000715c00000, 0x0000000715c00000| Complete 
| 289|0x0000000715d00000, 0x0000000715e00000, 0x0000000715e00000|100%| E|CS|TAMS 0x0000000715d00000, 0x0000000715d00000| Complete 
| 290|0x0000000715e00000, 0x0000000715f00000, 0x0000000715f00000|100%| E|CS|TAMS 0x0000000715e00000, 0x0000000715e00000| Complete 
| 291|0x0000000715f00000, 0x0000000716000000, 0x0000000716000000|100%| E|CS|TAMS 0x0000000715f00000, 0x0000000715f00000| Complete 
| 292|0x0000000716000000, 0x0000000716100000, 0x0000000716100000|100%| E|CS|TAMS 0x0000000716000000, 0x0000000716000000| Complete 
| 293|0x0000000716100000, 0x0000000716200000, 0x0000000716200000|100%| E|CS|TAMS 0x0000000716100000, 0x0000000716100000| Complete 
| 294|0x0000000716200000, 0x0000000716300000, 0x0000000716300000|100%| E|CS|TAMS 0x0000000716200000, 0x0000000716200000| Complete 
| 295|0x0000000716300000, 0x0000000716400000, 0x0000000716400000|100%| E|CS|TAMS 0x0000000716300000, 0x0000000716300000| Complete 
| 296|0x0000000716400000, 0x0000000716500000, 0x0000000716500000|100%| E|CS|TAMS 0x0000000716400000, 0x0000000716400000| Complete 
| 297|0x0000000716500000, 0x0000000716600000, 0x0000000716600000|100%| E|CS|TAMS 0x0000000716500000, 0x0000000716500000| Complete 
| 298|0x0000000716600000, 0x0000000716700000, 0x0000000716700000|100%| E|CS|TAMS 0x0000000716600000, 0x0000000716600000| Complete 
| 299|0x0000000716700000, 0x0000000716800000, 0x0000000716800000|100%| E|CS|TAMS 0x0000000716700000, 0x0000000716700000| Complete 
| 300|0x0000000716800000, 0x0000000716900000, 0x0000000716900000|100%| E|CS|TAMS 0x0000000716800000, 0x0000000716800000| Complete 
| 301|0x0000000716900000, 0x0000000716a00000, 0x0000000716a00000|100%| E|CS|TAMS 0x0000000716900000, 0x0000000716900000| Complete 
| 302|0x0000000716a00000, 0x0000000716b00000, 0x0000000716b00000|100%| E|CS|TAMS 0x0000000716a00000, 0x0000000716a00000| Complete 
| 303|0x0000000716b00000, 0x0000000716c00000, 0x0000000716c00000|100%| E|CS|TAMS 0x0000000716b00000, 0x0000000716b00000| Complete 
| 304|0x0000000716c00000, 0x0000000716d00000, 0x0000000716d00000|100%| E|CS|TAMS 0x0000000716c00000, 0x0000000716c00000| Complete 

Card table byte_map: [0x00000192b6330000,0x00000192b6b20000] _byte_map_base: 0x00000192b2b12000

Marking Bits (Prev, Next): (CMBitMap*) 0x000001929f180cd8, (CMBitMap*) 0x000001929f180d10
 Prev Bits: [0x00000192b7310000, 0x00000192bb220000)
 Next Bits: [0x00000192bb220000, 0x00000192bf130000)

Polling page: 0x000001929d2c0000

Metaspace:

Usage:
  Non-class:     45.54 MB capacity,    44.68 MB ( 98%) used,   770.00 KB (  2%) free+waste,   117.19 KB ( <1%) overhead. 
      Class:      5.81 MB capacity,     5.33 MB ( 92%) used,   446.02 KB (  7%) free+waste,    50.25 KB ( <1%) overhead. 
       Both:     51.36 MB capacity,    50.01 MB ( 97%) used,     1.19 MB (  2%) free+waste,   167.44 KB ( <1%) overhead. 

Virtual space:
  Non-class space:       46.00 MB reserved,      45.62 MB (>99%) committed 
      Class space:        1.00 GB reserved,       5.88 MB ( <1%) committed 
             Both:        1.04 GB reserved,      51.50 MB (  5%) committed 

Chunk freelists:
   Non-Class:  2.12 KB
       Class:  3.75 KB
        Both:  5.88 KB

CodeHeap 'non-profiled nmethods': size=120000Kb used=7629Kb max_used=7629Kb free=112370Kb
 bounds [0x00000192ae2e0000, 0x00000192aea60000, 0x00000192b5810000]
CodeHeap 'profiled nmethods': size=120000Kb used=26023Kb max_used=27159Kb free=93977Kb
 bounds [0x00000192a6db0000, 0x00000192a8840000, 0x00000192ae2e0000]
CodeHeap 'non-nmethods': size=5760Kb used=1205Kb max_used=1282Kb free=4554Kb
 bounds [0x00000192a6810000, 0x00000192a6a80000, 0x00000192a6db0000]
 total_blobs=10929 nmethods=10366 adapters=474
 compilation: enabled
              stopped_count=0, restarted_count=0
 full_count=0

Compilation events (10 events):
Event: 24.946 Thread 0x00000192c25bc800 nmethod 11294 0x00000192a7036710 code [0x00000192a70368e0, 0x00000192a7036c38]
Event: 24.971 Thread 0x00000192c25bc800 11295       1       org.apache.maven.plugins.war.AbstractWarMojo$DefaultWarPackagingContext::getWebappDirectory (5 bytes)
Event: 24.971 Thread 0x00000192c25bc800 nmethod 11295 0x00000192ae4bd890 code [0x00000192ae4bda20, 0x00000192ae4bdad8]
Event: 24.985 Thread 0x00000192c25bc800 11296       1       org.apache.maven.plugins.war.AbstractWarMojo$DefaultWarPackagingContext::getWebappStructure (5 bytes)
Event: 24.985 Thread 0x00000192c25bc800 nmethod 11296 0x00000192ae4bd510 code [0x00000192ae4bd6a0, 0x00000192ae4bd758]
Event: 24.990 Thread 0x00000192c25bc800 11297       3       org.apache.maven.plugins.war.util.WebappStructure::getOwner (97 bytes)
Event: 24.991 Thread 0x00000192c25bc800 nmethod 11297 0x00000192a716b910 code [0x00000192a716bc40, 0x00000192a716ced8]
Event: 25.047 Thread 0x00000192c25bc800 11299       3       org.apache.maven.plugins.war.AbstractWarMojo$DefaultWarPackagingContext::getLog (8 bytes)
Event: 25.048 Thread 0x00000192c25bc800 nmethod 11299 0x00000192a7042510 code [0x00000192a70426c0, 0x00000192a70429e8]
Event: 25.095 Thread 0x00000192c25b6000 11300       4       java.util.regex.Matcher::replaceAll (59 bytes)

GC Heap History (10 events):
Event: 11.735 GC heap before
{Heap before GC invocations=7 (full 0):
 garbage-first heap   total 260096K, used 192512K [0x0000000703c00000, 0x0000000800000000)
  region size 1024K, 152 young (155648K), 14 survivors (14336K)
 Metaspace       used 43985K, capacity 45158K, committed 45308K, reserved 1089536K
  class space    used 4755K, capacity 5180K, committed 5248K, reserved 1048576K
}
Event: 11.753 GC heap after
{Heap after GC invocations=8 (full 0):
 garbage-first heap   total 260096K, used 31515K [0x0000000703c00000, 0x0000000800000000)
  region size 1024K, 14 young (14336K), 14 survivors (14336K)
 Metaspace       used 43985K, capacity 45158K, committed 45308K, reserved 1089536K
  class space    used 4755K, capacity 5180K, committed 5248K, reserved 1048576K
}
Event: 16.820 GC heap before
{Heap before GC invocations=8 (full 0):
 garbage-first heap   total 260096K, used 172827K [0x0000000703c00000, 0x0000000800000000)
  region size 1024K, 152 young (155648K), 14 survivors (14336K)
 Metaspace       used 48402K, capacity 49653K, committed 49916K, reserved 1093632K
  class space    used 5239K, capacity 5694K, committed 5760K, reserved 1048576K
}
Event: 16.848 GC heap after
{Heap after GC invocations=9 (full 0):
 garbage-first heap   total 312320K, used 51810K [0x0000000703c00000, 0x0000000800000000)
  region size 1024K, 19 young (19456K), 19 survivors (19456K)
 Metaspace       used 48402K, capacity 49653K, committed 49916K, reserved 1093632K
  class space    used 5239K, capacity 5694K, committed 5760K, reserved 1048576K
}
Event: 18.502 GC heap before
{Heap before GC invocations=9 (full 0):
 garbage-first heap   total 312320K, used 189026K [0x0000000703c00000, 0x0000000800000000)
  region size 1024K, 151 young (154624K), 19 survivors (19456K)
 Metaspace       used 48580K, capacity 49792K, committed 49916K, reserved 1093632K
  class space    used 5239K, capacity 5694K, committed 5760K, reserved 1048576K
}
Event: 18.539 GC heap after
{Heap after GC invocations=10 (full 0):
 garbage-first heap   total 312320K, used 67131K [0x0000000703c00000, 0x0000000800000000)
  region size 1024K, 13 young (13312K), 13 survivors (13312K)
 Metaspace       used 48580K, capacity 49792K, committed 49916K, reserved 1093632K
  class space    used 5239K, capacity 5694K, committed 5760K, reserved 1048576K
}
Event: 19.311 GC heap before
{Heap before GC invocations=10 (full 0):
 garbage-first heap   total 312320K, used 215611K [0x0000000703c00000, 0x0000000800000000)
  region size 1024K, 159 young (162816K), 13 survivors (13312K)
 Metaspace       used 48697K, capacity 49996K, committed 50172K, reserved 1093632K
  class space    used 5240K, capacity 5694K, committed 5760K, reserved 1048576K
}
Event: 19.334 GC heap after
{Heap after GC invocations=11 (full 0):
 garbage-first heap   total 312320K, used 73482K [0x0000000703c00000, 0x0000000800000000)
  region size 1024K, 8 young (8192K), 8 survivors (8192K)
 Metaspace       used 48697K, capacity 49996K, committed 50172K, reserved 1093632K
  class space    used 5240K, capacity 5694K, committed 5760K, reserved 1048576K
}
Event: 21.452 GC heap before
{Heap before GC invocations=11 (full 0):
 garbage-first heap   total 312320K, used 226058K [0x0000000703c00000, 0x0000000800000000)
  region size 1024K, 157 young (160768K), 8 survivors (8192K)
 Metaspace       used 49572K, capacity 50864K, committed 50940K, reserved 1095680K
  class space    used 5253K, capacity 5698K, committed 5760K, reserved 1048576K
}
Event: 21.467 GC heap after
{Heap after GC invocations=12 (full 0):
 garbage-first heap   total 312320K, used 76532K [0x0000000703c00000, 0x0000000800000000)
  region size 1024K, 11 young (11264K), 11 survivors (11264K)
 Metaspace       used 49572K, capacity 50864K, committed 50940K, reserved 1095680K
  class space    used 5253K, capacity 5698K, committed 5760K, reserved 1048576K
}

Deoptimization events (10 events):
Event: 23.130 Thread 0x000001929f11f000 Uncommon trap: reason=class_check action=maybe_recompile pc=0x00000192ae963de4 method=com.sun.tools.javac.code.Types.wildLowerBound(Lcom/sun/tools/javac/code/Type;)Lcom/sun/tools/javac/code/Type; @ 11 c2
Event: 23.130 Thread 0x000001929f11f000 Uncommon trap: reason=class_check action=maybe_recompile pc=0x00000192ae963de4 method=com.sun.tools.javac.code.Types.wildLowerBound(Lcom/sun/tools/javac/code/Type;)Lcom/sun/tools/javac/code/Type; @ 11 c2
Event: 23.363 Thread 0x000001929f11f000 Uncommon trap: reason=bimorphic_or_optimized_type_check action=maybe_recompile pc=0x00000192ae642dd4 method=java.util.HashMap.removeNode(ILjava/lang/Object;Ljava/lang/Object;ZZ)Ljava/util/HashMap$Node; @ 68 c2
Event: 23.363 Thread 0x000001929f11f000 Uncommon trap: reason=bimorphic_or_optimized_type_check action=maybe_recompile pc=0x00000192ae642df0 method=java.util.HashMap.removeNode(ILjava/lang/Object;Ljava/lang/Object;ZZ)Ljava/util/HashMap$Node; @ 143 c2
Event: 23.450 Thread 0x000001929f11f000 Uncommon trap: reason=intrinsic_or_type_checked_inlining action=make_not_entrant pc=0x00000192ae38768c method=java.util.ArrayList.toArray([Ljava/lang/Object;)[Ljava/lang/Object; @ 36 c2
Event: 23.530 Thread 0x000001929f11f000 Uncommon trap: reason=unstable_if action=reinterpret pc=0x00000192ae6c3a6c method=sun.nio.cs.UTF_8$Encoder.encodeArrayLoop(Ljava/nio/CharBuffer;Ljava/nio/ByteBuffer;)Ljava/nio/charset/CoderResult; @ 113 c2
Event: 23.550 Thread 0x000001929f11f000 Uncommon trap: reason=class_check action=maybe_recompile pc=0x00000192ae83676c method=java.util.HashMap.computeIfAbsent(Ljava/lang/Object;Ljava/util/function/Function;)Ljava/lang/Object; @ 142 c2
Event: 24.751 Thread 0x000001929f11f000 Uncommon trap: reason=unstable_if action=reinterpret pc=0x00000192ae45debc method=org.codehaus.plexus.util.SelectorUtils.matchAntPathPattern([[C[[CZ)Z @ 27 c2
Event: 24.782 Thread 0x000001929f11f000 Uncommon trap: reason=unstable_if action=reinterpret pc=0x00000192ae44fde8 method=org.codehaus.plexus.util.SelectorUtils.match([C[CZ)Z @ 111 c2
Event: 24.856 Thread 0x000001929f11f000 Uncommon trap: reason=loop_limit_check action=maybe_recompile pc=0x00000192aea54304 method=org.codehaus.plexus.util.SelectorUtils.matchAntPathPattern([[C[[CZ)Z @ 231 c2

Classes redefined (0 events):
No events

Internal exceptions (10 events):
Event: 25.140 Thread 0x000001929f11f000 Exception <a 'sun/nio/fs/WindowsException'{0x000000070cbbe480}> (0x000000070cbbe480) thrown at [./open/src/hotspot/share/prims/jni.cpp, line 611]
Event: 25.147 Thread 0x000001929f11f000 Exception <a 'sun/nio/fs/WindowsException'{0x000000070cbc54d0}> (0x000000070cbc54d0) thrown at [./open/src/hotspot/share/prims/jni.cpp, line 611]
Event: 25.152 Thread 0x000001929f11f000 Exception <a 'sun/nio/fs/WindowsException'{0x000000070cbcce70}> (0x000000070cbcce70) thrown at [./open/src/hotspot/share/prims/jni.cpp, line 611]
Event: 25.157 Thread 0x000001929f11f000 Exception <a 'sun/nio/fs/WindowsException'{0x000000070cbd4660}> (0x000000070cbd4660) thrown at [./open/src/hotspot/share/prims/jni.cpp, line 611]
Event: 25.164 Thread 0x000001929f11f000 Exception <a 'sun/nio/fs/WindowsException'{0x000000070cbdb858}> (0x000000070cbdb858) thrown at [./open/src/hotspot/share/prims/jni.cpp, line 611]
Event: 25.169 Thread 0x000001929f11f000 Exception <a 'sun/nio/fs/WindowsException'{0x000000070cbe2ed0}> (0x000000070cbe2ed0) thrown at [./open/src/hotspot/share/prims/jni.cpp, line 611]
Event: 25.173 Thread 0x000001929f11f000 Exception <a 'sun/nio/fs/WindowsException'{0x000000070cbea600}> (0x000000070cbea600) thrown at [./open/src/hotspot/share/prims/jni.cpp, line 611]
Event: 25.179 Thread 0x000001929f11f000 Exception <a 'sun/nio/fs/WindowsException'{0x000000070cbf1d70}> (0x000000070cbf1d70) thrown at [./open/src/hotspot/share/prims/jni.cpp, line 611]
Event: 25.184 Thread 0x000001929f11f000 Exception <a 'sun/nio/fs/WindowsException'{0x000000070cbf94c8}> (0x000000070cbf94c8) thrown at [./open/src/hotspot/share/prims/jni.cpp, line 611]
Event: 25.191 Thread 0x000001929f11f000 Exception <a 'sun/nio/fs/WindowsException'{0x000000070ca00c08}> (0x000000070ca00c08) thrown at [./open/src/hotspot/share/prims/jni.cpp, line 611]

Events (10 events):
Event: 24.751 Thread 0x000001929f11f000 DEOPT UNPACKING pc=0x00000192a68368af sp=0x00000042419fd840 mode 2
Event: 24.752 Thread 0x00000192c5318800 Thread exited: 0x00000192c5318800
Event: 24.782 Thread 0x000001929f11f000 Uncommon trap: trap_request=0xffffff4d fr.pc=0x00000192ae44fde8 relative=0x0000000000000188
Event: 24.782 Thread 0x000001929f11f000 DEOPT PACKING pc=0x00000192ae44fde8 sp=0x00000042419fd3f0
Event: 24.782 Thread 0x000001929f11f000 DEOPT UNPACKING pc=0x00000192a68368af sp=0x00000042419fd388 mode 2
Event: 24.831 Thread 0x00000192c5318800 Thread added: 0x00000192c5318800
Event: 24.856 Thread 0x000001929f11f000 Uncommon trap: trap_request=0xffffff76 fr.pc=0x00000192aea54304 relative=0x0000000000000624
Event: 24.856 Thread 0x000001929f11f000 DEOPT PACKING pc=0x00000192aea54304 sp=0x00000042419fd610
Event: 24.856 Thread 0x000001929f11f000 DEOPT UNPACKING pc=0x00000192a68368af sp=0x00000042419fd560 mode 2
Event: 25.047 Thread 0x00000192c5318800 Thread exited: 0x00000192c5318800


Dynamic libraries:
0x00007ff73b8b0000 - 0x00007ff73b8c0000 	C:\Program Files\Java\jdk-11\bin\java.exe
0x00007ff8d4b90000 - 0x00007ff8d4da7000 	C:\Windows\SYSTEM32\ntdll.dll
0x00007ff8d3170000 - 0x00007ff8d3234000 	C:\Windows\System32\KERNEL32.DLL
0x00007ff8d1f50000 - 0x00007ff8d22f7000 	C:\Windows\System32\KERNELBASE.dll
0x00007ff8d2510000 - 0x00007ff8d2621000 	C:\Windows\System32\ucrtbase.dll
0x00007ff8d1740000 - 0x00007ff8d1759000 	C:\Program Files\Java\jdk-11\bin\jli.dll
0x00007ff8d1720000 - 0x00007ff8d173b000 	C:\Program Files\Java\jdk-11\bin\VCRUNTIME140.dll
0x00007ff8d49e0000 - 0x00007ff8d4a92000 	C:\Windows\System32\ADVAPI32.dll
0x00007ff8d2c40000 - 0x00007ff8d2ce7000 	C:\Windows\System32\msvcrt.dll
0x00007ff8d4aa0000 - 0x00007ff8d4b48000 	C:\Windows\System32\sechost.dll
0x00007ff8d1f20000 - 0x00007ff8d1f48000 	C:\Windows\System32\bcrypt.dll
0x00007ff8d48c0000 - 0x00007ff8d49d5000 	C:\Windows\System32\RPCRT4.dll
0x00007ff8d2a90000 - 0x00007ff8d2c3e000 	C:\Windows\System32\USER32.dll
0x00007ff8d1210000 - 0x00007ff8d14a3000 	C:\Windows\WinSxS\amd64_microsoft.windows.common-controls_6595b64144ccf1df_6.0.22621.3527_none_270e469b73872a76\COMCTL32.dll
0x00007ff8d2810000 - 0x00007ff8d2836000 	C:\Windows\System32\win32u.dll
0x00007ff8d44c0000 - 0x00007ff8d44e9000 	C:\Windows\System32\GDI32.dll
0x00007ff8d2630000 - 0x00007ff8d2749000 	C:\Windows\System32\gdi32full.dll
0x00007ff8d0800000 - 0x00007ff8d080a000 	C:\Windows\SYSTEM32\VERSION.dll
0x00007ff8d2470000 - 0x00007ff8d250a000 	C:\Windows\System32\msvcp_win.dll
0x00007ff8d44f0000 - 0x00007ff8d4521000 	C:\Windows\System32\IMM32.DLL
0x00007ff8d1710000 - 0x00007ff8d171c000 	C:\Program Files\Java\jdk-11\bin\vcruntime140_1.dll
0x00007ff8caec0000 - 0x00007ff8caf4e000 	C:\Program Files\Java\jdk-11\bin\msvcp140.dll
0x00007ff8a4d30000 - 0x00007ff8a589e000 	C:\Program Files\Java\jdk-11\bin\server\jvm.dll
0x00007ff8d4000000 - 0x00007ff8d4008000 	C:\Windows\System32\PSAPI.DLL
0x00007ff8b9950000 - 0x00007ff8b9959000 	C:\Windows\SYSTEM32\WSOCK32.dll
0x00007ff8c4d10000 - 0x00007ff8c4d44000 	C:\Windows\SYSTEM32\WINMM.dll
0x00007ff8d2cf0000 - 0x00007ff8d2d61000 	C:\Windows\System32\WS2_32.dll
0x00007ff8cff30000 - 0x00007ff8cff48000 	C:\Windows\SYSTEM32\kernel.appcore.dll
0x00007ff8d1700000 - 0x00007ff8d1710000 	C:\Program Files\Java\jdk-11\bin\verify.dll
0x00007ff8d1810000 - 0x00007ff8d1a42000 	C:\Windows\SYSTEM32\DBGHELP.DLL
0x00007ff8d4530000 - 0x00007ff8d48b8000 	C:\Windows\System32\combase.dll
0x00007ff8d3240000 - 0x00007ff8d3317000 	C:\Windows\System32\OLEAUT32.dll
0x00007ff8d16b0000 - 0x00007ff8d16e2000 	C:\Windows\SYSTEM32\dbgcore.DLL
0x00007ff8d2840000 - 0x00007ff8d28b9000 	C:\Windows\System32\bcryptPrimitives.dll
0x00007ff8cafa0000 - 0x00007ff8cafc8000 	C:\Program Files\Java\jdk-11\bin\java.dll
0x00007ff8d0880000 - 0x00007ff8d088a000 	C:\Program Files\Java\jdk-11\bin\jimage.dll
0x00007ff8caf90000 - 0x00007ff8caf9e000 	C:\Program Files\Java\jdk-11\bin\instrument.dll
0x00007ff8cae80000 - 0x00007ff8cae97000 	C:\Program Files\Java\jdk-11\bin\zip.dll
0x00007ff8d3700000 - 0x00007ff8d3f5c000 	C:\Windows\System32\SHELL32.dll
0x00007ff8ced30000 - 0x00007ff8cf626000 	C:\Windows\SYSTEM32\windows.storage.dll
0x00007ff8cebf0000 - 0x00007ff8ced2e000 	C:\Windows\SYSTEM32\wintypes.dll
0x00007ff8d3600000 - 0x00007ff8d36f5000 	C:\Windows\System32\SHCORE.dll
0x00007ff8d3110000 - 0x00007ff8d316e000 	C:\Windows\System32\shlwapi.dll
0x00007ff8d1de0000 - 0x00007ff8d1e01000 	C:\Windows\SYSTEM32\profapi.dll
0x00007ff8ca940000 - 0x00007ff8ca959000 	C:\Program Files\Java\jdk-11\bin\net.dll
0x00007ff8cff50000 - 0x00007ff8d0086000 	C:\Windows\SYSTEM32\WINHTTP.dll
0x00007ff8d0440000 - 0x00007ff8d04a9000 	C:\Windows\system32\mswsock.dll
0x00007ff8ca8c0000 - 0x00007ff8ca8d2000 	C:\Program Files\Java\jdk-11\bin\nio.dll
0x00007ff8ca7f0000 - 0x00007ff8ca80a000 	C:\Users\rsaintpaul\AppData\Local\JetBrains\IntelliJ IDEA 2024.1\bin\breakgen64.dll
0x0000000069ac0000 - 0x0000000069ae4000 	C:\Users\rsaintpaul\AppData\Local\Temp\jansi-2.4.0-efbdc6372abce091-jansi.dll
0x00007ff8d1780000 - 0x00007ff8d17b4000 	C:\Windows\SYSTEM32\ntmarta.dll
0x00007ff8ca910000 - 0x00007ff8ca937000 	C:\Program Files\Java\jdk-11\bin\sunec.dll
0x00007ff8d1b40000 - 0x00007ff8d1b5b000 	C:\Windows\SYSTEM32\CRYPTSP.dll
0x00007ff8cfe90000 - 0x00007ff8cfec5000 	C:\Windows\system32\rsaenh.dll
0x00007ff8d04e0000 - 0x00007ff8d0508000 	C:\Windows\SYSTEM32\USERENV.dll
0x00007ff8d0720000 - 0x00007ff8d072c000 	C:\Windows\SYSTEM32\CRYPTBASE.dll
0x00007ff8cf750000 - 0x00007ff8cf77d000 	C:\Windows\SYSTEM32\IPHLPAPI.DLL
0x00007ff8d4010000 - 0x00007ff8d4019000 	C:\Windows\System32\NSI.dll
0x00007ff8c77b0000 - 0x00007ff8c77c9000 	C:\Windows\SYSTEM32\dhcpcsvc6.DLL
0x00007ff8c7610000 - 0x00007ff8c762f000 	C:\Windows\SYSTEM32\dhcpcsvc.DLL
0x00007ff8cf780000 - 0x00007ff8cf878000 	C:\Windows\SYSTEM32\DNSAPI.dll
0x00007ff8c3f10000 - 0x00007ff8c3f1a000 	C:\Windows\System32\rasadhlp.dll
0x00007ff8c7630000 - 0x00007ff8c76b3000 	C:\Windows\System32\fwpuclnt.dll
0x00007ff8caf80000 - 0x00007ff8caf8e000 	C:\Program Files\Java\jdk-11\bin\sunmscapi.dll
0x00007ff8d2300000 - 0x00007ff8d2468000 	C:\Windows\System32\CRYPT32.dll
0x00007ff8d10e0000 - 0x00007ff8d110e000 	C:\Windows\SYSTEM32\ncrypt.dll
0x00007ff8d10a0000 - 0x00007ff8d10d7000 	C:\Windows\SYSTEM32\NTASN1.dll

dbghelp: loaded successfully - version: 4.0.5 - missing functions: none
symbol engine: initialized successfully - sym options: 0x614 - pdb path: .;C:\Program Files\Java\jdk-11\bin;C:\Windows\SYSTEM32;C:\Windows\WinSxS\amd64_microsoft.windows.common-controls_6595b64144ccf1df_6.0.22621.3527_none_270e469b73872a76;C:\Program Files\Java\jdk-11\bin\server;C:\Users\rsaintpaul\AppData\Local\JetBrains\IntelliJ IDEA 2024.1\bin;C:\Users\rsaintpaul\AppData\Local\Temp

VM Arguments:
jvm_args: -Dmaven.multiModuleProjectDirectory=C:\Users\rsaintpaul\IdeaProjects\vertigo-bot-factory -Djansi.passthrough=true -Dmaven.home=C:\Users\rsaintpaul\AppData\Local\JetBrains\IntelliJ IDEA 2024.1\plugins\maven\lib\maven3 -Dclassworlds.conf=C:\Users\rsaintpaul\AppData\Local\JetBrains\IntelliJ IDEA 2024.1\plugins\maven\lib\maven3\bin\m2.conf -Dmaven.ext.class.path=C:\Users\rsaintpaul\AppData\Local\JetBrains\IntelliJ IDEA 2024.1\plugins\maven\lib\maven-event-listener.jar -javaagent:C:\Users\rsaintpaul\AppData\Local\JetBrains\IntelliJ IDEA 2024.1\lib\idea_rt.jar=61191:C:\Users\rsaintpaul\AppData\Local\JetBrains\IntelliJ IDEA 2024.1\bin -Dfile.encoding=UTF-8 
java_command: org.codehaus.classworlds.Launcher -Didea.version=2024.1 install
java_class_path (initial): C:\Users\rsaintpaul\AppData\Local\JetBrains\IntelliJ IDEA 2024.1\plugins\maven\lib\maven3\boot\plexus-classworlds-2.7.0.jar;C:\Users\rsaintpaul\AppData\Local\JetBrains\IntelliJ IDEA 2024.1\plugins\maven\lib\maven3\boot\plexus-classworlds.license
Launcher Type: SUN_STANDARD

[Global flags]
     intx CICompilerCount                          = 4                                         {product} {ergonomic}
     uint ConcGCThreads                            = 2                                         {product} {ergonomic}
     uint G1ConcRefinementThreads                  = 8                                         {product} {ergonomic}
   size_t G1HeapRegionSize                         = 1048576                                   {product} {ergonomic}
    uintx GCDrainStackTargetSize                   = 64                                        {product} {ergonomic}
   size_t InitialHeapSize                          = 266338304                                 {product} {ergonomic}
   size_t MarkStackSize                            = 4194304                                   {product} {ergonomic}
   size_t MaxHeapSize                              = 4232052736                                {product} {ergonomic}
   size_t MaxNewSize                               = 2538602496                                {product} {ergonomic}
   size_t MinHeapDeltaBytes                        = 1048576                                   {product} {ergonomic}
    uintx NonNMethodCodeHeapSize                   = 5836300                                {pd product} {ergonomic}
    uintx NonProfiledCodeHeapSize                  = 122910970                              {pd product} {ergonomic}
    uintx ProfiledCodeHeapSize                     = 122910970                              {pd product} {ergonomic}
    uintx ReservedCodeCacheSize                    = 251658240                              {pd product} {ergonomic}
     bool SegmentedCodeCache                       = true                                      {product} {ergonomic}
     bool UseCompressedClassPointers               = true                                 {lp64_product} {ergonomic}
     bool UseCompressedOops                        = true                                 {lp64_product} {ergonomic}
     bool UseG1GC                                  = true                                      {product} {ergonomic}
     bool UseLargePagesIndividualAllocation        = false                                  {pd product} {ergonomic}

Logging:
Log output configuration:
 #0: stdout all=warning uptime,level,tags
 #1: stderr all=off uptime,level,tags

Environment Variables:
JAVA_HOME=C:\Program Files\Java\jdk-11\bin
PATH=C:\Program Files\Common Files\Oracle\Java\javapath;C:\Windows\system32;C:\Windows;C:\Windows\System32\Wbem;C:\Windows\System32\WindowsPowerShell\v1.0\;C:\Windows\System32\OpenSSH\;C:\Program Files (x86)\Pulse Secure\VC142.CRT\X64\;C:\Program Files (x86)\Pulse Secure\VC142.CRT\X86\;C:\Program Files (x86)\Common Files\Pulse Secure\TNC Client Plugin\;C:\Program Files\Git\cmd;C:\Users\rsaintpaul\Downloads\apache-maven-3.9.6-bin\apache-maven-3.9.6\bin;C:\Users\rsaintpaul\AppData\Local\Microsoft\WindowsApps;
USERNAME=rsaintpaul
OS=Windows_NT
PROCESSOR_IDENTIFIER=Intel64 Family 6 Model 142 Stepping 12, GenuineIntel



---------------  S Y S T E M  ---------------

OS: Windows 11 , 64 bit Build 22621 (10.0.22621.3527)
Hyper-V role detected

CPU:total 8 (initial active 8) (4 cores per cpu, 2 threads per core) family 6 model 142 stepping 12 microcode 0xf8, cmov, cx8, fxsr, mmx, sse, sse2, sse3, ssse3, sse4.1, sse4.2, popcnt, avx, avx2, aes, clmul, erms, 3dnowpref, lzcnt, ht, tsc, tscinvbit, bmi1, bmi2, adx, fma

Memory: 4k page, system-wide physical 16140M (2417M free)
TotalPageFile size 23308M (AvailPageFile size 8141M)
current process WorkingSet (physical memory assigned to process): 505M, peak: 519M
current process commit charge ("private bytes"): 558M, peak: 572M

vm_info: Java HotSpot(TM) 64-Bit Server VM (11.0.22+9-LTS-219) for windows-amd64 JRE (11.0.22+9-LTS-219), built on Dec 19 2023 22:08:21 by "mach5one" with MS VC++ 17.1 (VS2022)

END.
