#
# A fatal error has been detected by the Java Runtime Environment:
#
#  EXCEPTION_ACCESS_VIOLATION (0xc0000005) at pc=0x00007ff8a4ec61b1, pid=1776, tid=9120
#
# JRE version: Java(TM) SE Runtime Environment 18.9 (11.0.22+9) (build 11.0.22+9-LTS-219)
# Java VM: Java HotSpot(TM) 64-Bit Server VM 18.9 (11.0.22+9-LTS-219, mixed mode, tiered, compressed oops, g1 gc, windows-amd64)
# Problematic frame:
# V  [jvm.dll+0x1961b1]
#
# No core dump will be written. Minidumps are not enabled by default on client versions of Windows
#
# If you would like to submit a bug report, please visit:
#   https://bugreport.java.com/bugreport/crash.jsp
#

---------------  S U M M A R Y ------------

Command Line: -Dmaven.multiModuleProjectDirectory=C:\Users\rsaintpaul\IdeaProjects\vertigo-bot-factory -Djansi.passthrough=true -Dmaven.home=C:\Users\rsaintpaul\AppData\Local\JetBrains\IntelliJ IDEA 2024.1\plugins\maven\lib\maven3 -Dclassworlds.conf=C:\Users\rsaintpaul\AppData\Local\JetBrains\IntelliJ IDEA 2024.1\plugins\maven\lib\maven3\bin\m2.conf -Dmaven.ext.class.path=C:\Users\rsaintpaul\AppData\Local\JetBrains\IntelliJ IDEA 2024.1\plugins\maven\lib\maven-event-listener.jar -javaagent:C:\Users\rsaintpaul\AppData\Local\JetBrains\IntelliJ IDEA 2024.1\lib\idea_rt.jar=61203:C:\Users\rsaintpaul\AppData\Local\JetBrains\IntelliJ IDEA 2024.1\bin -Dfile.encoding=UTF-8 org.codehaus.classworlds.Launcher -Didea.version=2024.1 install

Host: Intel(R) Core(TM) i5-10310U CPU @ 1.70GHz, 8 cores, 15G,  Windows 11 , 64 bit Build 22621 (10.0.22621.3527)
Time: Thu May 23 14:25:18 2024 Paris, Madrid (heure duild 22621 (10.0.22621.3527) elapsed time: 2.703753 seconds (0d 0h 0m 2s)

---------------  T H R E A D  ---------------

Current thread (0x000001d793b79800):  GCTaskThread "GC Thread#4" [stack: 0x000000b91c000000,0x000000b91c100000] [id=9120]

Stack: [0x000000b91c000000,0x000000b91c100000],  sp=0x000000b91c0ff328,  free space=1020k
Native frames: (J=compiled Java code, j=interpreted, Vv=VM code, C=native code)
V  [jvm.dll+0x1961b1]


siginfo: EXCEPTION_ACCESS_VIOLATION (0xc0000005), reading address 0x0000000000000110


Register to memory mapping:

RIP=0x00007ff8a4ec61b1 jvm.dll
RAX=0x0 is NULL
RBX=0x000000071013a964 is pointing into object: java.lang.String 
{0x000000071013a958} - klass: 'java/lang/String'

[error occurred during error reporting (printing register info), id 0xc0000005, EXCEPTION_ACCESS_VIOLATION (0xc0000005) at pc=0x00007ff8a50a54e2]

Registers:
RAX=0x0000000000000000, RBX=0x000000071013a964, RCX=0x0000000800000009, RDX=0x00000007121d48c0
RSP=0x000000b91c0ff328, RBP=0x000001d794679180, RSI=0x000001d794679180, RDI=0x0000000000000001
R8 =0x0000000000000000, R9 =0x0000000800000009, R10=0x00007ff8d1720000, R11=0x00007ff8d17215c3
R12=0x0000000000000040, R13=0x0000000000000000, R14=0x00000007121d48c0, R15=0x0000000000000009
RIP=0x00007ff8a4ec61b1, EFLAGS=0x0000000000010246

Top of Stack: (sp=0x000000b91c0ff328)
0x000000b91c0ff328:   00007ff8a504457f 000000071013a901
0x000000b91c0ff338:   00000007100143f0 000001d794679180
0x000000b91c0ff348:   00007ff8a501813b 000000b91c0ff5d8
0x000000b91c0ff358:   0000000000000040 000001d700000000
0x000000b91c0ff368:   0000000000000000 000001d794679180
0x000000b91c0ff378:   000000b91c0ff5d8 000001d7ef3959f0
0x000000b91c0ff388:   0000000000000000 0000000000000040
0x000000b91c0ff398:   0000000000000000 0000000000000347
0x000000b91c0ff3a8:   00007ff8a5042c7c 0000000000000000
0x000000b91c0ff3b8:   00007ff8a504b600 0000000000000011
0x000000b91c0ff3c8:   000000071013a964 000000b91c0ff5d8
0x000000b91c0ff3d8:   000000b91c0ff5b0 00007ff8a55dbec8
0x000000b91c0ff3e8:   0000000000000001 000001d7ef3c5090
0x000000b91c0ff3f8:   0000000000000100 000001d794679180
0x000000b91c0ff408:   00007ff8a505132e 0000000703d13200
0x000000b91c0ff418:   0000000000000000 000000b91c0ff5d8 

Instructions: (pc=0x00007ff8a4ec61b1)
0x00007ff8a4ec6191:   10 0f b6 c1 49 8d 0c 11 49 f7 d1 48 03 c1 49 c1
0x00007ff8a4ec61a1:   e9 03 48 c1 e8 03 41 23 c1 c3 49 8b 01 49 8b c9
0x00007ff8a4ec61b1:   48 ff a0 10 01 00 00 cc cc cc cc cc cc cc cc 48
0x00007ff8a4ec61c1:   8b c2 c3 cc cc cc cc cc cc cc cc cc cc cc cc 48 


Stack slot to memory mapping:
stack at sp + 0 slots: 0x00007ff8a504457f jvm.dll
stack at sp + 1 slots: 0x000000071013a901 is pointing into object: java.lang.String 
{0x000000071013a8f8} - klass: 'java/lang/String'
 - string: "WEAK_COMPARE_AND_SET_RELEASE"
stack at sp + 2 slots: 0x00000007100143f0 is an oop: [B 
{0x00000007100143f0} - klass: {type array byte}
 - length: 16
stack at sp + 3 slots: 0x000001d794679180 points into unknown readable memory: 0x00007ff8a55db568 | 68 b5 5d a5 f8 7f 00 00
stack at sp + 4 slots: 0x00007ff8a501813b jvm.dll
stack at sp + 5 slots: 0x000000b91c0ff5d8 points into unknown readable memory: 0x00007ff8a55dbec8 | c8 be 5d a5 f8 7f 00 00
stack at sp + 6 slots: 64 is a compressed pointer to class: 0x0000000800000040
stack at sp + 7 slots: 0x000001d700000000 is an unknown value


---------------  P R O C E S S  ---------------

Threads class SMR info:
_java_thread_list=0x000001d793b52520, length=13, elements={
0x000001d7ef37e800, 0x000001d7feff9000, 0x000001d7feffa000, 0x000001d7ff8f7800,
0x000001d7ff8f8800, 0x000001d7ff8fa800, 0x000001d7ff8ff000, 0x000001d7ff905000,
0x000001d7ff90a000, 0x000001d7fefb1000, 0x000001d7ffa7e000, 0x000001d7ffc0e800,
0x000001d7ffa7c800
}

Java Threads: ( => current thread )
  0x000001d7ef37e800 JavaThread "main" [_thread_blocked, id=2092, stack(0x000000b91aa00000,0x000000b91ab00000)]
  0x000001d7feff9000 JavaThread "Reference Handler" daemon [_thread_blocked, id=15088, stack(0x000000b91b100000,0x000000b91b200000)]
  0x000001d7feffa000 JavaThread "Finalizer" daemon [_thread_blocked, id=15960, stack(0x000000b91b200000,0x000000b91b300000)]
  0x000001d7ff8f7800 JavaThread "Signal Dispatcher" daemon [_thread_blocked, id=10256, stack(0x000000b91b300000,0x000000b91b400000)]
  0x000001d7ff8f8800 JavaThread "Attach Listener" daemon [_thread_blocked, id=8772, stack(0x000000b91b400000,0x000000b91b500000)]
  0x000001d7ff8fa800 JavaThread "Service Thread" daemon [_thread_blocked, id=4616, stack(0x000000b91b500000,0x000000b91b600000)]
  0x000001d7ff8ff000 JavaThread "C2 CompilerThread0" daemon [_thread_in_native, id=15492, stack(0x000000b91b600000,0x000000b91b700000)]
  0x000001d7ff905000 JavaThread "C1 CompilerThread0" daemon [_thread_blocked, id=7640, stack(0x000000b91b700000,0x000000b91b800000)]
  0x000001d7ff90a000 JavaThread "Sweeper thread" daemon [_thread_blocked, id=15608, stack(0x000000b91b800000,0x000000b91b900000)]
  0x000001d7fefb1000 JavaThread "Common-Cleaner" daemon [_thread_blocked, id=4496, stack(0x000000b91b900000,0x000000b91ba00000)]
  0x000001d7ffa7e000 JavaThread "C2 CompilerThread1" daemon [_thread_blocked, id=13488, stack(0x000000b91ba00000,0x000000b91bb00000)]
  0x000001d7ffc0e800 JavaThread "Monitor Ctrl-Break" daemon [_thread_in_native, id=7200, stack(0x000000b91bb00000,0x000000b91bc00000)]
  0x000001d7ffa7c800 JavaThread "C2 CompilerThread2" daemon [_thread_in_native, id=8056, stack(0x000000b91c200000,0x000000b91c300000)]

Other Threads:
  0x000001d7feff6800 VMThread "VM Thread" [stack: 0x000000b91b000000,0x000000b91b100000] [id=8260]
  0x000001d792fcc800 WatcherThread [stack: 0x000000b91bc00000,0x000000b91bd00000] [id=10968]
  0x000001d7ef394800 GCTaskThread "GC Thread#0" [stack: 0x000000b91ab00000,0x000000b91ac00000] [id=11868]
  0x000001d793993000 GCTaskThread "GC Thread#1" [stack: 0x000000b91bd00000,0x000000b91be00000] [id=1944]
  0x000001d793b5b000 GCTaskThread "GC Thread#2" [stack: 0x000000b91be00000,0x000000b91bf00000] [id=17300]
  0x000001d793b5c000 GCTaskThread "GC Thread#3" [stack: 0x000000b91bf00000,0x000000b91c000000] [id=11648]
=>0x000001d793b79800 GCTaskThread "GC Thread#4" [stack: 0x000000b91c000000,0x000000b91c100000] [id=9120]
  0x000001d793b7a000 GCTaskThread "GC Thread#5" [stack: 0x000000b91c100000,0x000000b91c200000] [id=2772]
  0x000001d7ef3f0800 ConcurrentGCThread "G1 Main Marker" [stack: 0x000000b91ac00000,0x000000b91ad00000] [id=1788]
  0x000001d7ef3f3000 ConcurrentGCThread "G1 Conc#0" [stack: 0x000000b91ad00000,0x000000b91ae00000] [id=13008]
  0x000001d7feed4000 ConcurrentGCThread "G1 Refine#0" [stack: 0x000000b91ae00000,0x000000b91af00000] [id=11548]
  0x000001d7feed5000 ConcurrentGCThread "G1 Young RemSet Sampling" [stack: 0x000000b91af00000,0x000000b91b000000] [id=10360]

Threads with active compile tasks:
C2 CompilerThread0     2726 2180       4       com.google.inject.internal.asm.$SymbolTable::addConstantUtf8 (98 bytes)
C1 CompilerThread0     2726 2199       3       java.util.ArrayList::clear (43 bytes)
C2 CompilerThread1     2726 2174       4       com.google.inject.internal.asm.$SymbolTable::put (150 bytes)
C2 CompilerThread2     2726 1813   !   4       java.net.URL::<init> (543 bytes)

VM state:at safepoint (normal execution)

VM Mutex/Monitor currently owned by a thread:  ([mutex/lock_event])
[0x000001d7ef379eb0] Threads_lock - owner thread: 0x000001d7feff6800
[0x000001d7ef37ab10] Heap_lock - owner thread: 0x000001d7ef37e800

Heap address: 0x0000000703c00000, size: 4036 MB, Compressed Oops mode: Zero based, Oop shift amount: 3
Narrow klass base: 0x0000000800000000, Narrow klass shift: 0
Compressed class space size: 1073741824 Address: 0x0000000800000000

Heap:
 garbage-first heap   total 260096K, used 58486K [0x0000000703c00000, 0x0000000800000000)
  region size 1024K, 59 young (60416K), 6 survivors (6144K)
 Metaspace       used 20719K, capacity 21151K, committed 21296K, reserved 1069056K
  class space    used 2267K, capacity 2405K, committed 2432K, reserved 1048576K
Heap Regions: E=young(eden), S=young(survivor), O=old, HS=humongous(starts), HC=humongous(continues), CS=collection set, F=free, A=archive, TAMS=top-at-mark-start (previous, next)
|   0|0x0000000703c00000, 0x0000000703d00000, 0x0000000703d00000|100%| O|  |TAMS 0x0000000703c00000, 0x0000000703d00000| Untracked 
|   1|0x0000000703d00000, 0x0000000703d1da00, 0x0000000703e00000| 11%| O|  |TAMS 0x0000000703d00000, 0x0000000703e00000| Untracked 
|   2|0x0000000703e00000, 0x0000000703e00000, 0x0000000703f00000|  0%| F|  |TAMS 0x0000000703e00000, 0x0000000703e00000| Untracked 
|   3|0x0000000703f00000, 0x0000000703f00000, 0x0000000704000000|  0%| F|  |TAMS 0x0000000703f00000, 0x0000000703f00000| Untracked 
|   4|0x0000000704000000, 0x0000000704000000, 0x0000000704100000|  0%| F|  |TAMS 0x0000000704000000, 0x0000000704000000| Untracked 
|   5|0x0000000704100000, 0x0000000704100000, 0x0000000704200000|  0%| F|  |TAMS 0x0000000704100000, 0x0000000704100000| Untracked 
|   6|0x0000000704200000, 0x0000000704200000, 0x0000000704300000|  0%| F|  |TAMS 0x0000000704200000, 0x0000000704200000| Untracked 
|   7|0x0000000704300000, 0x0000000704300000, 0x0000000704400000|  0%| F|  |TAMS 0x0000000704300000, 0x0000000704300000| Untracked 
|   8|0x0000000704400000, 0x0000000704400000, 0x0000000704500000|  0%| F|  |TAMS 0x0000000704400000, 0x0000000704400000| Untracked 
|   9|0x0000000704500000, 0x0000000704500000, 0x0000000704600000|  0%| F|  |TAMS 0x0000000704500000, 0x0000000704500000| Untracked 
|  10|0x0000000704600000, 0x0000000704600000, 0x0000000704700000|  0%| F|  |TAMS 0x0000000704600000, 0x0000000704600000| Untracked 
|  11|0x0000000704700000, 0x0000000704700000, 0x0000000704800000|  0%| F|  |TAMS 0x0000000704700000, 0x0000000704700000| Untracked 
|  12|0x0000000704800000, 0x0000000704800000, 0x0000000704900000|  0%| F|  |TAMS 0x0000000704800000, 0x0000000704800000| Untracked 
|  13|0x0000000704900000, 0x0000000704900000, 0x0000000704a00000|  0%| F|  |TAMS 0x0000000704900000, 0x0000000704900000| Untracked 
|  14|0x0000000704a00000, 0x0000000704a00000, 0x0000000704b00000|  0%| F|  |TAMS 0x0000000704a00000, 0x0000000704a00000| Untracked 
|  15|0x0000000704b00000, 0x0000000704b00000, 0x0000000704c00000|  0%| F|  |TAMS 0x0000000704b00000, 0x0000000704b00000| Untracked 
|  16|0x0000000704c00000, 0x0000000704c00000, 0x0000000704d00000|  0%| F|  |TAMS 0x0000000704c00000, 0x0000000704c00000| Untracked 
|  17|0x0000000704d00000, 0x0000000704d00000, 0x0000000704e00000|  0%| F|  |TAMS 0x0000000704d00000, 0x0000000704d00000| Untracked 
|  18|0x0000000704e00000, 0x0000000704e00000, 0x0000000704f00000|  0%| F|  |TAMS 0x0000000704e00000, 0x0000000704e00000| Untracked 
|  19|0x0000000704f00000, 0x0000000704f00000, 0x0000000705000000|  0%| F|  |TAMS 0x0000000704f00000, 0x0000000704f00000| Untracked 
|  20|0x0000000705000000, 0x0000000705000000, 0x0000000705100000|  0%| F|  |TAMS 0x0000000705000000, 0x0000000705000000| Untracked 
|  21|0x0000000705100000, 0x0000000705100000, 0x0000000705200000|  0%| F|  |TAMS 0x0000000705100000, 0x0000000705100000| Untracked 
|  22|0x0000000705200000, 0x0000000705200000, 0x0000000705300000|  0%| F|  |TAMS 0x0000000705200000, 0x0000000705200000| Untracked 
|  23|0x0000000705300000, 0x0000000705300000, 0x0000000705400000|  0%| F|  |TAMS 0x0000000705300000, 0x0000000705300000| Untracked 
|  24|0x0000000705400000, 0x0000000705400000, 0x0000000705500000|  0%| F|  |TAMS 0x0000000705400000, 0x0000000705400000| Untracked 
|  25|0x0000000705500000, 0x0000000705500000, 0x0000000705600000|  0%| F|  |TAMS 0x0000000705500000, 0x0000000705500000| Untracked 
|  26|0x0000000705600000, 0x0000000705600000, 0x0000000705700000|  0%| F|  |TAMS 0x0000000705600000, 0x0000000705600000| Untracked 
|  27|0x0000000705700000, 0x0000000705700000, 0x0000000705800000|  0%| F|  |TAMS 0x0000000705700000, 0x0000000705700000| Untracked 
|  28|0x0000000705800000, 0x0000000705800000, 0x0000000705900000|  0%| F|  |TAMS 0x0000000705800000, 0x0000000705800000| Untracked 
|  29|0x0000000705900000, 0x0000000705900000, 0x0000000705a00000|  0%| F|  |TAMS 0x0000000705900000, 0x0000000705900000| Untracked 
|  30|0x0000000705a00000, 0x0000000705a00000, 0x0000000705b00000|  0%| F|  |TAMS 0x0000000705a00000, 0x0000000705a00000| Untracked 
|  31|0x0000000705b00000, 0x0000000705b00000, 0x0000000705c00000|  0%| F|  |TAMS 0x0000000705b00000, 0x0000000705b00000| Untracked 
|  32|0x0000000705c00000, 0x0000000705c00000, 0x0000000705d00000|  0%| F|  |TAMS 0x0000000705c00000, 0x0000000705c00000| Untracked 
|  33|0x0000000705d00000, 0x0000000705d00000, 0x0000000705e00000|  0%| F|  |TAMS 0x0000000705d00000, 0x0000000705d00000| Untracked 
|  34|0x0000000705e00000, 0x0000000705e00000, 0x0000000705f00000|  0%| F|  |TAMS 0x0000000705e00000, 0x0000000705e00000| Untracked 
|  35|0x0000000705f00000, 0x0000000705f00000, 0x0000000706000000|  0%| F|  |TAMS 0x0000000705f00000, 0x0000000705f00000| Untracked 
|  36|0x0000000706000000, 0x0000000706000000, 0x0000000706100000|  0%| F|  |TAMS 0x0000000706000000, 0x0000000706000000| Untracked 
|  37|0x0000000706100000, 0x0000000706100000, 0x0000000706200000|  0%| F|  |TAMS 0x0000000706100000, 0x0000000706100000| Untracked 
|  38|0x0000000706200000, 0x0000000706200000, 0x0000000706300000|  0%| F|  |TAMS 0x0000000706200000, 0x0000000706200000| Untracked 
|  39|0x0000000706300000, 0x0000000706300000, 0x0000000706400000|  0%| F|  |TAMS 0x0000000706300000, 0x0000000706300000| Untracked 
|  40|0x0000000706400000, 0x0000000706400000, 0x0000000706500000|  0%| F|  |TAMS 0x0000000706400000, 0x0000000706400000| Untracked 
|  41|0x0000000706500000, 0x0000000706500000, 0x0000000706600000|  0%| F|  |TAMS 0x0000000706500000, 0x0000000706500000| Untracked 
|  42|0x0000000706600000, 0x0000000706600000, 0x0000000706700000|  0%| F|  |TAMS 0x0000000706600000, 0x0000000706600000| Untracked 
|  43|0x0000000706700000, 0x0000000706700000, 0x0000000706800000|  0%| F|  |TAMS 0x0000000706700000, 0x0000000706700000| Untracked 
|  44|0x0000000706800000, 0x0000000706800000, 0x0000000706900000|  0%| F|  |TAMS 0x0000000706800000, 0x0000000706800000| Untracked 
|  45|0x0000000706900000, 0x0000000706900000, 0x0000000706a00000|  0%| F|  |TAMS 0x0000000706900000, 0x0000000706900000| Untracked 
|  46|0x0000000706a00000, 0x0000000706a00000, 0x0000000706b00000|  0%| F|  |TAMS 0x0000000706a00000, 0x0000000706a00000| Untracked 
|  47|0x0000000706b00000, 0x0000000706b00000, 0x0000000706c00000|  0%| F|  |TAMS 0x0000000706b00000, 0x0000000706b00000| Untracked 
|  48|0x0000000706c00000, 0x0000000706c00000, 0x0000000706d00000|  0%| F|  |TAMS 0x0000000706c00000, 0x0000000706c00000| Untracked 
|  49|0x0000000706d00000, 0x0000000706d00000, 0x0000000706e00000|  0%| F|  |TAMS 0x0000000706d00000, 0x0000000706d00000| Untracked 
|  50|0x0000000706e00000, 0x0000000706e00000, 0x0000000706f00000|  0%| F|  |TAMS 0x0000000706e00000, 0x0000000706e00000| Untracked 
|  51|0x0000000706f00000, 0x0000000706f00000, 0x0000000707000000|  0%| F|  |TAMS 0x0000000706f00000, 0x0000000706f00000| Untracked 
|  52|0x0000000707000000, 0x0000000707000000, 0x0000000707100000|  0%| F|  |TAMS 0x0000000707000000, 0x0000000707000000| Untracked 
|  53|0x0000000707100000, 0x0000000707100000, 0x0000000707200000|  0%| F|  |TAMS 0x0000000707100000, 0x0000000707100000| Untracked 
|  54|0x0000000707200000, 0x0000000707200000, 0x0000000707300000|  0%| F|  |TAMS 0x0000000707200000, 0x0000000707200000| Untracked 
|  55|0x0000000707300000, 0x0000000707300000, 0x0000000707400000|  0%| F|  |TAMS 0x0000000707300000, 0x0000000707300000| Untracked 
|  56|0x0000000707400000, 0x0000000707400000, 0x0000000707500000|  0%| F|  |TAMS 0x0000000707400000, 0x0000000707400000| Untracked 
|  57|0x0000000707500000, 0x0000000707500000, 0x0000000707600000|  0%| F|  |TAMS 0x0000000707500000, 0x0000000707500000| Untracked 
|  58|0x0000000707600000, 0x0000000707600000, 0x0000000707700000|  0%| F|  |TAMS 0x0000000707600000, 0x0000000707600000| Untracked 
|  59|0x0000000707700000, 0x0000000707700000, 0x0000000707800000|  0%| F|  |TAMS 0x0000000707700000, 0x0000000707700000| Untracked 
|  60|0x0000000707800000, 0x0000000707800000, 0x0000000707900000|  0%| F|  |TAMS 0x0000000707800000, 0x0000000707800000| Untracked 
|  61|0x0000000707900000, 0x0000000707900000, 0x0000000707a00000|  0%| F|  |TAMS 0x0000000707900000, 0x0000000707900000| Untracked 
|  62|0x0000000707a00000, 0x0000000707a00000, 0x0000000707b00000|  0%| F|  |TAMS 0x0000000707a00000, 0x0000000707a00000| Untracked 
|  63|0x0000000707b00000, 0x0000000707b00000, 0x0000000707c00000|  0%| F|  |TAMS 0x0000000707b00000, 0x0000000707b00000| Untracked 
|  64|0x0000000707c00000, 0x0000000707c00000, 0x0000000707d00000|  0%| F|  |TAMS 0x0000000707c00000, 0x0000000707c00000| Untracked 
|  65|0x0000000707d00000, 0x0000000707d00000, 0x0000000707e00000|  0%| F|  |TAMS 0x0000000707d00000, 0x0000000707d00000| Untracked 
|  66|0x0000000707e00000, 0x0000000707e00000, 0x0000000707f00000|  0%| F|  |TAMS 0x0000000707e00000, 0x0000000707e00000| Untracked 
|  67|0x0000000707f00000, 0x0000000707f00000, 0x0000000708000000|  0%| F|  |TAMS 0x0000000707f00000, 0x0000000707f00000| Untracked 
|  68|0x0000000708000000, 0x0000000708000000, 0x0000000708100000|  0%| F|  |TAMS 0x0000000708000000, 0x0000000708000000| Untracked 
|  69|0x0000000708100000, 0x0000000708100000, 0x0000000708200000|  0%| F|  |TAMS 0x0000000708100000, 0x0000000708100000| Untracked 
|  70|0x0000000708200000, 0x0000000708200000, 0x0000000708300000|  0%| F|  |TAMS 0x0000000708200000, 0x0000000708200000| Untracked 
|  71|0x0000000708300000, 0x0000000708300000, 0x0000000708400000|  0%| F|  |TAMS 0x0000000708300000, 0x0000000708300000| Untracked 
|  72|0x0000000708400000, 0x0000000708400000, 0x0000000708500000|  0%| F|  |TAMS 0x0000000708400000, 0x0000000708400000| Untracked 
|  73|0x0000000708500000, 0x0000000708500000, 0x0000000708600000|  0%| F|  |TAMS 0x0000000708500000, 0x0000000708500000| Untracked 
|  74|0x0000000708600000, 0x0000000708600000, 0x0000000708700000|  0%| F|  |TAMS 0x0000000708600000, 0x0000000708600000| Untracked 
|  75|0x0000000708700000, 0x0000000708700000, 0x0000000708800000|  0%| F|  |TAMS 0x0000000708700000, 0x0000000708700000| Untracked 
|  76|0x0000000708800000, 0x0000000708800000, 0x0000000708900000|  0%| F|  |TAMS 0x0000000708800000, 0x0000000708800000| Untracked 
|  77|0x0000000708900000, 0x0000000708900000, 0x0000000708a00000|  0%| F|  |TAMS 0x0000000708900000, 0x0000000708900000| Untracked 
|  78|0x0000000708a00000, 0x0000000708a00000, 0x0000000708b00000|  0%| F|  |TAMS 0x0000000708a00000, 0x0000000708a00000| Untracked 
|  79|0x0000000708b00000, 0x0000000708b00000, 0x0000000708c00000|  0%| F|  |TAMS 0x0000000708b00000, 0x0000000708b00000| Untracked 
|  80|0x0000000708c00000, 0x0000000708c00000, 0x0000000708d00000|  0%| F|  |TAMS 0x0000000708c00000, 0x0000000708c00000| Untracked 
|  81|0x0000000708d00000, 0x0000000708d00000, 0x0000000708e00000|  0%| F|  |TAMS 0x0000000708d00000, 0x0000000708d00000| Untracked 
|  82|0x0000000708e00000, 0x0000000708e00000, 0x0000000708f00000|  0%| F|  |TAMS 0x0000000708e00000, 0x0000000708e00000| Untracked 
|  83|0x0000000708f00000, 0x0000000708f00000, 0x0000000709000000|  0%| F|  |TAMS 0x0000000708f00000, 0x0000000708f00000| Untracked 
|  84|0x0000000709000000, 0x0000000709000000, 0x0000000709100000|  0%| F|  |TAMS 0x0000000709000000, 0x0000000709000000| Untracked 
|  85|0x0000000709100000, 0x0000000709100000, 0x0000000709200000|  0%| F|  |TAMS 0x0000000709100000, 0x0000000709100000| Untracked 
|  86|0x0000000709200000, 0x0000000709200000, 0x0000000709300000|  0%| F|  |TAMS 0x0000000709200000, 0x0000000709200000| Untracked 
|  87|0x0000000709300000, 0x0000000709300000, 0x0000000709400000|  0%| F|  |TAMS 0x0000000709300000, 0x0000000709300000| Untracked 
|  88|0x0000000709400000, 0x0000000709400000, 0x0000000709500000|  0%| F|  |TAMS 0x0000000709400000, 0x0000000709400000| Untracked 
|  89|0x0000000709500000, 0x0000000709500000, 0x0000000709600000|  0%| F|  |TAMS 0x0000000709500000, 0x0000000709500000| Untracked 
|  90|0x0000000709600000, 0x0000000709600000, 0x0000000709700000|  0%| F|  |TAMS 0x0000000709600000, 0x0000000709600000| Untracked 
|  91|0x0000000709700000, 0x0000000709700000, 0x0000000709800000|  0%| F|  |TAMS 0x0000000709700000, 0x0000000709700000| Untracked 
|  92|0x0000000709800000, 0x0000000709800000, 0x0000000709900000|  0%| F|  |TAMS 0x0000000709800000, 0x0000000709800000| Untracked 
|  93|0x0000000709900000, 0x0000000709900000, 0x0000000709a00000|  0%| F|  |TAMS 0x0000000709900000, 0x0000000709900000| Untracked 
|  94|0x0000000709a00000, 0x0000000709a00000, 0x0000000709b00000|  0%| F|  |TAMS 0x0000000709a00000, 0x0000000709a00000| Untracked 
|  95|0x0000000709b00000, 0x0000000709b00000, 0x0000000709c00000|  0%| F|  |TAMS 0x0000000709b00000, 0x0000000709b00000| Untracked 
|  96|0x0000000709c00000, 0x0000000709c00000, 0x0000000709d00000|  0%| F|  |TAMS 0x0000000709c00000, 0x0000000709c00000| Untracked 
|  97|0x0000000709d00000, 0x0000000709d00000, 0x0000000709e00000|  0%| F|  |TAMS 0x0000000709d00000, 0x0000000709d00000| Untracked 
|  98|0x0000000709e00000, 0x0000000709e00000, 0x0000000709f00000|  0%| F|  |TAMS 0x0000000709e00000, 0x0000000709e00000| Untracked 
|  99|0x0000000709f00000, 0x0000000709f00000, 0x000000070a000000|  0%| F|  |TAMS 0x0000000709f00000, 0x0000000709f00000| Untracked 
| 100|0x000000070a000000, 0x000000070a000000, 0x000000070a100000|  0%| F|  |TAMS 0x000000070a000000, 0x000000070a000000| Untracked 
| 101|0x000000070a100000, 0x000000070a100000, 0x000000070a200000|  0%| F|  |TAMS 0x000000070a100000, 0x000000070a100000| Untracked 
| 102|0x000000070a200000, 0x000000070a200000, 0x000000070a300000|  0%| F|  |TAMS 0x000000070a200000, 0x000000070a200000| Untracked 
| 103|0x000000070a300000, 0x000000070a300000, 0x000000070a400000|  0%| F|  |TAMS 0x000000070a300000, 0x000000070a300000| Untracked 
| 104|0x000000070a400000, 0x000000070a400000, 0x000000070a500000|  0%| F|  |TAMS 0x000000070a400000, 0x000000070a400000| Untracked 
| 105|0x000000070a500000, 0x000000070a500000, 0x000000070a600000|  0%| F|  |TAMS 0x000000070a500000, 0x000000070a500000| Untracked 
| 106|0x000000070a600000, 0x000000070a600000, 0x000000070a700000|  0%| F|  |TAMS 0x000000070a600000, 0x000000070a600000| Untracked 
| 107|0x000000070a700000, 0x000000070a700000, 0x000000070a800000|  0%| F|  |TAMS 0x000000070a700000, 0x000000070a700000| Untracked 
| 108|0x000000070a800000, 0x000000070a800000, 0x000000070a900000|  0%| F|  |TAMS 0x000000070a800000, 0x000000070a800000| Untracked 
| 109|0x000000070a900000, 0x000000070a900000, 0x000000070aa00000|  0%| F|  |TAMS 0x000000070a900000, 0x000000070a900000| Untracked 
| 110|0x000000070aa00000, 0x000000070aa00000, 0x000000070ab00000|  0%| F|  |TAMS 0x000000070aa00000, 0x000000070aa00000| Untracked 
| 111|0x000000070ab00000, 0x000000070ab00000, 0x000000070ac00000|  0%| F|  |TAMS 0x000000070ab00000, 0x000000070ab00000| Untracked 
| 112|0x000000070ac00000, 0x000000070ac00000, 0x000000070ad00000|  0%| F|  |TAMS 0x000000070ac00000, 0x000000070ac00000| Untracked 
| 113|0x000000070ad00000, 0x000000070ad00000, 0x000000070ae00000|  0%| F|  |TAMS 0x000000070ad00000, 0x000000070ad00000| Untracked 
| 114|0x000000070ae00000, 0x000000070ae00000, 0x000000070af00000|  0%| F|  |TAMS 0x000000070ae00000, 0x000000070ae00000| Untracked 
| 115|0x000000070af00000, 0x000000070af00000, 0x000000070b000000|  0%| F|  |TAMS 0x000000070af00000, 0x000000070af00000| Untracked 
| 116|0x000000070b000000, 0x000000070b000000, 0x000000070b100000|  0%| F|  |TAMS 0x000000070b000000, 0x000000070b000000| Untracked 
| 117|0x000000070b100000, 0x000000070b100000, 0x000000070b200000|  0%| F|  |TAMS 0x000000070b100000, 0x000000070b100000| Untracked 
| 118|0x000000070b200000, 0x000000070b200000, 0x000000070b300000|  0%| F|  |TAMS 0x000000070b200000, 0x000000070b200000| Untracked 
| 119|0x000000070b300000, 0x000000070b300000, 0x000000070b400000|  0%| F|  |TAMS 0x000000070b300000, 0x000000070b300000| Untracked 
| 120|0x000000070b400000, 0x000000070b400000, 0x000000070b500000|  0%| F|  |TAMS 0x000000070b400000, 0x000000070b400000| Untracked 
| 121|0x000000070b500000, 0x000000070b500000, 0x000000070b600000|  0%| F|  |TAMS 0x000000070b500000, 0x000000070b500000| Untracked 
| 122|0x000000070b600000, 0x000000070b600000, 0x000000070b700000|  0%| F|  |TAMS 0x000000070b600000, 0x000000070b600000| Untracked 
| 123|0x000000070b700000, 0x000000070b700000, 0x000000070b800000|  0%| F|  |TAMS 0x000000070b700000, 0x000000070b700000| Untracked 
| 124|0x000000070b800000, 0x000000070b800000, 0x000000070b900000|  0%| F|  |TAMS 0x000000070b800000, 0x000000070b800000| Untracked 
| 125|0x000000070b900000, 0x000000070b900000, 0x000000070ba00000|  0%| F|  |TAMS 0x000000070b900000, 0x000000070b900000| Untracked 
| 126|0x000000070ba00000, 0x000000070ba00000, 0x000000070bb00000|  0%| F|  |TAMS 0x000000070ba00000, 0x000000070ba00000| Untracked 
| 127|0x000000070bb00000, 0x000000070bb00000, 0x000000070bc00000|  0%| F|  |TAMS 0x000000070bb00000, 0x000000070bb00000| Untracked 
| 128|0x000000070bc00000, 0x000000070bc00000, 0x000000070bd00000|  0%| F|  |TAMS 0x000000070bc00000, 0x000000070bc00000| Untracked 
| 129|0x000000070bd00000, 0x000000070bd00000, 0x000000070be00000|  0%| F|  |TAMS 0x000000070bd00000, 0x000000070bd00000| Untracked 
| 130|0x000000070be00000, 0x000000070be00000, 0x000000070bf00000|  0%| F|  |TAMS 0x000000070be00000, 0x000000070be00000| Untracked 
| 131|0x000000070bf00000, 0x000000070bf00000, 0x000000070c000000|  0%| F|  |TAMS 0x000000070bf00000, 0x000000070bf00000| Untracked 
| 132|0x000000070c000000, 0x000000070c000000, 0x000000070c100000|  0%| F|  |TAMS 0x000000070c000000, 0x000000070c000000| Untracked 
| 133|0x000000070c100000, 0x000000070c100000, 0x000000070c200000|  0%| F|  |TAMS 0x000000070c100000, 0x000000070c100000| Untracked 
| 134|0x000000070c200000, 0x000000070c200000, 0x000000070c300000|  0%| F|  |TAMS 0x000000070c200000, 0x000000070c200000| Untracked 
| 135|0x000000070c300000, 0x000000070c300000, 0x000000070c400000|  0%| F|  |TAMS 0x000000070c300000, 0x000000070c300000| Untracked 
| 136|0x000000070c400000, 0x000000070c400000, 0x000000070c500000|  0%| F|  |TAMS 0x000000070c400000, 0x000000070c400000| Untracked 
| 137|0x000000070c500000, 0x000000070c500000, 0x000000070c600000|  0%| F|  |TAMS 0x000000070c500000, 0x000000070c500000| Untracked 
| 138|0x000000070c600000, 0x000000070c600000, 0x000000070c700000|  0%| F|  |TAMS 0x000000070c600000, 0x000000070c600000| Untracked 
| 139|0x000000070c700000, 0x000000070c700000, 0x000000070c800000|  0%| F|  |TAMS 0x000000070c700000, 0x000000070c700000| Untracked 
| 140|0x000000070c800000, 0x000000070c800000, 0x000000070c900000|  0%| F|  |TAMS 0x000000070c800000, 0x000000070c800000| Untracked 
| 141|0x000000070c900000, 0x000000070c900000, 0x000000070ca00000|  0%| F|  |TAMS 0x000000070c900000, 0x000000070c900000| Untracked 
| 142|0x000000070ca00000, 0x000000070ca00000, 0x000000070cb00000|  0%| F|  |TAMS 0x000000070ca00000, 0x000000070ca00000| Untracked 
| 143|0x000000070cb00000, 0x000000070cb00000, 0x000000070cc00000|  0%| F|  |TAMS 0x000000070cb00000, 0x000000070cb00000| Untracked 
| 144|0x000000070cc00000, 0x000000070cc00000, 0x000000070cd00000|  0%| F|  |TAMS 0x000000070cc00000, 0x000000070cc00000| Untracked 
| 145|0x000000070cd00000, 0x000000070cd00000, 0x000000070ce00000|  0%| F|  |TAMS 0x000000070cd00000, 0x000000070cd00000| Untracked 
| 146|0x000000070ce00000, 0x000000070ce00000, 0x000000070cf00000|  0%| F|  |TAMS 0x000000070ce00000, 0x000000070ce00000| Untracked 
| 147|0x000000070cf00000, 0x000000070cf00000, 0x000000070d000000|  0%| F|  |TAMS 0x000000070cf00000, 0x000000070cf00000| Untracked 
| 148|0x000000070d000000, 0x000000070d000000, 0x000000070d100000|  0%| F|  |TAMS 0x000000070d000000, 0x000000070d000000| Untracked 
| 149|0x000000070d100000, 0x000000070d100000, 0x000000070d200000|  0%| F|  |TAMS 0x000000070d100000, 0x000000070d100000| Untracked 
| 150|0x000000070d200000, 0x000000070d200000, 0x000000070d300000|  0%| F|  |TAMS 0x000000070d200000, 0x000000070d200000| Untracked 
| 151|0x000000070d300000, 0x000000070d300000, 0x000000070d400000|  0%| F|  |TAMS 0x000000070d300000, 0x000000070d300000| Untracked 
| 152|0x000000070d400000, 0x000000070d400000, 0x000000070d500000|  0%| F|  |TAMS 0x000000070d400000, 0x000000070d400000| Untracked 
| 153|0x000000070d500000, 0x000000070d500000, 0x000000070d600000|  0%| F|  |TAMS 0x000000070d500000, 0x000000070d500000| Untracked 
| 154|0x000000070d600000, 0x000000070d600000, 0x000000070d700000|  0%| F|  |TAMS 0x000000070d600000, 0x000000070d600000| Untracked 
| 155|0x000000070d700000, 0x000000070d700000, 0x000000070d800000|  0%| F|  |TAMS 0x000000070d700000, 0x000000070d700000| Untracked 
| 156|0x000000070d800000, 0x000000070d800000, 0x000000070d900000|  0%| F|  |TAMS 0x000000070d800000, 0x000000070d800000| Untracked 
| 157|0x000000070d900000, 0x000000070d900000, 0x000000070da00000|  0%| F|  |TAMS 0x000000070d900000, 0x000000070d900000| Untracked 
| 158|0x000000070da00000, 0x000000070da00000, 0x000000070db00000|  0%| F|  |TAMS 0x000000070da00000, 0x000000070da00000| Untracked 
| 159|0x000000070db00000, 0x000000070db00000, 0x000000070dc00000|  0%| F|  |TAMS 0x000000070db00000, 0x000000070db00000| Untracked 
| 160|0x000000070dc00000, 0x000000070dc00000, 0x000000070dd00000|  0%| F|  |TAMS 0x000000070dc00000, 0x000000070dc00000| Untracked 
| 161|0x000000070dd00000, 0x000000070dd00000, 0x000000070de00000|  0%| F|  |TAMS 0x000000070dd00000, 0x000000070dd00000| Untracked 
| 162|0x000000070de00000, 0x000000070de00000, 0x000000070df00000|  0%| F|  |TAMS 0x000000070de00000, 0x000000070de00000| Untracked 
| 163|0x000000070df00000, 0x000000070df00000, 0x000000070e000000|  0%| F|  |TAMS 0x000000070df00000, 0x000000070df00000| Untracked 
| 164|0x000000070e000000, 0x000000070e000000, 0x000000070e100000|  0%| F|  |TAMS 0x000000070e000000, 0x000000070e000000| Untracked 
| 165|0x000000070e100000, 0x000000070e100000, 0x000000070e200000|  0%| F|  |TAMS 0x000000070e100000, 0x000000070e100000| Untracked 
| 166|0x000000070e200000, 0x000000070e200000, 0x000000070e300000|  0%| F|  |TAMS 0x000000070e200000, 0x000000070e200000| Untracked 
| 167|0x000000070e300000, 0x000000070e300000, 0x000000070e400000|  0%| F|  |TAMS 0x000000070e300000, 0x000000070e300000| Untracked 
| 168|0x000000070e400000, 0x000000070e400000, 0x000000070e500000|  0%| F|  |TAMS 0x000000070e400000, 0x000000070e400000| Untracked 
| 169|0x000000070e500000, 0x000000070e500000, 0x000000070e600000|  0%| F|  |TAMS 0x000000070e500000, 0x000000070e500000| Untracked 
| 170|0x000000070e600000, 0x000000070e600000, 0x000000070e700000|  0%| F|  |TAMS 0x000000070e600000, 0x000000070e600000| Untracked 
| 171|0x000000070e700000, 0x000000070e700000, 0x000000070e800000|  0%| F|  |TAMS 0x000000070e700000, 0x000000070e700000| Untracked 
| 172|0x000000070e800000, 0x000000070e800000, 0x000000070e900000|  0%| F|  |TAMS 0x000000070e800000, 0x000000070e800000| Untracked 
| 173|0x000000070e900000, 0x000000070e900000, 0x000000070ea00000|  0%| F|  |TAMS 0x000000070e900000, 0x000000070e900000| Untracked 
| 174|0x000000070ea00000, 0x000000070ea00000, 0x000000070eb00000|  0%| F|  |TAMS 0x000000070ea00000, 0x000000070ea00000| Untracked 
| 175|0x000000070eb00000, 0x000000070eb00000, 0x000000070ec00000|  0%| F|  |TAMS 0x000000070eb00000, 0x000000070eb00000| Untracked 
| 176|0x000000070ec00000, 0x000000070ec00000, 0x000000070ed00000|  0%| F|  |TAMS 0x000000070ec00000, 0x000000070ec00000| Untracked 
| 177|0x000000070ed00000, 0x000000070ed00000, 0x000000070ee00000|  0%| F|  |TAMS 0x000000070ed00000, 0x000000070ed00000| Untracked 
| 178|0x000000070ee00000, 0x000000070ee00000, 0x000000070ef00000|  0%| F|  |TAMS 0x000000070ee00000, 0x000000070ee00000| Untracked 
| 179|0x000000070ef00000, 0x000000070ef00000, 0x000000070f000000|  0%| F|  |TAMS 0x000000070ef00000, 0x000000070ef00000| Untracked 
| 180|0x000000070f000000, 0x000000070f000000, 0x000000070f100000|  0%| F|  |TAMS 0x000000070f000000, 0x000000070f000000| Untracked 
| 181|0x000000070f100000, 0x000000070f100000, 0x000000070f200000|  0%| F|  |TAMS 0x000000070f100000, 0x000000070f100000| Untracked 
| 182|0x000000070f200000, 0x000000070f200000, 0x000000070f300000|  0%| F|  |TAMS 0x000000070f200000, 0x000000070f200000| Untracked 
| 183|0x000000070f300000, 0x000000070f300000, 0x000000070f400000|  0%| F|  |TAMS 0x000000070f300000, 0x000000070f300000| Untracked 
| 184|0x000000070f400000, 0x000000070f400000, 0x000000070f500000|  0%| F|  |TAMS 0x000000070f400000, 0x000000070f400000| Untracked 
| 185|0x000000070f500000, 0x000000070f500000, 0x000000070f600000|  0%| F|  |TAMS 0x000000070f500000, 0x000000070f500000| Untracked 
| 186|0x000000070f600000, 0x000000070f600000, 0x000000070f700000|  0%| F|  |TAMS 0x000000070f600000, 0x000000070f600000| Untracked 
| 187|0x000000070f700000, 0x000000070f700000, 0x000000070f800000|  0%| F|  |TAMS 0x000000070f700000, 0x000000070f700000| Untracked 
| 188|0x000000070f800000, 0x000000070f800000, 0x000000070f900000|  0%| F|  |TAMS 0x000000070f800000, 0x000000070f800000| Untracked 
| 189|0x000000070f900000, 0x000000070f900000, 0x000000070fa00000|  0%| F|  |TAMS 0x000000070f900000, 0x000000070f900000| Untracked 
| 190|0x000000070fa00000, 0x000000070fa00000, 0x000000070fb00000|  0%| F|  |TAMS 0x000000070fa00000, 0x000000070fa00000| Untracked 
| 191|0x000000070fb00000, 0x000000070fb00000, 0x000000070fc00000|  0%| F|  |TAMS 0x000000070fb00000, 0x000000070fb00000| Untracked 
| 192|0x000000070fc00000, 0x000000070fcb7010, 0x000000070fd00000| 71%| S|  |TAMS 0x000000070fc00000, 0x000000070fc00000| Complete 
| 193|0x000000070fd00000, 0x000000070fe00000, 0x000000070fe00000|100%| S|  |TAMS 0x000000070fd00000, 0x000000070fd00000| Complete 
| 194|0x000000070fe00000, 0x000000070ff00000, 0x000000070ff00000|100%| S|  |TAMS 0x000000070fe00000, 0x000000070fe00000| Complete 
| 195|0x000000070ff00000, 0x0000000710000000, 0x0000000710000000|100%| S|  |TAMS 0x000000070ff00000, 0x000000070ff00000| Complete 
| 196|0x0000000710000000, 0x0000000710100000, 0x0000000710100000|100%| S|  |TAMS 0x0000000710000000, 0x0000000710000000| Complete 
| 197|0x0000000710100000, 0x0000000710200000, 0x0000000710200000|100%| S|  |TAMS 0x0000000710100000, 0x0000000710100000| Complete 
| 198|0x0000000710200000, 0x0000000710300000, 0x0000000710300000|100%| E|CS|TAMS 0x0000000710200000, 0x0000000710300000| Complete 
| 199|0x0000000710300000, 0x0000000710400000, 0x0000000710400000|100%| E|CS|TAMS 0x0000000710300000, 0x0000000710400000| Complete 
| 200|0x0000000710400000, 0x0000000710500000, 0x0000000710500000|100%| E|CS|TAMS 0x0000000710400000, 0x0000000710500000| Complete 
| 201|0x0000000710500000, 0x0000000710600000, 0x0000000710600000|100%| E|CS|TAMS 0x0000000710500000, 0x0000000710600000| Complete 
| 202|0x0000000710600000, 0x0000000710700000, 0x0000000710700000|100%| E|CS|TAMS 0x0000000710600000, 0x0000000710700000| Complete 
| 203|0x0000000710700000, 0x0000000710800000, 0x0000000710800000|100%| E|CS|TAMS 0x0000000710700000, 0x0000000710800000| Complete 
| 204|0x0000000710800000, 0x0000000710900000, 0x0000000710900000|100%| E|CS|TAMS 0x0000000710800000, 0x0000000710900000| Complete 
| 205|0x0000000710900000, 0x0000000710a00000, 0x0000000710a00000|100%| E|CS|TAMS 0x0000000710900000, 0x0000000710a00000| Complete 
| 206|0x0000000710a00000, 0x0000000710b00000, 0x0000000710b00000|100%| E|CS|TAMS 0x0000000710a00000, 0x0000000710b00000| Complete 
| 207|0x0000000710b00000, 0x0000000710c00000, 0x0000000710c00000|100%| E|CS|TAMS 0x0000000710b00000, 0x0000000710c00000| Complete 
| 208|0x0000000710c00000, 0x0000000710d00000, 0x0000000710d00000|100%| E|CS|TAMS 0x0000000710c00000, 0x0000000710d00000| Complete 
| 209|0x0000000710d00000, 0x0000000710e00000, 0x0000000710e00000|100%| E|CS|TAMS 0x0000000710d00000, 0x0000000710e00000| Complete 
| 210|0x0000000710e00000, 0x0000000710f00000, 0x0000000710f00000|100%| E|CS|TAMS 0x0000000710e00000, 0x0000000710f00000| Complete 
| 211|0x0000000710f00000, 0x0000000711000000, 0x0000000711000000|100%| E|CS|TAMS 0x0000000710f00000, 0x0000000711000000| Complete 
| 212|0x0000000711000000, 0x0000000711100000, 0x0000000711100000|100%| E|CS|TAMS 0x0000000711000000, 0x0000000711100000| Complete 
| 213|0x0000000711100000, 0x0000000711200000, 0x0000000711200000|100%| E|CS|TAMS 0x0000000711100000, 0x0000000711200000| Complete 
| 214|0x0000000711200000, 0x0000000711300000, 0x0000000711300000|100%| E|CS|TAMS 0x0000000711200000, 0x0000000711300000| Complete 
| 215|0x0000000711300000, 0x0000000711400000, 0x0000000711400000|100%| E|CS|TAMS 0x0000000711300000, 0x0000000711400000| Complete 
| 216|0x0000000711400000, 0x0000000711500000, 0x0000000711500000|100%| E|CS|TAMS 0x0000000711400000, 0x0000000711500000| Complete 
| 217|0x0000000711500000, 0x0000000711600000, 0x0000000711600000|100%| E|CS|TAMS 0x0000000711500000, 0x0000000711600000| Complete 
| 218|0x0000000711600000, 0x0000000711700000, 0x0000000711700000|100%| E|CS|TAMS 0x0000000711600000, 0x0000000711700000| Complete 
| 219|0x0000000711700000, 0x0000000711800000, 0x0000000711800000|100%| E|CS|TAMS 0x0000000711700000, 0x0000000711800000| Complete 
| 220|0x0000000711800000, 0x0000000711900000, 0x0000000711900000|100%| E|CS|TAMS 0x0000000711800000, 0x0000000711900000| Complete 
| 221|0x0000000711900000, 0x0000000711a00000, 0x0000000711a00000|100%| E|CS|TAMS 0x0000000711900000, 0x0000000711a00000| Complete 
| 222|0x0000000711a00000, 0x0000000711b00000, 0x0000000711b00000|100%| E|CS|TAMS 0x0000000711a00000, 0x0000000711b00000| Complete 
| 223|0x0000000711b00000, 0x0000000711c00000, 0x0000000711c00000|100%| E|CS|TAMS 0x0000000711b00000, 0x0000000711c00000| Complete 
| 224|0x0000000711c00000, 0x0000000711d00000, 0x0000000711d00000|100%| E|CS|TAMS 0x0000000711c00000, 0x0000000711d00000| Complete 
| 225|0x0000000711d00000, 0x0000000711e00000, 0x0000000711e00000|100%| E|CS|TAMS 0x0000000711d00000, 0x0000000711e00000| Complete 
| 226|0x0000000711e00000, 0x0000000711f00000, 0x0000000711f00000|100%| E|CS|TAMS 0x0000000711e00000, 0x0000000711f00000| Complete 
| 227|0x0000000711f00000, 0x0000000712000000, 0x0000000712000000|100%| E|CS|TAMS 0x0000000711f00000, 0x0000000712000000| Complete 
| 228|0x0000000712000000, 0x0000000712100000, 0x0000000712100000|100%| E|CS|TAMS 0x0000000712000000, 0x0000000712100000| Complete 
| 229|0x0000000712100000, 0x0000000712200000, 0x0000000712200000|100%| E|CS|TAMS 0x0000000712100000, 0x0000000712200000| Complete 
| 230|0x0000000712200000, 0x0000000712300000, 0x0000000712300000|100%| E|CS|TAMS 0x0000000712200000, 0x0000000712300000| Complete 
| 231|0x0000000712300000, 0x0000000712400000, 0x0000000712400000|100%| E|CS|TAMS 0x0000000712300000, 0x0000000712400000| Complete 
| 232|0x0000000712400000, 0x0000000712500000, 0x0000000712500000|100%| E|CS|TAMS 0x0000000712400000, 0x0000000712500000| Complete 
| 233|0x0000000712500000, 0x0000000712600000, 0x0000000712600000|100%| E|CS|TAMS 0x0000000712500000, 0x0000000712600000| Complete 
| 234|0x0000000712600000, 0x0000000712700000, 0x0000000712700000|100%| E|CS|TAMS 0x0000000712600000, 0x0000000712700000| Complete 
| 235|0x0000000712700000, 0x0000000712800000, 0x0000000712800000|100%| E|CS|TAMS 0x0000000712700000, 0x0000000712800000| Complete 
| 236|0x0000000712800000, 0x0000000712900000, 0x0000000712900000|100%| E|CS|TAMS 0x0000000712800000, 0x0000000712900000| Complete 
| 237|0x0000000712900000, 0x0000000712a00000, 0x0000000712a00000|100%| E|CS|TAMS 0x0000000712900000, 0x0000000712a00000| Complete 
| 238|0x0000000712a00000, 0x0000000712b00000, 0x0000000712b00000|100%| E|CS|TAMS 0x0000000712a00000, 0x0000000712b00000| Complete 
| 239|0x0000000712b00000, 0x0000000712c00000, 0x0000000712c00000|100%| E|CS|TAMS 0x0000000712b00000, 0x0000000712c00000| Complete 
| 240|0x0000000712c00000, 0x0000000712d00000, 0x0000000712d00000|100%| E|CS|TAMS 0x0000000712c00000, 0x0000000712d00000| Complete 
| 241|0x0000000712d00000, 0x0000000712e00000, 0x0000000712e00000|100%| E|CS|TAMS 0x0000000712d00000, 0x0000000712e00000| Complete 
| 242|0x0000000712e00000, 0x0000000712f00000, 0x0000000712f00000|100%| E|CS|TAMS 0x0000000712e00000, 0x0000000712f00000| Complete 
| 243|0x0000000712f00000, 0x0000000713000000, 0x0000000713000000|100%| E|CS|TAMS 0x0000000712f00000, 0x0000000713000000| Complete 
| 244|0x0000000713000000, 0x0000000713100000, 0x0000000713100000|100%| E|CS|TAMS 0x0000000713000000, 0x0000000713100000| Complete 
| 245|0x0000000713100000, 0x0000000713200000, 0x0000000713200000|100%| E|CS|TAMS 0x0000000713100000, 0x0000000713200000| Complete 
| 246|0x0000000713200000, 0x0000000713300000, 0x0000000713300000|100%| E|CS|TAMS 0x0000000713200000, 0x0000000713300000| Complete 
| 247|0x0000000713300000, 0x0000000713400000, 0x0000000713400000|100%| E|CS|TAMS 0x0000000713300000, 0x0000000713400000| Complete 
| 248|0x0000000713400000, 0x0000000713500000, 0x0000000713500000|100%| E|CS|TAMS 0x0000000713400000, 0x0000000713500000| Complete 
| 249|0x0000000713500000, 0x0000000713600000, 0x0000000713600000|100%| E|CS|TAMS 0x0000000713500000, 0x0000000713600000| Complete 
| 250|0x0000000713600000, 0x0000000713700000, 0x0000000713700000|100%| E|CS|TAMS 0x0000000713600000, 0x0000000713700000| Complete 
| 251|0x0000000713700000, 0x0000000713800000, 0x0000000713800000|100%| E|CS|TAMS 0x0000000713700000, 0x0000000713800000| Complete 
| 252|0x0000000713800000, 0x0000000713900000, 0x0000000713900000|100%| E|CS|TAMS 0x0000000713800000, 0x0000000713900000| Complete 
| 253|0x0000000713900000, 0x0000000713a00000, 0x0000000713a00000|100%| E|CS|TAMS 0x0000000713900000, 0x0000000713a00000| Complete 

Card table byte_map: [0x000001d7f7590000,0x000001d7f7d80000] _byte_map_base: 0x000001d7f3d72000

Marking Bits (Prev, Next): (CMBitMap*) 0x000001d7ef3dfc38, (CMBitMap*) 0x000001d7ef3dfc70
 Prev Bits: [0x000001d7f8570000, 0x000001d7fc480000)
 Next Bits: [0x000001d78f000000, 0x000001d792f10000)

Polling page: 0x000001d7ed2c0000

Metaspace:

Usage:
  Non-class:     18.31 MB capacity,    18.02 MB ( 98%) used,   264.81 KB (  1%) free+waste,    29.56 KB ( <1%) overhead. 
      Class:      2.35 MB capacity,     2.21 MB ( 94%) used,   124.66 KB (  5%) free+waste,    12.81 KB ( <1%) overhead. 
       Both:     20.66 MB capacity,    20.23 MB ( 98%) used,   389.47 KB (  2%) free+waste,    42.38 KB ( <1%) overhead. 

Virtual space:
  Non-class space:       20.00 MB reserved,      18.42 MB ( 92%) committed 
      Class space:        1.00 GB reserved,       2.38 MB ( <1%) committed 
             Both:        1.02 GB reserved,      20.80 MB (  2%) committed 

Chunk freelists:
   Non-Class:  768 bytes
       Class:  3.38 KB
        Both:  4.12 KB

CodeHeap 'non-profiled nmethods': size=120000Kb used=928Kb max_used=928Kb free=119071Kb
 bounds [0x000001d787ad0000, 0x000001d787d40000, 0x000001d78f000000]
CodeHeap 'profiled nmethods': size=120000Kb used=4512Kb max_used=4512Kb free=115488Kb
 bounds [0x000001d7805a0000, 0x000001d780a10000, 0x000001d787ad0000]
CodeHeap 'non-nmethods': size=5760Kb used=1118Kb max_used=1145Kb free=4641Kb
 bounds [0x000001d780000000, 0x000001d780270000, 0x000001d7805a0000]
 total_blobs=2624 nmethods=2194 adapters=341
 compilation: enabled
              stopped_count=0, restarted_count=0
 full_count=0

Compilation events (10 events):
Event: 2.681 Thread 0x000001d7ff905000 nmethod 2194 0x000001d780a04690 code [0x000001d780a04880, 0x000001d780a04ea8]
Event: 2.681 Thread 0x000001d7ff905000 2195       3       com.google.inject.internal.aop.ClassBuilding::lambda$buildFastClass$4 (13 bytes)
Event: 2.681 Thread 0x000001d7ff905000 nmethod 2195 0x000001d780a05090 code [0x000001d780a05280, 0x000001d780a05728]
Event: 2.681 Thread 0x000001d7ff905000 2196       3       com.google.inject.internal.aop.ClassBuilding::signature (12 bytes)
Event: 2.682 Thread 0x000001d7ff905000 nmethod 2196 0x000001d780a05910 code [0x000001d780a05ae0, 0x000001d780a05e38]
Event: 2.682 Thread 0x000001d7ff905000 2198       3       com.google.inject.internal.asm.$Type::getMethodDescriptor (74 bytes)
Event: 2.683 Thread 0x000001d7ff905000 nmethod 2198 0x000001d780a05f90 code [0x000001d780a06220, 0x000001d780a06d38]
Event: 2.683 Thread 0x000001d7ff905000 2197       3       com.google.inject.internal.aop.FastClass::generateMethodInvoker (121 bytes)
Event: 2.683 Thread 0x000001d7ff905000 nmethod 2197 0x000001d780a07190 code [0x000001d780a073e0, 0x000001d780a07d68]
Event: 2.683 Thread 0x000001d7ff905000 2199       3       java.util.ArrayList::clear (43 bytes)

GC Heap History (3 events):
Event: 1.408 GC heap before
{Heap before GC invocations=0 (full 0):
 garbage-first heap   total 260096K, used 23552K [0x0000000703c00000, 0x0000000800000000)
  region size 1024K, 24 young (24576K), 0 survivors (0K)
 Metaspace       used 14268K, capacity 14620K, committed 14976K, reserved 1062912K
  class space    used 1438K, capacity 1559K, committed 1664K, reserved 1048576K
}
Event: 1.415 GC heap after
{Heap after GC invocations=1 (full 0):
 garbage-first heap   total 260096K, used 4214K [0x0000000703c00000, 0x0000000800000000)
  region size 1024K, 3 young (3072K), 3 survivors (3072K)
 Metaspace       used 14268K, capacity 14620K, committed 14976K, reserved 1062912K
  class space    used 1438K, capacity 1559K, committed 1664K, reserved 1048576K
}
Event: 2.684 GC heap before
{Heap before GC invocations=1 (full 0):
 garbage-first heap   total 260096K, used 57462K [0x0000000703c00000, 0x0000000800000000)
  region size 1024K, 56 young (57344K), 3 survivors (3072K)
 Metaspace       used 20719K, capacity 21151K, committed 21296K, reserved 1069056K
  class space    used 2267K, capacity 2405K, committed 2432K, reserved 1048576K
}

Deoptimization events (10 events):
Event: 1.574 Thread 0x000001d7ef37e800 Uncommon trap: reason=bimorphic_or_optimized_type_check action=maybe_recompile pc=0x000001d787b224d4 method=java.util.HashMap.getNode(ILjava/lang/Object;)Ljava/util/HashMap$Node; @ 126 c2
Event: 1.575 Thread 0x000001d7ef37e800 Uncommon trap: reason=bimorphic_or_optimized_type_check action=maybe_recompile pc=0x000001d787b224d4 method=java.util.HashMap.getNode(ILjava/lang/Object;)Ljava/util/HashMap$Node; @ 126 c2
Event: 1.602 Thread 0x000001d7ef37e800 Uncommon trap: reason=unstable_if action=reinterpret pc=0x000001d787b4e648 method=java.util.HashMap.getNode(ILjava/lang/Object;)Ljava/util/HashMap$Node; @ 129 c2
Event: 1.742 Thread 0x000001d7ef37e800 Uncommon trap: reason=unstable_if action=reinterpret pc=0x000001d787b5c344 method=java.lang.String.<init>([CIILjava/lang/Void;)V @ 5 c2
Event: 2.454 Thread 0x000001d7ef37e800 Uncommon trap: reason=unstable_if action=reinterpret pc=0x000001d787b15088 method=java.util.concurrent.ConcurrentHashMap.get(Ljava/lang/Object;)Ljava/lang/Object; @ 76 c2
Event: 2.456 Thread 0x000001d7ef37e800 Uncommon trap: reason=unstable_if action=reinterpret pc=0x000001d787b4d9e0 method=java.lang.ClassLoader.checkName(Ljava/lang/String;)Z @ 1 c2
Event: 2.463 Thread 0x000001d7ef37e800 Uncommon trap: reason=array_check action=maybe_recompile pc=0x000001d787b9e300 method=java.util.stream.Nodes$FixedNodeBuilder.accept(Ljava/lang/Object;)V @ 28 c2
Event: 2.463 Thread 0x000001d7ef37e800 Uncommon trap: reason=array_check action=maybe_recompile pc=0x000001d787b9e300 method=java.util.stream.Nodes$FixedNodeBuilder.accept(Ljava/lang/Object;)V @ 28 c2
Event: 2.463 Thread 0x000001d7ef37e800 Uncommon trap: reason=array_check action=maybe_recompile pc=0x000001d787b9e300 method=java.util.stream.Nodes$FixedNodeBuilder.accept(Ljava/lang/Object;)V @ 28 c2
Event: 2.463 Thread 0x000001d7ef37e800 Uncommon trap: reason=array_check action=maybe_recompile pc=0x000001d787b9e300 method=java.util.stream.Nodes$FixedNodeBuilder.accept(Ljava/lang/Object;)V @ 28 c2

Classes redefined (0 events):
No events

Internal exceptions (10 events):
Event: 0.802 Thread 0x000001d7ef37e800 Exception <a 'sun/nio/fs/WindowsException'{0x000000071336fc08}> (0x000000071336fc08) thrown at [./open/src/hotspot/share/prims/jni.cpp, line 611]
Event: 0.802 Thread 0x000001d7ef37e800 Exception <a 'sun/nio/fs/WindowsException'{0x00000007133700c0}> (0x00000007133700c0) thrown at [./open/src/hotspot/share/prims/jni.cpp, line 611]
Event: 0.956 Thread 0x000001d7ef37e800 Exception <a 'java/lang/NoSuchMethodError'{0x000000071305a2b8}: java.lang.invoke.DirectMethodHandle$Holder.invokeSpecialIFC(Ljava/lang/Object;Ljava/lang/Object;Ljava/lang/Object;Ljava/lang/Object;)Ljava/lang/Object;> (0x000000071305a2b8) thrown at [./open
Event: 1.371 Thread 0x000001d7ef37e800 Exception <a 'java/lang/NoSuchMethodError'{0x000000071233a830}: java.lang.invoke.DirectMethodHandle$Holder.invokeStaticInit(Ljava/lang/Object;Ljava/lang/Object;)I> (0x000000071233a830) thrown at [./open/src/hotspot/share/interpreter/linkResolver.cpp, line
Event: 1.381 Thread 0x000001d7ef37e800 Exception <a 'java/lang/NoClassDefFoundError'{0x000000071237c2e0}: javax/enterprise/inject/Typed> (0x000000071237c2e0) thrown at [./open/src/hotspot/share/classfile/systemDictionary.cpp, line 215]
Event: 2.417 Thread 0x000001d7ef37e800 Exception <a 'java/lang/NoSuchMethodError'{0x0000000710abe990}: java.lang.invoke.DirectMethodHandle$Holder.invokeStaticInit(Ljava/lang/Object;Ljava/lang/Object;Ljava/lang/Object;)V> (0x0000000710abe990) thrown at [./open/src/hotspot/share/interpreter/link
Event: 2.456 Thread 0x000001d7ef37e800 Implicit null exception at 0x000001d787b4d84f to 0x000001d787b4d9d0
Event: 2.457 Thread 0x000001d7ef37e800 Exception <a 'java/lang/NoSuchMethodError'{0x0000000710804b08}: java.lang.invoke.DirectMethodHandle$Holder.newInvokeSpecial(Ljava/lang/Object;I)Ljava/lang/Object;> (0x0000000710804b08) thrown at [./open/src/hotspot/share/interpreter/linkResolver.cpp, line
Event: 2.460 Thread 0x000001d7ef37e800 Exception <a 'java/lang/NoSuchMethodError'{0x0000000710812c38}: java.lang.invoke.Invokers$Holder.invokeExact_MT(Ljava/lang/Object;ILjava/lang/Object;)Ljava/lang/Object;> (0x0000000710812c38) thrown at [./open/src/hotspot/share/interpreter/linkResolver.cpp
Event: 2.476 Thread 0x000001d7ef37e800 Exception <a 'java/lang/NoSuchMethodError'{0x000000071087a450}: java.lang.invoke.DirectMethodHandle$Holder.invokeSpecial(Ljava/lang/Object;Ljava/lang/Object;Ljava/lang/Object;Ljava/lang/Object;)I> (0x000000071087a450) thrown at [./open/src/hotspot/share/i

Events (10 events):
Event: 2.597 loading class com/google/inject/internal/SingleParameterInjector done
Event: 2.598 loading class com/google/inject/internal/InjectorImpl$JitLimitation
Event: 2.598 loading class com/google/inject/internal/InjectorImpl$JitLimitation done
Event: 2.603 loading class com/google/inject/internal/SingleFieldInjector
Event: 2.603 loading class com/google/inject/internal/SingleFieldInjector done
Event: 2.606 loading class com/google/inject/internal/InjectorImpl$1
Event: 2.606 loading class com/google/inject/internal/InjectorImpl$1 done
Event: 2.606 loading class com/google/inject/internal/InjectorImpl$SyntheticProviderBindingImpl$1
Event: 2.606 loading class com/google/inject/internal/InjectorImpl$SyntheticProviderBindingImpl$1 done
Event: 2.684 Executing VM operation: CollectForMetadataAllocation


Dynamic libraries:
0x00007ff73b8b0000 - 0x00007ff73b8c0000 	C:\Program Files\Java\jdk-11\bin\java.exe
0x00007ff8d4b90000 - 0x00007ff8d4da7000 	C:\Windows\SYSTEM32\ntdll.dll
0x00007ff8d3170000 - 0x00007ff8d3234000 	C:\Windows\System32\KERNEL32.DLL
0x00007ff8d1f50000 - 0x00007ff8d22f7000 	C:\Windows\System32\KERNELBASE.dll
0x00007ff8d2510000 - 0x00007ff8d2621000 	C:\Windows\System32\ucrtbase.dll
0x00007ff8d1720000 - 0x00007ff8d173b000 	C:\Program Files\Java\jdk-11\bin\VCRUNTIME140.dll
0x00007ff8d1740000 - 0x00007ff8d1759000 	C:\Program Files\Java\jdk-11\bin\jli.dll
0x00007ff8d49e0000 - 0x00007ff8d4a92000 	C:\Windows\System32\ADVAPI32.dll
0x00007ff8d2c40000 - 0x00007ff8d2ce7000 	C:\Windows\System32\msvcrt.dll
0x00007ff8d4aa0000 - 0x00007ff8d4b48000 	C:\Windows\System32\sechost.dll
0x00007ff8d1f20000 - 0x00007ff8d1f48000 	C:\Windows\System32\bcrypt.dll
0x00007ff8d48c0000 - 0x00007ff8d49d5000 	C:\Windows\System32\RPCRT4.dll
0x00007ff8d2a90000 - 0x00007ff8d2c3e000 	C:\Windows\System32\USER32.dll
0x00007ff8d2810000 - 0x00007ff8d2836000 	C:\Windows\System32\win32u.dll
0x00007ff8d1210000 - 0x00007ff8d14a3000 	C:\Windows\WinSxS\amd64_microsoft.windows.common-controls_6595b64144ccf1df_6.0.22621.3527_none_270e469b73872a76\COMCTL32.dll
0x00007ff8d44c0000 - 0x00007ff8d44e9000 	C:\Windows\System32\GDI32.dll
0x00007ff8d2630000 - 0x00007ff8d2749000 	C:\Windows\System32\gdi32full.dll
0x00007ff8d2470000 - 0x00007ff8d250a000 	C:\Windows\System32\msvcp_win.dll
0x00007ff8d0800000 - 0x00007ff8d080a000 	C:\Windows\SYSTEM32\VERSION.dll
0x00007ff8d44f0000 - 0x00007ff8d4521000 	C:\Windows\System32\IMM32.DLL
0x00007ff8d1710000 - 0x00007ff8d171c000 	C:\Program Files\Java\jdk-11\bin\vcruntime140_1.dll
0x00007ff8caec0000 - 0x00007ff8caf4e000 	C:\Program Files\Java\jdk-11\bin\msvcp140.dll
0x00007ff8a4d30000 - 0x00007ff8a589e000 	C:\Program Files\Java\jdk-11\bin\server\jvm.dll
0x00007ff8d4000000 - 0x00007ff8d4008000 	C:\Windows\System32\PSAPI.DLL
0x00007ff8c4d10000 - 0x00007ff8c4d44000 	C:\Windows\SYSTEM32\WINMM.dll
0x00007ff8b9950000 - 0x00007ff8b9959000 	C:\Windows\SYSTEM32\WSOCK32.dll
0x00007ff8d2cf0000 - 0x00007ff8d2d61000 	C:\Windows\System32\WS2_32.dll
0x00007ff8cff30000 - 0x00007ff8cff48000 	C:\Windows\SYSTEM32\kernel.appcore.dll
0x00007ff8d1700000 - 0x00007ff8d1710000 	C:\Program Files\Java\jdk-11\bin\verify.dll
0x00007ff8d1810000 - 0x00007ff8d1a42000 	C:\Windows\SYSTEM32\DBGHELP.DLL
0x00007ff8d4530000 - 0x00007ff8d48b8000 	C:\Windows\System32\combase.dll
0x00007ff8d3240000 - 0x00007ff8d3317000 	C:\Windows\System32\OLEAUT32.dll
0x00007ff8d16b0000 - 0x00007ff8d16e2000 	C:\Windows\SYSTEM32\dbgcore.DLL
0x00007ff8d2840000 - 0x00007ff8d28b9000 	C:\Windows\System32\bcryptPrimitives.dll
0x00007ff8cafa0000 - 0x00007ff8cafc8000 	C:\Program Files\Java\jdk-11\bin\java.dll
0x00007ff8d0880000 - 0x00007ff8d088a000 	C:\Program Files\Java\jdk-11\bin\jimage.dll
0x00007ff8caf90000 - 0x00007ff8caf9e000 	C:\Program Files\Java\jdk-11\bin\instrument.dll
0x00007ff8cae80000 - 0x00007ff8cae97000 	C:\Program Files\Java\jdk-11\bin\zip.dll
0x00007ff8d3700000 - 0x00007ff8d3f5c000 	C:\Windows\System32\SHELL32.dll
0x00007ff8ced30000 - 0x00007ff8cf626000 	C:\Windows\SYSTEM32\windows.storage.dll
0x00007ff8cebf0000 - 0x00007ff8ced2e000 	C:\Windows\SYSTEM32\wintypes.dll
0x00007ff8d3600000 - 0x00007ff8d36f5000 	C:\Windows\System32\SHCORE.dll
0x00007ff8d3110000 - 0x00007ff8d316e000 	C:\Windows\System32\shlwapi.dll
0x00007ff8d1de0000 - 0x00007ff8d1e01000 	C:\Windows\SYSTEM32\profapi.dll
0x00007ff8ca940000 - 0x00007ff8ca959000 	C:\Program Files\Java\jdk-11\bin\net.dll
0x00007ff8cff50000 - 0x00007ff8d0086000 	C:\Windows\SYSTEM32\WINHTTP.dll
0x00007ff8d0440000 - 0x00007ff8d04a9000 	C:\Windows\system32\mswsock.dll
0x00007ff8ca920000 - 0x00007ff8ca932000 	C:\Program Files\Java\jdk-11\bin\nio.dll
0x00007ff8ca900000 - 0x00007ff8ca91a000 	C:\Users\rsaintpaul\AppData\Local\JetBrains\IntelliJ IDEA 2024.1\bin\breakgen64.dll
0x0000000069ac0000 - 0x0000000069ae4000 	C:\Users\rsaintpaul\AppData\Local\Temp\jansi-2.4.0-eb9081b26e78d426-jansi.dll

dbghelp: loaded successfully - version: 4.0.5 - missing functions: none
symbol engine: initialized successfully - sym options: 0x614 - pdb path: .;C:\Program Files\Java\jdk-11\bin;C:\Windows\SYSTEM32;C:\Windows\WinSxS\amd64_microsoft.windows.common-controls_6595b64144ccf1df_6.0.22621.3527_none_270e469b73872a76;C:\Program Files\Java\jdk-11\bin\server;C:\Users\rsaintpaul\AppData\Local\JetBrains\IntelliJ IDEA 2024.1\bin;C:\Users\rsaintpaul\AppData\Local\Temp

VM Arguments:
jvm_args: -Dmaven.multiModuleProjectDirectory=C:\Users\rsaintpaul\IdeaProjects\vertigo-bot-factory -Djansi.passthrough=true -Dmaven.home=C:\Users\rsaintpaul\AppData\Local\JetBrains\IntelliJ IDEA 2024.1\plugins\maven\lib\maven3 -Dclassworlds.conf=C:\Users\rsaintpaul\AppData\Local\JetBrains\IntelliJ IDEA 2024.1\plugins\maven\lib\maven3\bin\m2.conf -Dmaven.ext.class.path=C:\Users\rsaintpaul\AppData\Local\JetBrains\IntelliJ IDEA 2024.1\plugins\maven\lib\maven-event-listener.jar -javaagent:C:\Users\rsaintpaul\AppData\Local\JetBrains\IntelliJ IDEA 2024.1\lib\idea_rt.jar=61203:C:\Users\rsaintpaul\AppData\Local\JetBrains\IntelliJ IDEA 2024.1\bin -Dfile.encoding=UTF-8 
java_command: org.codehaus.classworlds.Launcher -Didea.version=2024.1 install
java_class_path (initial): C:\Users\rsaintpaul\AppData\Local\JetBrains\IntelliJ IDEA 2024.1\plugins\maven\lib\maven3\boot\plexus-classworlds-2.7.0.jar;C:\Users\rsaintpaul\AppData\Local\JetBrains\IntelliJ IDEA 2024.1\plugins\maven\lib\maven3\boot\plexus-classworlds.license
Launcher Type: SUN_STANDARD

[Global flags]
     intx CICompilerCount                          = 4                                         {product} {ergonomic}
     uint ConcGCThreads                            = 2                                         {product} {ergonomic}
     uint G1ConcRefinementThreads                  = 8                                         {product} {ergonomic}
   size_t G1HeapRegionSize                         = 1048576                                   {product} {ergonomic}
    uintx GCDrainStackTargetSize                   = 64                                        {product} {ergonomic}
   size_t InitialHeapSize                          = 266338304                                 {product} {ergonomic}
   size_t MarkStackSize                            = 4194304                                   {product} {ergonomic}
   size_t MaxHeapSize                              = 4232052736                                {product} {ergonomic}
   size_t MaxNewSize                               = 2538602496                                {product} {ergonomic}
   size_t MinHeapDeltaBytes                        = 1048576                                   {product} {ergonomic}
    uintx NonNMethodCodeHeapSize                   = 5836300                                {pd product} {ergonomic}
    uintx NonProfiledCodeHeapSize                  = 122910970                              {pd product} {ergonomic}
    uintx ProfiledCodeHeapSize                     = 122910970                              {pd product} {ergonomic}
    uintx ReservedCodeCacheSize                    = 251658240                              {pd product} {ergonomic}
     bool SegmentedCodeCache                       = true                                      {product} {ergonomic}
     bool UseCompressedClassPointers               = true                                 {lp64_product} {ergonomic}
     bool UseCompressedOops                        = true                                 {lp64_product} {ergonomic}
     bool UseG1GC                                  = true                                      {product} {ergonomic}
     bool UseLargePagesIndividualAllocation        = false                                  {pd product} {ergonomic}

Logging:
Log output configuration:
 #0: stdout all=warning uptime,level,tags
 #1: stderr all=off uptime,level,tags

Environment Variables:
JAVA_HOME=C:\Program Files\Java\jdk-11\bin
PATH=C:\Program Files\Common Files\Oracle\Java\javapath;C:\Windows\system32;C:\Windows;C:\Windows\System32\Wbem;C:\Windows\System32\WindowsPowerShell\v1.0\;C:\Windows\System32\OpenSSH\;C:\Program Files (x86)\Pulse Secure\VC142.CRT\X64\;C:\Program Files (x86)\Pulse Secure\VC142.CRT\X86\;C:\Program Files (x86)\Common Files\Pulse Secure\TNC Client Plugin\;C:\Program Files\Git\cmd;C:\Users\rsaintpaul\Downloads\apache-maven-3.9.6-bin\apache-maven-3.9.6\bin;C:\Users\rsaintpaul\AppData\Local\Microsoft\WindowsApps;
USERNAME=rsaintpaul
OS=Windows_NT
PROCESSOR_IDENTIFIER=Intel64 Family 6 Model 142 Stepping 12, GenuineIntel



---------------  S Y S T E M  ---------------

OS: Windows 11 , 64 bit Build 22621 (10.0.22621.3527)
Hyper-V role detected

CPU:total 8 (initial active 8) (4 cores per cpu, 2 threads per core) family 6 model 142 stepping 12 microcode 0xf8, cmov, cx8, fxsr, mmx, sse, sse2, sse3, ssse3, sse4.1, sse4.2, popcnt, avx, avx2, aes, clmul, erms, 3dnowpref, lzcnt, ht, tsc, tscinvbit, bmi1, bmi2, adx, fma

Memory: 4k page, system-wide physical 16140M (2765M free)
TotalPageFile size 23308M (AvailPageFile size 8281M)
current process WorkingSet (physical memory assigned to process): 153M, peak: 153M
current process commit charge ("private bytes"): 386M, peak: 386M

vm_info: Java HotSpot(TM) 64-Bit Server VM (11.0.22+9-LTS-219) for windows-amd64 JRE (11.0.22+9-LTS-219), built on Dec 19 2023 22:08:21 by "mach5one" with MS VC++ 17.1 (VS2022)

END.
